#
# A fatal error has been detected by the Java Runtime Environment:
#
#  SIGSEGV (0xb) at pc=0x00007fea52d01b9e, pid=2137, tid=2167
#
# JRE version: OpenJDK Runtime Environment (10.0.2+13) (build 10.0.2+13-Ubuntu-1ubuntu0.18.04.3)
# Java VM: OpenJDK 64-Bit Server VM (10.0.2+13-Ubuntu-1ubuntu0.18.04.3, mixed mode, tiered, compressed oops, g1 gc, linux-amd64)
# Problematic frame:
# v  ~BufferBlob::jni_fast_GetLongField
#
# Core dump will be written. Default location: Core dumps may be processed with "/usr/share/apport/apport %p %s %c %d %P" (or dumping to /media/gufei/gufei/java/MavenDeploy/android/core.2137)
#
# If you would like to submit a bug report, please visit:
#   http://bugreport.java.com/bugreport/crash.jsp
# The crash happened outside the Java Virtual Machine in native code.
# See problematic frame for where to report the bug.
#

---------------  S U M M A R Y ------------

Command Line: java.jar

Host: Intel(R) Core(TM) i5-7500 CPU @ 3.40GHz, 4 cores, 15G, Ubuntu 18.04.1 LTS
Time: Mon Nov 26 18:33:18 2018 CST elapsed time: 10526 seconds (0d 2h 55m 26s)

---------------  T H R E A D  ---------------

Current thread (0x00007fea6c449000):  JavaThread "AWT-XAWT" daemon [_thread_in_native, id=2167, stack(0x00007fe9e60df000,0x00007fe9e61e0000)]

Stack: [0x00007fe9e60df000,0x00007fe9e61e0000],  sp=0x00007fe9e61de878,  free space=1022k
Native frames: (J=compiled Java code, A=aot compiled Java code, j=interpreted, Vv=VM code, C=native code)
v  ~BufferBlob::jni_fast_GetLongField
C  [libX11.so.6+0x64b1d]  _XimServerDestroy+0x3d

Java frames: (J=compiled Java code, j=interpreted, Vv=VM code)
J 1732  sun.awt.X11.XlibWrapper.XFilterEvent(JJ)Z java.desktop@10.0.2 (0 bytes) @ 0x00007fea5a804e04 [0x00007fea5a804dc0+0x0000000000000044]
j  sun.awt.X11.XToolkit.run(Z)V+287 java.desktop@10.0.2
j  sun.awt.X11.XToolkit.run()V+5 java.desktop@10.0.2
j  java.lang.Thread.run()V+11 java.base@10.0.2
v  ~StubRoutines::call_stub

siginfo: si_signo: 11 (SIGSEGV), si_code: 1 (SEGV_MAPERR), si_addr: 0x0000000000000000

Register to memory mapping:

RAX=0x00007fea72188a80: <offset 0x0000000001274a80> in /usr/lib/jvm/java-11-openjdk-amd64/lib/server/libjvm.so at 0x00007fea70f14000
RBX=0x00007fea6c449200 is an unknown value
RCX=0x0000000000000000 is an unknown value
RDX=0x0000000000000042 is an unknown value
RSP=0x00007fe9e61de878 is pointing into the stack for thread: 0x00007fea6c449000
RBP=0x00007fe9e61de8a0 is pointing into the stack for thread: 0x00007fea6c449000
RSI=0x0000000000000000 is an unknown value
RDI=0x00007fea6c449200 is an unknown value
R8 =0x00007fe9ef5dd9b0: <offset 0x000000000005c9b0> in /usr/lib/x86_64-linux-gnu/libX11.so.6 at 0x00007fe9ef581000
R9 =0x0000000000000000 is an unknown value
R10=0x0000000000000228 is an unknown value
R11=0x00007fea5a804dd8 is at entry_point+24 in (nmethod*)0x00007fea5a804c10
R12=0x0000000000000000 is an unknown value
R13=0x0000000000000000 is an unknown value
R14=0x00007fe9efd2e5c0: <offset 0x00000000002635c0> in /usr/lib/jvm/java-11-openjdk-amd64/lib/libawt_xawt.so at 0x00007fe9efacb000
R15=0x00007fea6c449000 is a thread


Registers:
RAX=0x00007fea72188a80, RBX=0x00007fea6c449200, RCX=0x0000000000000000, RDX=0x0000000000000042
RSP=0x00007fe9e61de878, RBP=0x00007fe9e61de8a0, RSI=0x0000000000000000, RDI=0x00007fea6c449200
R8 =0x00007fe9ef5dd9b0, R9 =0x0000000000000000, R10=0x0000000000000228, R11=0x00007fea5a804dd8
R12=0x0000000000000000, R13=0x0000000000000000, R14=0x00007fe9efd2e5c0, R15=0x00007fea6c449000
RIP=0x00007fea52d01b9e, EFLAGS=0x0000000000010246, CSGSFS=0x002b000000000033, ERR=0x0000000000000004
  TRAPNO=0x000000000000000e

Top of Stack: (sp=0x00007fe9e61de878)
0x00007fe9e61de878:   00007fe9efb021d4 00007fea31f1afd0
0x00007fe9e61de888:   0000000000000000 00007fe9e61de948
0x00007fe9e61de898:   00007fe9e61de920 00007fe9cc012090
0x00007fe9e61de8a8:   00007fe9ef5e5b1d 00007fea31f1afd0 

Instructions: (pc=0x00007fea52d01b9e)
0x00007fea52d01b7e:   00 00 44 8b 15 fd 27 4d 1f 4c 8b ce 41 f6 c2 01
0x00007fea52d01b8e:   0f 85 32 00 00 00 4d 33 ca 4d 33 ca 49 83 e1 fe
0x00007fea52d01b9e:   4d 8b 09 4c 8b da 49 c1 eb 02 4b 8b 04 19 49 bb
0x00007fea52d01bae:   84 43 1d 72 ea 7f 00 00 4c 33 d8 4c 33 d8 45 3b 



---------------  P R O C E S S  ---------------

Threads class SMR info:
_java_thread_list=0x00007fe9c8000f10, length=17, elements={
0x00007fea6c1f6800, 0x00007fea6c1f8800, 0x00007fea6c201800, 0x00007fea6c20c000,
0x00007fea6c20e000, 0x00007fea6c210000, 0x00007fea6c211800, 0x00007fea6c28e000,
0x00007fea6c29f000, 0x00007fea6c421000, 0x00007fea6c449000, 0x00007fea6c011800,
0x00007fe9cc015800, 0x00007fe9cc14e800, 0x00007fea0c001000, 0x00007fe9c8001000,
0x00007fea0c002000
}

Java Threads: ( => current thread )
  0x00007fea6c1f6800 JavaThread "Reference Handler" daemon [_thread_blocked, id=2151, stack(0x00007fea380c7000,0x00007fea381c8000)]
  0x00007fea6c1f8800 JavaThread "Finalizer" daemon [_thread_blocked, id=2152, stack(0x00007fea316ff000,0x00007fea31800000)]
  0x00007fea6c201800 JavaThread "Signal Dispatcher" daemon [_thread_blocked, id=2153, stack(0x00007fea30c2f000,0x00007fea30d30000)]
  0x00007fea6c20c000 JavaThread "C2 CompilerThread0" daemon [_thread_blocked, id=2155, stack(0x00007fea30b2e000,0x00007fea30c2f000)]
  0x00007fea6c20e000 JavaThread "C2 CompilerThread1" daemon [_thread_blocked, id=2156, stack(0x00007fea30a2d000,0x00007fea30b2e000)]
  0x00007fea6c210000 JavaThread "C1 CompilerThread2" daemon [_thread_blocked, id=2158, stack(0x00007fea3092c000,0x00007fea30a2d000)]
  0x00007fea6c211800 JavaThread "Sweeper thread" daemon [_thread_blocked, id=2159, stack(0x00007fea3082b000,0x00007fea3092c000)]
  0x00007fea6c28e000 JavaThread "Service Thread" daemon [_thread_blocked, id=2160, stack(0x00007fea3072a000,0x00007fea3082b000)]
  0x00007fea6c29f000 JavaThread "Common-Cleaner" daemon [_thread_blocked, id=2162, stack(0x00007fea30527000,0x00007fea30628000)]
  0x00007fea6c421000 JavaThread "Java2D Disposer" daemon [_thread_blocked, id=2166, stack(0x00007fe9ec01e000,0x00007fe9ec11f000)]
=>0x00007fea6c449000 JavaThread "AWT-XAWT" daemon [_thread_in_native, id=2167, stack(0x00007fe9e60df000,0x00007fe9e61e0000)]
  0x00007fea6c011800 JavaThread "DestroyJavaVM" [_thread_blocked, id=2138, stack(0x00007fea72f3f000,0x00007fea73040000)]
  0x00007fe9cc015800 JavaThread "TimerQueue" daemon [_thread_blocked, id=2170, stack(0x00007fe9e547d000,0x00007fe9e557e000)]
  0x00007fe9cc14e800 JavaThread "pool-1-thread-1" [_thread_blocked, id=2171, stack(0x00007fe9e537c000,0x00007fe9e547d000)]
  0x00007fea0c001000 JavaThread "SIGTERM handler" daemon [_thread_blocked, id=15912, stack(0x00007fe9e5dde000,0x00007fe9e5edf000)]
  0x00007fe9c8001000 JavaThread "XToolkt-Shutdown-Thread" [_thread_blocked, id=15918, stack(0x00007fe9e5cdd000,0x00007fe9e5dde000)]
  0x00007fea0c002000 JavaThread "SIGTERM handler" daemon [_thread_blocked, id=15995, stack(0x00007fe9e57dc000,0x00007fe9e58dd000)]

Other Threads:
  0x00007fea6c1ec800 VMThread "VM Thread" [stack: 0x00007fea400c8000,0x00007fea401c8000] [id=2150]
  0x00007fea6c290000 WatcherThread [stack: 0x00007fea3062a000,0x00007fea3072a000] [id=2161]
  0x00007fea6c028000 GCTaskThread "GC Thread#0" [stack: 0x00007fea52abc000,0x00007fea52bbc000] [id=2139]
  0x00007fea6c029800 GCTaskThread "GC Thread#1" [stack: 0x00007fea529ba000,0x00007fea52aba000] [id=2140]
  0x00007fea6c02b000 GCTaskThread "GC Thread#2" [stack: 0x00007fea528b8000,0x00007fea529b8000] [id=2141]
  0x00007fea6c02c800 GCTaskThread "GC Thread#3" [stack: 0x00007fea527b6000,0x00007fea528b6000] [id=2142]
  0x00007fea6c07b000 ConcurrentGCThread "G1 Main Marker" [stack: 0x00007fea50a62000,0x00007fea50b62000] [id=2143]
  0x00007fea6c07c800 ConcurrentGCThread "G1 Conc#0" [stack: 0x00007fea50960000,0x00007fea50a60000] [id=2144]
  0x00007fea6c15b800 ConcurrentGCThread "G1 Refine#0" [stack: 0x00007fea5045a000,0x00007fea5055a000] [id=2145]
  0x00007fea6c15d800 ConcurrentGCThread "G1 Refine#1" [stack: 0x00007fea50358000,0x00007fea50458000] [id=2146]
  0x00007fea6c15f000 ConcurrentGCThread "G1 Refine#2" [stack: 0x00007fea50256000,0x00007fea50356000] [id=2147]
  0x00007fea6c161000 ConcurrentGCThread "G1 Refine#3" [stack: 0x00007fea50154000,0x00007fea50254000] [id=2148]
  0x00007fea6c162800 ConcurrentGCThread "G1 Young RemSet Sampling" [stack: 0x00007fea50052000,0x00007fea50152000] [id=2149]

Threads with active compile tasks:

VM state:not at safepoint (normal execution)

VM Mutex/Monitor currently owned by a thread: None

Heap address: 0x00000006c7200000, size: 3982 MB, Compressed Oops mode: Zero based, Oop shift amount: 3
Narrow klass base: 0x0000000000000000, Narrow klass shift: 3
Compressed class space size: 1073741824 Address: 0x00000007c0000000

Heap:
 garbage-first heap   total 256000K, used 11374K [0x00000006c7200000, 0x00000007c0000000)
  region size 1024K, 12 young (12288K), 4 survivors (4096K)
 Metaspace       used 21136K, capacity 21724K, committed 22064K, reserved 1069056K
  class space    used 2164K, capacity 2419K, committed 2432K, reserved 1048576K
Heap Regions: E=young(eden), S=young(survivor), O=old, HS=humongous(starts), HC=humongous(continues), CS=collection set, F=free, A=archive, TS=gc time stamp, AC=allocation context, TAMS=top-at-mark-start (previous, next)
|   0|0x00000006c7200000, 0x00000006c729d000, 0x00000006c7300000| 61%| O|  |TS  0|AC  0|TAMS 0x00000006c729d000, 0x00000006c729d000|
|   1|0x00000006c7300000, 0x00000006c7300000, 0x00000006c7400000|  0%| F|  |TS  0|AC  0|TAMS 0x00000006c7300000, 0x00000006c7300000|
|   2|0x00000006c7400000, 0x00000006c7400000, 0x00000006c7500000|  0%| F|  |TS  0|AC  0|TAMS 0x00000006c7400000, 0x00000006c7400000|
|   3|0x00000006c7500000, 0x00000006c7500000, 0x00000006c7600000|  0%| F|  |TS  0|AC  0|TAMS 0x00000006c7500000, 0x00000006c7500000|
|   4|0x00000006c7600000, 0x00000006c7600000, 0x00000006c7700000|  0%| F|  |TS  0|AC  0|TAMS 0x00000006c7600000, 0x00000006c7600000|
|   5|0x00000006c7700000, 0x00000006c7700000, 0x00000006c7800000|  0%| F|  |TS  0|AC  0|TAMS 0x00000006c7700000, 0x00000006c7700000|
|   6|0x00000006c7800000, 0x00000006c7800000, 0x00000006c7900000|  0%| F|  |TS  0|AC  0|TAMS 0x00000006c7800000, 0x00000006c7800000|
|   7|0x00000006c7900000, 0x00000006c7900000, 0x00000006c7a00000|  0%| F|  |TS  0|AC  0|TAMS 0x00000006c7900000, 0x00000006c7900000|
|   8|0x00000006c7a00000, 0x00000006c7a00000, 0x00000006c7b00000|  0%| F|  |TS  0|AC  0|TAMS 0x00000006c7a00000, 0x00000006c7a00000|
|   9|0x00000006c7b00000, 0x00000006c7b00000, 0x00000006c7c00000|  0%| F|  |TS  0|AC  0|TAMS 0x00000006c7b00000, 0x00000006c7b00000|
|  10|0x00000006c7c00000, 0x00000006c7c00000, 0x00000006c7d00000|  0%| F|  |TS  0|AC  0|TAMS 0x00000006c7c00000, 0x00000006c7c00000|
|  11|0x00000006c7d00000, 0x00000006c7d00000, 0x00000006c7e00000|  0%| F|  |TS  0|AC  0|TAMS 0x00000006c7d00000, 0x00000006c7d00000|
|  12|0x00000006c7e00000, 0x00000006c7e00000, 0x00000006c7f00000|  0%| F|  |TS  0|AC  0|TAMS 0x00000006c7e00000, 0x00000006c7e00000|
|  13|0x00000006c7f00000, 0x00000006c7f00000, 0x00000006c8000000|  0%| F|  |TS  0|AC  0|TAMS 0x00000006c7f00000, 0x00000006c7f00000|
|  14|0x00000006c8000000, 0x00000006c8000000, 0x00000006c8100000|  0%| F|  |TS  0|AC  0|TAMS 0x00000006c8000000, 0x00000006c8000000|
|  15|0x00000006c8100000, 0x00000006c8100000, 0x00000006c8200000|  0%| F|  |TS  0|AC  0|TAMS 0x00000006c8100000, 0x00000006c8100000|
|  16|0x00000006c8200000, 0x00000006c8200000, 0x00000006c8300000|  0%| F|  |TS  0|AC  0|TAMS 0x00000006c8200000, 0x00000006c8200000|
|  17|0x00000006c8300000, 0x00000006c8300000, 0x00000006c8400000|  0%| F|  |TS  0|AC  0|TAMS 0x00000006c8300000, 0x00000006c8300000|
|  18|0x00000006c8400000, 0x00000006c8400000, 0x00000006c8500000|  0%| F|  |TS  0|AC  0|TAMS 0x00000006c8400000, 0x00000006c8400000|
|  19|0x00000006c8500000, 0x00000006c8500000, 0x00000006c8600000|  0%| F|  |TS  0|AC  0|TAMS 0x00000006c8500000, 0x00000006c8500000|
|  20|0x00000006c8600000, 0x00000006c8600000, 0x00000006c8700000|  0%| F|  |TS  0|AC  0|TAMS 0x00000006c8600000, 0x00000006c8600000|
|  21|0x00000006c8700000, 0x00000006c8700000, 0x00000006c8800000|  0%| F|  |TS  0|AC  0|TAMS 0x00000006c8700000, 0x00000006c8700000|
|  22|0x00000006c8800000, 0x00000006c8800000, 0x00000006c8900000|  0%| F|  |TS  0|AC  0|TAMS 0x00000006c8800000, 0x00000006c8800000|
|  23|0x00000006c8900000, 0x00000006c8900000, 0x00000006c8a00000|  0%| F|  |TS  0|AC  0|TAMS 0x00000006c8900000, 0x00000006c8900000|
|  24|0x00000006c8a00000, 0x00000006c8a00000, 0x00000006c8b00000|  0%| F|  |TS  0|AC  0|TAMS 0x00000006c8a00000, 0x00000006c8a00000|
|  25|0x00000006c8b00000, 0x00000006c8b00000, 0x00000006c8c00000|  0%| F|  |TS  0|AC  0|TAMS 0x00000006c8b00000, 0x00000006c8b00000|
|  26|0x00000006c8c00000, 0x00000006c8c00000, 0x00000006c8d00000|  0%| F|  |TS  0|AC  0|TAMS 0x00000006c8c00000, 0x00000006c8c00000|
|  27|0x00000006c8d00000, 0x00000006c8d00000, 0x00000006c8e00000|  0%| F|  |TS  0|AC  0|TAMS 0x00000006c8d00000, 0x00000006c8d00000|
|  28|0x00000006c8e00000, 0x00000006c8e00000, 0x00000006c8f00000|  0%| F|  |TS  0|AC  0|TAMS 0x00000006c8e00000, 0x00000006c8e00000|
|  29|0x00000006c8f00000, 0x00000006c8f00000, 0x00000006c9000000|  0%| F|  |TS  0|AC  0|TAMS 0x00000006c8f00000, 0x00000006c8f00000|
|  30|0x00000006c9000000, 0x00000006c9000000, 0x00000006c9100000|  0%| F|  |TS  0|AC  0|TAMS 0x00000006c9000000, 0x00000006c9000000|
|  31|0x00000006c9100000, 0x00000006c9100000, 0x00000006c9200000|  0%| F|  |TS  0|AC  0|TAMS 0x00000006c9100000, 0x00000006c9100000|
|  32|0x00000006c9200000, 0x00000006c9200000, 0x00000006c9300000|  0%| F|  |TS  0|AC  0|TAMS 0x00000006c9200000, 0x00000006c9200000|
|  33|0x00000006c9300000, 0x00000006c9300000, 0x00000006c9400000|  0%| F|  |TS  0|AC  0|TAMS 0x00000006c9300000, 0x00000006c9300000|
|  34|0x00000006c9400000, 0x00000006c9400000, 0x00000006c9500000|  0%| F|  |TS  0|AC  0|TAMS 0x00000006c9400000, 0x00000006c9400000|
|  35|0x00000006c9500000, 0x00000006c9500000, 0x00000006c9600000|  0%| F|  |TS  0|AC  0|TAMS 0x00000006c9500000, 0x00000006c9500000|
|  36|0x00000006c9600000, 0x00000006c9600000, 0x00000006c9700000|  0%| F|  |TS  0|AC  0|TAMS 0x00000006c9600000, 0x00000006c9600000|
|  37|0x00000006c9700000, 0x00000006c9700000, 0x00000006c9800000|  0%| F|  |TS  0|AC  0|TAMS 0x00000006c9700000, 0x00000006c9700000|
|  38|0x00000006c9800000, 0x00000006c9800000, 0x00000006c9900000|  0%| F|  |TS  0|AC  0|TAMS 0x00000006c9800000, 0x00000006c9800000|
|  39|0x00000006c9900000, 0x00000006c9900000, 0x00000006c9a00000|  0%| F|  |TS  0|AC  0|TAMS 0x00000006c9900000, 0x00000006c9900000|
|  40|0x00000006c9a00000, 0x00000006c9a00000, 0x00000006c9b00000|  0%| F|  |TS  0|AC  0|TAMS 0x00000006c9a00000, 0x00000006c9a00000|
|  41|0x00000006c9b00000, 0x00000006c9b00000, 0x00000006c9c00000|  0%| F|  |TS  0|AC  0|TAMS 0x00000006c9b00000, 0x00000006c9b00000|
|  42|0x00000006c9c00000, 0x00000006c9c00000, 0x00000006c9d00000|  0%| F|  |TS  0|AC  0|TAMS 0x00000006c9c00000, 0x00000006c9c00000|
|  43|0x00000006c9d00000, 0x00000006c9d00000, 0x00000006c9e00000|  0%| F|  |TS  0|AC  0|TAMS 0x00000006c9d00000, 0x00000006c9d00000|
|  44|0x00000006c9e00000, 0x00000006c9e00000, 0x00000006c9f00000|  0%| F|  |TS  0|AC  0|TAMS 0x00000006c9e00000, 0x00000006c9e00000|
|  45|0x00000006c9f00000, 0x00000006c9f00000, 0x00000006ca000000|  0%| F|  |TS  0|AC  0|TAMS 0x00000006c9f00000, 0x00000006c9f00000|
|  46|0x00000006ca000000, 0x00000006ca000000, 0x00000006ca100000|  0%| F|  |TS  0|AC  0|TAMS 0x00000006ca000000, 0x00000006ca000000|
|  47|0x00000006ca100000, 0x00000006ca100000, 0x00000006ca200000|  0%| F|  |TS  0|AC  0|TAMS 0x00000006ca100000, 0x00000006ca100000|
|  48|0x00000006ca200000, 0x00000006ca200000, 0x00000006ca300000|  0%| F|  |TS  0|AC  0|TAMS 0x00000006ca200000, 0x00000006ca200000|
|  49|0x00000006ca300000, 0x00000006ca300000, 0x00000006ca400000|  0%| F|  |TS  0|AC  0|TAMS 0x00000006ca300000, 0x00000006ca300000|
|  50|0x00000006ca400000, 0x00000006ca400000, 0x00000006ca500000|  0%| F|  |TS  0|AC  0|TAMS 0x00000006ca400000, 0x00000006ca400000|
|  51|0x00000006ca500000, 0x00000006ca500000, 0x00000006ca600000|  0%| F|  |TS  0|AC  0|TAMS 0x00000006ca500000, 0x00000006ca500000|
|  52|0x00000006ca600000, 0x00000006ca600000, 0x00000006ca700000|  0%| F|  |TS  0|AC  0|TAMS 0x00000006ca600000, 0x00000006ca600000|
|  53|0x00000006ca700000, 0x00000006ca700000, 0x00000006ca800000|  0%| F|  |TS  0|AC  0|TAMS 0x00000006ca700000, 0x00000006ca700000|
|  54|0x00000006ca800000, 0x00000006ca800000, 0x00000006ca900000|  0%| F|  |TS  0|AC  0|TAMS 0x00000006ca800000, 0x00000006ca800000|
|  55|0x00000006ca900000, 0x00000006ca900000, 0x00000006caa00000|  0%| F|  |TS  0|AC  0|TAMS 0x00000006ca900000, 0x00000006ca900000|
|  56|0x00000006caa00000, 0x00000006caa00000, 0x00000006cab00000|  0%| F|  |TS  0|AC  0|TAMS 0x00000006caa00000, 0x00000006caa00000|
|  57|0x00000006cab00000, 0x00000006cab00000, 0x00000006cac00000|  0%| F|  |TS  0|AC  0|TAMS 0x00000006cab00000, 0x00000006cab00000|
|  58|0x00000006cac00000, 0x00000006cac00000, 0x00000006cad00000|  0%| F|  |TS  0|AC  0|TAMS 0x00000006cac00000, 0x00000006cac00000|
|  59|0x00000006cad00000, 0x00000006cad00000, 0x00000006cae00000|  0%| F|  |TS  0|AC  0|TAMS 0x00000006cad00000, 0x00000006cad00000|
|  60|0x00000006cae00000, 0x00000006cae00000, 0x00000006caf00000|  0%| F|  |TS  0|AC  0|TAMS 0x00000006cae00000, 0x00000006cae00000|
|  61|0x00000006caf00000, 0x00000006caf00000, 0x00000006cb000000|  0%| F|  |TS  0|AC  0|TAMS 0x00000006caf00000, 0x00000006caf00000|
|  62|0x00000006cb000000, 0x00000006cb000000, 0x00000006cb100000|  0%| F|  |TS  0|AC  0|TAMS 0x00000006cb000000, 0x00000006cb000000|
|  63|0x00000006cb100000, 0x00000006cb100000, 0x00000006cb200000|  0%| F|  |TS  0|AC  0|TAMS 0x00000006cb100000, 0x00000006cb100000|
|  64|0x00000006cb200000, 0x00000006cb200000, 0x00000006cb300000|  0%| F|  |TS  0|AC  0|TAMS 0x00000006cb200000, 0x00000006cb200000|
|  65|0x00000006cb300000, 0x00000006cb300000, 0x00000006cb400000|  0%| F|  |TS  0|AC  0|TAMS 0x00000006cb300000, 0x00000006cb300000|
|  66|0x00000006cb400000, 0x00000006cb400000, 0x00000006cb500000|  0%| F|  |TS  0|AC  0|TAMS 0x00000006cb400000, 0x00000006cb400000|
|  67|0x00000006cb500000, 0x00000006cb500000, 0x00000006cb600000|  0%| F|  |TS  0|AC  0|TAMS 0x00000006cb500000, 0x00000006cb500000|
|  68|0x00000006cb600000, 0x00000006cb600000, 0x00000006cb700000|  0%| F|  |TS  0|AC  0|TAMS 0x00000006cb600000, 0x00000006cb600000|
|  69|0x00000006cb700000, 0x00000006cb700000, 0x00000006cb800000|  0%| F|  |TS  0|AC  0|TAMS 0x00000006cb700000, 0x00000006cb700000|
|  70|0x00000006cb800000, 0x00000006cb800000, 0x00000006cb900000|  0%| F|  |TS  0|AC  0|TAMS 0x00000006cb800000, 0x00000006cb800000|
|  71|0x00000006cb900000, 0x00000006cb900000, 0x00000006cba00000|  0%| F|  |TS  0|AC  0|TAMS 0x00000006cb900000, 0x00000006cb900000|
|  72|0x00000006cba00000, 0x00000006cba00000, 0x00000006cbb00000|  0%| F|  |TS  0|AC  0|TAMS 0x00000006cba00000, 0x00000006cba00000|
|  73|0x00000006cbb00000, 0x00000006cbb00000, 0x00000006cbc00000|  0%| F|  |TS  0|AC  0|TAMS 0x00000006cbb00000, 0x00000006cbb00000|
|  74|0x00000006cbc00000, 0x00000006cbc00000, 0x00000006cbd00000|  0%| F|  |TS  0|AC  0|TAMS 0x00000006cbc00000, 0x00000006cbc00000|
|  75|0x00000006cbd00000, 0x00000006cbd00000, 0x00000006cbe00000|  0%| F|  |TS  0|AC  0|TAMS 0x00000006cbd00000, 0x00000006cbd00000|
|  76|0x00000006cbe00000, 0x00000006cbe00000, 0x00000006cbf00000|  0%| F|  |TS  0|AC  0|TAMS 0x00000006cbe00000, 0x00000006cbe00000|
|  77|0x00000006cbf00000, 0x00000006cbf00000, 0x00000006cc000000|  0%| F|  |TS  0|AC  0|TAMS 0x00000006cbf00000, 0x00000006cbf00000|
|  78|0x00000006cc000000, 0x00000006cc000000, 0x00000006cc100000|  0%| F|  |TS  0|AC  0|TAMS 0x00000006cc000000, 0x00000006cc000000|
|  79|0x00000006cc100000, 0x00000006cc100000, 0x00000006cc200000|  0%| F|  |TS  0|AC  0|TAMS 0x00000006cc100000, 0x00000006cc100000|
|  80|0x00000006cc200000, 0x00000006cc200000, 0x00000006cc300000|  0%| F|  |TS  0|AC  0|TAMS 0x00000006cc200000, 0x00000006cc200000|
|  81|0x00000006cc300000, 0x00000006cc300000, 0x00000006cc400000|  0%| F|  |TS  0|AC  0|TAMS 0x00000006cc300000, 0x00000006cc300000|
|  82|0x00000006cc400000, 0x00000006cc400000, 0x00000006cc500000|  0%| F|  |TS  0|AC  0|TAMS 0x00000006cc400000, 0x00000006cc400000|
|  83|0x00000006cc500000, 0x00000006cc500000, 0x00000006cc600000|  0%| F|  |TS  0|AC  0|TAMS 0x00000006cc500000, 0x00000006cc500000|
|  84|0x00000006cc600000, 0x00000006cc600000, 0x00000006cc700000|  0%| F|  |TS  0|AC  0|TAMS 0x00000006cc600000, 0x00000006cc600000|
|  85|0x00000006cc700000, 0x00000006cc700000, 0x00000006cc800000|  0%| F|  |TS  0|AC  0|TAMS 0x00000006cc700000, 0x00000006cc700000|
|  86|0x00000006cc800000, 0x00000006cc800000, 0x00000006cc900000|  0%| F|  |TS  0|AC  0|TAMS 0x00000006cc800000, 0x00000006cc800000|
|  87|0x00000006cc900000, 0x00000006cc900000, 0x00000006cca00000|  0%| F|  |TS  0|AC  0|TAMS 0x00000006cc900000, 0x00000006cc900000|
|  88|0x00000006cca00000, 0x00000006cca00000, 0x00000006ccb00000|  0%| F|  |TS  0|AC  0|TAMS 0x00000006cca00000, 0x00000006cca00000|
|  89|0x00000006ccb00000, 0x00000006ccb00000, 0x00000006ccc00000|  0%| F|  |TS  0|AC  0|TAMS 0x00000006ccb00000, 0x00000006ccb00000|
|  90|0x00000006ccc00000, 0x00000006ccc00000, 0x00000006ccd00000|  0%| F|  |TS  0|AC  0|TAMS 0x00000006ccc00000, 0x00000006ccc00000|
|  91|0x00000006ccd00000, 0x00000006ccd00000, 0x00000006cce00000|  0%| F|  |TS  0|AC  0|TAMS 0x00000006ccd00000, 0x00000006ccd00000|
|  92|0x00000006cce00000, 0x00000006cce00000, 0x00000006ccf00000|  0%| F|  |TS  0|AC  0|TAMS 0x00000006cce00000, 0x00000006cce00000|
|  93|0x00000006ccf00000, 0x00000006ccf00000, 0x00000006cd000000|  0%| F|  |TS  0|AC  0|TAMS 0x00000006ccf00000, 0x00000006ccf00000|
|  94|0x00000006cd000000, 0x00000006cd000000, 0x00000006cd100000|  0%| F|  |TS  0|AC  0|TAMS 0x00000006cd000000, 0x00000006cd000000|
|  95|0x00000006cd100000, 0x00000006cd100000, 0x00000006cd200000|  0%| F|  |TS  0|AC  0|TAMS 0x00000006cd100000, 0x00000006cd100000|
|  96|0x00000006cd200000, 0x00000006cd200000, 0x00000006cd300000|  0%| F|  |TS  0|AC  0|TAMS 0x00000006cd200000, 0x00000006cd200000|
|  97|0x00000006cd300000, 0x00000006cd300000, 0x00000006cd400000|  0%| F|  |TS  0|AC  0|TAMS 0x00000006cd300000, 0x00000006cd300000|
|  98|0x00000006cd400000, 0x00000006cd400000, 0x00000006cd500000|  0%| F|  |TS  0|AC  0|TAMS 0x00000006cd400000, 0x00000006cd400000|
|  99|0x00000006cd500000, 0x00000006cd500000, 0x00000006cd600000|  0%| F|  |TS  0|AC  0|TAMS 0x00000006cd500000, 0x00000006cd500000|
| 100|0x00000006cd600000, 0x00000006cd600000, 0x00000006cd700000|  0%| F|  |TS  0|AC  0|TAMS 0x00000006cd600000, 0x00000006cd600000|
| 101|0x00000006cd700000, 0x00000006cd700000, 0x00000006cd800000|  0%| F|  |TS  0|AC  0|TAMS 0x00000006cd700000, 0x00000006cd700000|
| 102|0x00000006cd800000, 0x00000006cd800000, 0x00000006cd900000|  0%| F|  |TS  0|AC  0|TAMS 0x00000006cd800000, 0x00000006cd800000|
| 103|0x00000006cd900000, 0x00000006cd900000, 0x00000006cda00000|  0%| F|  |TS  0|AC  0|TAMS 0x00000006cd900000, 0x00000006cd900000|
| 104|0x00000006cda00000, 0x00000006cda00000, 0x00000006cdb00000|  0%| F|  |TS  0|AC  0|TAMS 0x00000006cda00000, 0x00000006cda00000|
| 105|0x00000006cdb00000, 0x00000006cdb00000, 0x00000006cdc00000|  0%| F|  |TS  0|AC  0|TAMS 0x00000006cdb00000, 0x00000006cdb00000|
| 106|0x00000006cdc00000, 0x00000006cdc00000, 0x00000006cdd00000|  0%| F|  |TS  0|AC  0|TAMS 0x00000006cdc00000, 0x00000006cdc00000|
| 107|0x00000006cdd00000, 0x00000006cdd00000, 0x00000006cde00000|  0%| F|  |TS  0|AC  0|TAMS 0x00000006cdd00000, 0x00000006cdd00000|
| 108|0x00000006cde00000, 0x00000006cde00000, 0x00000006cdf00000|  0%| F|  |TS  0|AC  0|TAMS 0x00000006cde00000, 0x00000006cde00000|
| 109|0x00000006cdf00000, 0x00000006cdf00000, 0x00000006ce000000|  0%| F|  |TS  0|AC  0|TAMS 0x00000006cdf00000, 0x00000006cdf00000|
| 110|0x00000006ce000000, 0x00000006ce000000, 0x00000006ce100000|  0%| F|  |TS  0|AC  0|TAMS 0x00000006ce000000, 0x00000006ce000000|
| 111|0x00000006ce100000, 0x00000006ce100000, 0x00000006ce200000|  0%| F|  |TS  0|AC  0|TAMS 0x00000006ce100000, 0x00000006ce100000|
| 112|0x00000006ce200000, 0x00000006ce200000, 0x00000006ce300000|  0%| F|  |TS  0|AC  0|TAMS 0x00000006ce200000, 0x00000006ce200000|
| 113|0x00000006ce300000, 0x00000006ce300000, 0x00000006ce400000|  0%| F|  |TS  0|AC  0|TAMS 0x00000006ce300000, 0x00000006ce300000|
| 114|0x00000006ce400000, 0x00000006ce400000, 0x00000006ce500000|  0%| F|  |TS  0|AC  0|TAMS 0x00000006ce400000, 0x00000006ce400000|
| 115|0x00000006ce500000, 0x00000006ce500000, 0x00000006ce600000|  0%| F|  |TS  0|AC  0|TAMS 0x00000006ce500000, 0x00000006ce500000|
| 116|0x00000006ce600000, 0x00000006ce600000, 0x00000006ce700000|  0%| F|  |TS  0|AC  0|TAMS 0x00000006ce600000, 0x00000006ce600000|
| 117|0x00000006ce700000, 0x00000006ce700000, 0x00000006ce800000|  0%| F|  |TS  0|AC  0|TAMS 0x00000006ce700000, 0x00000006ce700000|
| 118|0x00000006ce800000, 0x00000006ce800000, 0x00000006ce900000|  0%| F|  |TS  0|AC  0|TAMS 0x00000006ce800000, 0x00000006ce800000|
| 119|0x00000006ce900000, 0x00000006ce900000, 0x00000006cea00000|  0%| F|  |TS  0|AC  0|TAMS 0x00000006ce900000, 0x00000006ce900000|
| 120|0x00000006cea00000, 0x00000006cea00000, 0x00000006ceb00000|  0%| F|  |TS  0|AC  0|TAMS 0x00000006cea00000, 0x00000006cea00000|
| 121|0x00000006ceb00000, 0x00000006ceb00000, 0x00000006cec00000|  0%| F|  |TS  0|AC  0|TAMS 0x00000006ceb00000, 0x00000006ceb00000|
| 122|0x00000006cec00000, 0x00000006cec00000, 0x00000006ced00000|  0%| F|  |TS  0|AC  0|TAMS 0x00000006cec00000, 0x00000006cec00000|
| 123|0x00000006ced00000, 0x00000006ced00000, 0x00000006cee00000|  0%| F|  |TS  0|AC  0|TAMS 0x00000006ced00000, 0x00000006ced00000|
| 124|0x00000006cee00000, 0x00000006cee00000, 0x00000006cef00000|  0%| F|  |TS  0|AC  0|TAMS 0x00000006cee00000, 0x00000006cee00000|
| 125|0x00000006cef00000, 0x00000006cef00000, 0x00000006cf000000|  0%| F|  |TS  0|AC  0|TAMS 0x00000006cef00000, 0x00000006cef00000|
| 126|0x00000006cf000000, 0x00000006cf000000, 0x00000006cf100000|  0%| F|  |TS  0|AC  0|TAMS 0x00000006cf000000, 0x00000006cf000000|
| 127|0x00000006cf100000, 0x00000006cf100000, 0x00000006cf200000|  0%| F|  |TS  0|AC  0|TAMS 0x00000006cf100000, 0x00000006cf100000|
| 128|0x00000006cf200000, 0x00000006cf200000, 0x00000006cf300000|  0%| F|  |TS  0|AC  0|TAMS 0x00000006cf200000, 0x00000006cf200000|
| 129|0x00000006cf300000, 0x00000006cf300000, 0x00000006cf400000|  0%| F|  |TS  0|AC  0|TAMS 0x00000006cf300000, 0x00000006cf300000|
| 130|0x00000006cf400000, 0x00000006cf400000, 0x00000006cf500000|  0%| F|  |TS  0|AC  0|TAMS 0x00000006cf400000, 0x00000006cf400000|
| 131|0x00000006cf500000, 0x00000006cf500000, 0x00000006cf600000|  0%| F|  |TS  0|AC  0|TAMS 0x00000006cf500000, 0x00000006cf500000|
| 132|0x00000006cf600000, 0x00000006cf600000, 0x00000006cf700000|  0%| F|  |TS  0|AC  0|TAMS 0x00000006cf600000, 0x00000006cf600000|
| 133|0x00000006cf700000, 0x00000006cf700000, 0x00000006cf800000|  0%| F|  |TS  0|AC  0|TAMS 0x00000006cf700000, 0x00000006cf700000|
| 134|0x00000006cf800000, 0x00000006cf800000, 0x00000006cf900000|  0%| F|  |TS  0|AC  0|TAMS 0x00000006cf800000, 0x00000006cf800000|
| 135|0x00000006cf900000, 0x00000006cf900000, 0x00000006cfa00000|  0%| F|  |TS  0|AC  0|TAMS 0x00000006cf900000, 0x00000006cf900000|
| 136|0x00000006cfa00000, 0x00000006cfa00000, 0x00000006cfb00000|  0%| F|  |TS  0|AC  0|TAMS 0x00000006cfa00000, 0x00000006cfa00000|
| 137|0x00000006cfb00000, 0x00000006cfb00000, 0x00000006cfc00000|  0%| F|  |TS  0|AC  0|TAMS 0x00000006cfb00000, 0x00000006cfb00000|
| 138|0x00000006cfc00000, 0x00000006cfc00000, 0x00000006cfd00000|  0%| F|  |TS  0|AC  0|TAMS 0x00000006cfc00000, 0x00000006cfc00000|
| 139|0x00000006cfd00000, 0x00000006cfd00000, 0x00000006cfe00000|  0%| F|  |TS  0|AC  0|TAMS 0x00000006cfd00000, 0x00000006cfd00000|
| 140|0x00000006cfe00000, 0x00000006cfe00000, 0x00000006cff00000|  0%| F|  |TS  0|AC  0|TAMS 0x00000006cfe00000, 0x00000006cfe00000|
| 141|0x00000006cff00000, 0x00000006cff00000, 0x00000006d0000000|  0%| F|  |TS  0|AC  0|TAMS 0x00000006cff00000, 0x00000006cff00000|
| 142|0x00000006d0000000, 0x00000006d0000000, 0x00000006d0100000|  0%| F|  |TS  0|AC  0|TAMS 0x00000006d0000000, 0x00000006d0000000|
| 143|0x00000006d0100000, 0x00000006d0100000, 0x00000006d0200000|  0%| F|  |TS  0|AC  0|TAMS 0x00000006d0100000, 0x00000006d0100000|
| 144|0x00000006d0200000, 0x00000006d0200000, 0x00000006d0300000|  0%| F|  |TS  0|AC  0|TAMS 0x00000006d0200000, 0x00000006d0200000|
| 145|0x00000006d0300000, 0x00000006d0300000, 0x00000006d0400000|  0%| F|  |TS  0|AC  0|TAMS 0x00000006d0300000, 0x00000006d0300000|
| 146|0x00000006d0400000, 0x00000006d0400000, 0x00000006d0500000|  0%| F|  |TS  0|AC  0|TAMS 0x00000006d0400000, 0x00000006d0400000|
| 147|0x00000006d0500000, 0x00000006d0500000, 0x00000006d0600000|  0%| F|  |TS  0|AC  0|TAMS 0x00000006d0500000, 0x00000006d0500000|
| 148|0x00000006d0600000, 0x00000006d0600000, 0x00000006d0700000|  0%| F|  |TS  0|AC  0|TAMS 0x00000006d0600000, 0x00000006d0600000|
| 149|0x00000006d0700000, 0x00000006d0700000, 0x00000006d0800000|  0%| F|  |TS  0|AC  0|TAMS 0x00000006d0700000, 0x00000006d0700000|
| 150|0x00000006d0800000, 0x00000006d0800000, 0x00000006d0900000|  0%| F|  |TS  0|AC  0|TAMS 0x00000006d0800000, 0x00000006d0800000|
| 151|0x00000006d0900000, 0x00000006d0900000, 0x00000006d0a00000|  0%| F|  |TS  0|AC  0|TAMS 0x00000006d0900000, 0x00000006d0900000|
| 152|0x00000006d0a00000, 0x00000006d0a00000, 0x00000006d0b00000|  0%| F|  |TS  0|AC  0|TAMS 0x00000006d0a00000, 0x00000006d0a00000|
| 153|0x00000006d0b00000, 0x00000006d0b00000, 0x00000006d0c00000|  0%| F|  |TS  0|AC  0|TAMS 0x00000006d0b00000, 0x00000006d0b00000|
| 154|0x00000006d0c00000, 0x00000006d0c00000, 0x00000006d0d00000|  0%| F|  |TS  0|AC  0|TAMS 0x00000006d0c00000, 0x00000006d0c00000|
| 155|0x00000006d0d00000, 0x00000006d0d00000, 0x00000006d0e00000|  0%| F|  |TS  0|AC  0|TAMS 0x00000006d0d00000, 0x00000006d0d00000|
| 156|0x00000006d0e00000, 0x00000006d0e00000, 0x00000006d0f00000|  0%| F|  |TS  0|AC  0|TAMS 0x00000006d0e00000, 0x00000006d0e00000|
| 157|0x00000006d0f00000, 0x00000006d0f00000, 0x00000006d1000000|  0%| F|  |TS  0|AC  0|TAMS 0x00000006d0f00000, 0x00000006d0f00000|
| 158|0x00000006d1000000, 0x00000006d1000000, 0x00000006d1100000|  0%| F|  |TS  0|AC  0|TAMS 0x00000006d1000000, 0x00000006d1000000|
| 159|0x00000006d1100000, 0x00000006d1100000, 0x00000006d1200000|  0%| F|  |TS  0|AC  0|TAMS 0x00000006d1100000, 0x00000006d1100000|
| 160|0x00000006d1200000, 0x00000006d1200000, 0x00000006d1300000|  0%| F|  |TS  0|AC  0|TAMS 0x00000006d1200000, 0x00000006d1200000|
| 161|0x00000006d1300000, 0x00000006d1300000, 0x00000006d1400000|  0%| F|  |TS  0|AC  0|TAMS 0x00000006d1300000, 0x00000006d1300000|
| 162|0x00000006d1400000, 0x00000006d1400000, 0x00000006d1500000|  0%| F|  |TS  0|AC  0|TAMS 0x00000006d1400000, 0x00000006d1400000|
| 163|0x00000006d1500000, 0x00000006d1500000, 0x00000006d1600000|  0%| F|  |TS  0|AC  0|TAMS 0x00000006d1500000, 0x00000006d1500000|
| 164|0x00000006d1600000, 0x00000006d1600000, 0x00000006d1700000|  0%| F|  |TS  0|AC  0|TAMS 0x00000006d1600000, 0x00000006d1600000|
| 165|0x00000006d1700000, 0x00000006d1700000, 0x00000006d1800000|  0%| F|  |TS  0|AC  0|TAMS 0x00000006d1700000, 0x00000006d1700000|
| 166|0x00000006d1800000, 0x00000006d1800000, 0x00000006d1900000|  0%| F|  |TS  0|AC  0|TAMS 0x00000006d1800000, 0x00000006d1800000|
| 167|0x00000006d1900000, 0x00000006d1900000, 0x00000006d1a00000|  0%| F|  |TS  0|AC  0|TAMS 0x00000006d1900000, 0x00000006d1900000|
| 168|0x00000006d1a00000, 0x00000006d1a00000, 0x00000006d1b00000|  0%| F|  |TS  0|AC  0|TAMS 0x00000006d1a00000, 0x00000006d1a00000|
| 169|0x00000006d1b00000, 0x00000006d1b00000, 0x00000006d1c00000|  0%| F|  |TS  0|AC  0|TAMS 0x00000006d1b00000, 0x00000006d1b00000|
| 170|0x00000006d1c00000, 0x00000006d1c00000, 0x00000006d1d00000|  0%| F|  |TS  0|AC  0|TAMS 0x00000006d1c00000, 0x00000006d1c00000|
| 171|0x00000006d1d00000, 0x00000006d1d00000, 0x00000006d1e00000|  0%| F|  |TS  0|AC  0|TAMS 0x00000006d1d00000, 0x00000006d1d00000|
| 172|0x00000006d1e00000, 0x00000006d1e00000, 0x00000006d1f00000|  0%| F|  |TS  0|AC  0|TAMS 0x00000006d1e00000, 0x00000006d1e00000|
| 173|0x00000006d1f00000, 0x00000006d1f00000, 0x00000006d2000000|  0%| F|  |TS  0|AC  0|TAMS 0x00000006d1f00000, 0x00000006d1f00000|
| 174|0x00000006d2000000, 0x00000006d2000000, 0x00000006d2100000|  0%| F|  |TS  0|AC  0|TAMS 0x00000006d2000000, 0x00000006d2000000|
| 175|0x00000006d2100000, 0x00000006d2100000, 0x00000006d2200000|  0%| F|  |TS  0|AC  0|TAMS 0x00000006d2100000, 0x00000006d2100000|
| 176|0x00000006d2200000, 0x00000006d2200000, 0x00000006d2300000|  0%| F|  |TS  0|AC  0|TAMS 0x00000006d2200000, 0x00000006d2200000|
| 177|0x00000006d2300000, 0x00000006d2300000, 0x00000006d2400000|  0%| F|  |TS  0|AC  0|TAMS 0x00000006d2300000, 0x00000006d2300000|
| 178|0x00000006d2400000, 0x00000006d2400000, 0x00000006d2500000|  0%| F|  |TS  0|AC  0|TAMS 0x00000006d2400000, 0x00000006d2400000|
| 179|0x00000006d2500000, 0x00000006d2500000, 0x00000006d2600000|  0%| F|  |TS  0|AC  0|TAMS 0x00000006d2500000, 0x00000006d2500000|
| 180|0x00000006d2600000, 0x00000006d2600000, 0x00000006d2700000|  0%| F|  |TS  0|AC  0|TAMS 0x00000006d2600000, 0x00000006d2600000|
| 181|0x00000006d2700000, 0x00000006d2700000, 0x00000006d2800000|  0%| F|  |TS  0|AC  0|TAMS 0x00000006d2700000, 0x00000006d2700000|
| 182|0x00000006d2800000, 0x00000006d2800000, 0x00000006d2900000|  0%| F|  |TS  0|AC  0|TAMS 0x00000006d2800000, 0x00000006d2800000|
| 183|0x00000006d2900000, 0x00000006d2900000, 0x00000006d2a00000|  0%| F|  |TS  0|AC  0|TAMS 0x00000006d2900000, 0x00000006d2900000|
| 184|0x00000006d2a00000, 0x00000006d2a00000, 0x00000006d2b00000|  0%| F|  |TS  0|AC  0|TAMS 0x00000006d2a00000, 0x00000006d2a00000|
| 185|0x00000006d2b00000, 0x00000006d2b00000, 0x00000006d2c00000|  0%| F|  |TS  0|AC  0|TAMS 0x00000006d2b00000, 0x00000006d2b00000|
| 186|0x00000006d2c00000, 0x00000006d2c00000, 0x00000006d2d00000|  0%| F|  |TS  0|AC  0|TAMS 0x00000006d2c00000, 0x00000006d2c00000|
| 187|0x00000006d2d00000, 0x00000006d2d00000, 0x00000006d2e00000|  0%| F|  |TS  0|AC  0|TAMS 0x00000006d2d00000, 0x00000006d2d00000|
| 188|0x00000006d2e00000, 0x00000006d2e00000, 0x00000006d2f00000|  0%| F|  |TS  0|AC  0|TAMS 0x00000006d2e00000, 0x00000006d2e00000|
| 189|0x00000006d2f00000, 0x00000006d2f00000, 0x00000006d3000000|  0%| F|  |TS  0|AC  0|TAMS 0x00000006d2f00000, 0x00000006d2f00000|
| 190|0x00000006d3000000, 0x00000006d3000000, 0x00000006d3100000|  0%| F|  |TS  0|AC  0|TAMS 0x00000006d3000000, 0x00000006d3000000|
| 191|0x00000006d3100000, 0x00000006d3100000, 0x00000006d3200000|  0%| F|  |TS  0|AC  0|TAMS 0x00000006d3100000, 0x00000006d3100000|
| 192|0x00000006d3200000, 0x00000006d3200000, 0x00000006d3300000|  0%| F|  |TS  0|AC  0|TAMS 0x00000006d3200000, 0x00000006d3200000|
| 193|0x00000006d3300000, 0x00000006d3300000, 0x00000006d3400000|  0%| F|  |TS  0|AC  0|TAMS 0x00000006d3300000, 0x00000006d3300000|
| 194|0x00000006d3400000, 0x00000006d3400000, 0x00000006d3500000|  0%| F|  |TS  0|AC  0|TAMS 0x00000006d3400000, 0x00000006d3400000|
| 195|0x00000006d3500000, 0x00000006d3500000, 0x00000006d3600000|  0%| F|  |TS  0|AC  0|TAMS 0x00000006d3500000, 0x00000006d3500000|
| 196|0x00000006d3600000, 0x00000006d3600000, 0x00000006d3700000|  0%| F|  |TS  0|AC  0|TAMS 0x00000006d3600000, 0x00000006d3600000|
| 197|0x00000006d3700000, 0x00000006d3700000, 0x00000006d3800000|  0%| F|  |TS  0|AC  0|TAMS 0x00000006d3700000, 0x00000006d3700000|
| 198|0x00000006d3800000, 0x00000006d3800000, 0x00000006d3900000|  0%| F|  |TS  0|AC  0|TAMS 0x00000006d3800000, 0x00000006d3800000|
| 199|0x00000006d3900000, 0x00000006d3900000, 0x00000006d3a00000|  0%| F|  |TS  0|AC  0|TAMS 0x00000006d3900000, 0x00000006d3900000|
| 200|0x00000006d3a00000, 0x00000006d3a00000, 0x00000006d3b00000|  0%| F|  |TS  0|AC  0|TAMS 0x00000006d3a00000, 0x00000006d3a00000|
| 201|0x00000006d3b00000, 0x00000006d3b00000, 0x00000006d3c00000|  0%| F|  |TS  0|AC  0|TAMS 0x00000006d3b00000, 0x00000006d3b00000|
| 202|0x00000006d3c00000, 0x00000006d3c00000, 0x00000006d3d00000|  0%| F|  |TS  0|AC  0|TAMS 0x00000006d3c00000, 0x00000006d3c00000|
| 203|0x00000006d3d00000, 0x00000006d3d00000, 0x00000006d3e00000|  0%| F|  |TS  0|AC  0|TAMS 0x00000006d3d00000, 0x00000006d3d00000|
| 204|0x00000006d3e00000, 0x00000006d3e00000, 0x00000006d3f00000|  0%| F|  |TS  0|AC  0|TAMS 0x00000006d3e00000, 0x00000006d3e00000|
| 205|0x00000006d3f00000, 0x00000006d3f00000, 0x00000006d4000000|  0%| F|  |TS  0|AC  0|TAMS 0x00000006d3f00000, 0x00000006d3f00000|
| 206|0x00000006d4000000, 0x00000006d4000000, 0x00000006d4100000|  0%| F|  |TS  0|AC  0|TAMS 0x00000006d4000000, 0x00000006d4000000|
| 207|0x00000006d4100000, 0x00000006d4100000, 0x00000006d4200000|  0%| F|  |TS  0|AC  0|TAMS 0x00000006d4100000, 0x00000006d4100000|
| 208|0x00000006d4200000, 0x00000006d4200000, 0x00000006d4300000|  0%| F|  |TS  0|AC  0|TAMS 0x00000006d4200000, 0x00000006d4200000|
| 209|0x00000006d4300000, 0x00000006d4300000, 0x00000006d4400000|  0%| F|  |TS  0|AC  0|TAMS 0x00000006d4300000, 0x00000006d4300000|
| 210|0x00000006d4400000, 0x00000006d4400000, 0x00000006d4500000|  0%| F|  |TS  0|AC  0|TAMS 0x00000006d4400000, 0x00000006d4400000|
| 211|0x00000006d4500000, 0x00000006d4500000, 0x00000006d4600000|  0%| F|  |TS  0|AC  0|TAMS 0x00000006d4500000, 0x00000006d4500000|
| 212|0x00000006d4600000, 0x00000006d4600000, 0x00000006d4700000|  0%| F|  |TS  0|AC  0|TAMS 0x00000006d4600000, 0x00000006d4600000|
| 213|0x00000006d4700000, 0x00000006d4700000, 0x00000006d4800000|  0%| F|  |TS  0|AC  0|TAMS 0x00000006d4700000, 0x00000006d4700000|
| 214|0x00000006d4800000, 0x00000006d4800000, 0x00000006d4900000|  0%| F|  |TS  0|AC  0|TAMS 0x00000006d4800000, 0x00000006d4800000|
| 215|0x00000006d4900000, 0x00000006d4900000, 0x00000006d4a00000|  0%| F|  |TS  0|AC  0|TAMS 0x00000006d4900000, 0x00000006d4900000|
| 216|0x00000006d4a00000, 0x00000006d4a00000, 0x00000006d4b00000|  0%| F|  |TS  0|AC  0|TAMS 0x00000006d4a00000, 0x00000006d4a00000|
| 217|0x00000006d4b00000, 0x00000006d4b00000, 0x00000006d4c00000|  0%| F|  |TS  0|AC  0|TAMS 0x00000006d4b00000, 0x00000006d4b00000|
| 218|0x00000006d4c00000, 0x00000006d4c00000, 0x00000006d4d00000|  0%| F|  |TS  0|AC  0|TAMS 0x00000006d4c00000, 0x00000006d4c00000|
| 219|0x00000006d4d00000, 0x00000006d4d00000, 0x00000006d4e00000|  0%| F|  |TS  0|AC  0|TAMS 0x00000006d4d00000, 0x00000006d4d00000|
| 220|0x00000006d4e00000, 0x00000006d4e00000, 0x00000006d4f00000|  0%| F|  |TS  0|AC  0|TAMS 0x00000006d4e00000, 0x00000006d4e00000|
| 221|0x00000006d4f00000, 0x00000006d4f00000, 0x00000006d5000000|  0%| F|  |TS  0|AC  0|TAMS 0x00000006d4f00000, 0x00000006d4f00000|
| 222|0x00000006d5000000, 0x00000006d5000000, 0x00000006d5100000|  0%| F|  |TS  0|AC  0|TAMS 0x00000006d5000000, 0x00000006d5000000|
| 223|0x00000006d5100000, 0x00000006d5100000, 0x00000006d5200000|  0%| F|  |TS  0|AC  0|TAMS 0x00000006d5100000, 0x00000006d5100000|
| 224|0x00000006d5200000, 0x00000006d5200000, 0x00000006d5300000|  0%| F|  |TS  0|AC  0|TAMS 0x00000006d5200000, 0x00000006d5200000|
| 225|0x00000006d5300000, 0x00000006d5300000, 0x00000006d5400000|  0%| F|  |TS  0|AC  0|TAMS 0x00000006d5300000, 0x00000006d5300000|
| 226|0x00000006d5400000, 0x00000006d5400000, 0x00000006d5500000|  0%| F|  |TS  0|AC  0|TAMS 0x00000006d5400000, 0x00000006d5400000|
| 227|0x00000006d5500000, 0x00000006d5500000, 0x00000006d5600000|  0%| F|  |TS  0|AC  0|TAMS 0x00000006d5500000, 0x00000006d5500000|
| 228|0x00000006d5600000, 0x00000006d5600000, 0x00000006d5700000|  0%| F|  |TS  0|AC  0|TAMS 0x00000006d5600000, 0x00000006d5600000|
| 229|0x00000006d5700000, 0x00000006d5700000, 0x00000006d5800000|  0%| F|  |TS  0|AC  0|TAMS 0x00000006d5700000, 0x00000006d5700000|
| 230|0x00000006d5800000, 0x00000006d5800000, 0x00000006d5900000|  0%| F|  |TS  0|AC  0|TAMS 0x00000006d5800000, 0x00000006d5800000|
| 231|0x00000006d5900000, 0x00000006d5900000, 0x00000006d5a00000|  0%| F|  |TS  0|AC  0|TAMS 0x00000006d5900000, 0x00000006d5900000|
| 232|0x00000006d5a00000, 0x00000006d5a7e8d8, 0x00000006d5b00000| 49%| S|CS|TS  0|AC  0|TAMS 0x00000006d5a00000, 0x00000006d5a00000|
| 233|0x00000006d5b00000, 0x00000006d5c00000, 0x00000006d5c00000|100%| S|CS|TS  0|AC  0|TAMS 0x00000006d5b00000, 0x00000006d5b00000|
| 234|0x00000006d5c00000, 0x00000006d5c00000, 0x00000006d5d00000|  0%| F|  |TS  0|AC  0|TAMS 0x00000006d5c00000, 0x00000006d5c00000|
| 235|0x00000006d5d00000, 0x00000006d5d00000, 0x00000006d5e00000|  0%| F|  |TS  0|AC  0|TAMS 0x00000006d5d00000, 0x00000006d5d00000|
| 236|0x00000006d5e00000, 0x00000006d5f00000, 0x00000006d5f00000|100%| S|CS|TS  0|AC  0|TAMS 0x00000006d5e00000, 0x00000006d5e00000|
| 237|0x00000006d5f00000, 0x00000006d6000000, 0x00000006d6000000|100%| S|CS|TS  0|AC  0|TAMS 0x00000006d5f00000, 0x00000006d5f00000|
| 238|0x00000006d6000000, 0x00000006d6000000, 0x00000006d6100000|  0%| F|  |TS  0|AC  0|TAMS 0x00000006d6000000, 0x00000006d6000000|
| 239|0x00000006d6100000, 0x00000006d6100000, 0x00000006d6200000|  0%| F|  |TS  0|AC  0|TAMS 0x00000006d6100000, 0x00000006d6100000|
| 240|0x00000006d6200000, 0x00000006d6200000, 0x00000006d6300000|  0%| F|  |TS  0|AC  0|TAMS 0x00000006d6200000, 0x00000006d6200000|
| 241|0x00000006d6300000, 0x00000006d6300000, 0x00000006d6400000|  0%| F|  |TS  0|AC  0|TAMS 0x00000006d6300000, 0x00000006d6300000|
| 242|0x00000006d6400000, 0x00000006d6500000, 0x00000006d6500000|100%| E|  |TS  0|AC  0|TAMS 0x00000006d6400000, 0x00000006d6400000|
| 243|0x00000006d6500000, 0x00000006d6600000, 0x00000006d6600000|100%| E|CS|TS  0|AC  0|TAMS 0x00000006d6500000, 0x00000006d6500000|
| 244|0x00000006d6600000, 0x00000006d6700000, 0x00000006d6700000|100%| E|CS|TS  0|AC  0|TAMS 0x00000006d6600000, 0x00000006d6600000|
| 245|0x00000006d6700000, 0x00000006d6800000, 0x00000006d6800000|100%| E|CS|TS  0|AC  0|TAMS 0x00000006d6700000, 0x00000006d6700000|
| 246|0x00000006d6800000, 0x00000006d6900000, 0x00000006d6900000|100%| E|CS|TS  0|AC  0|TAMS 0x00000006d6800000, 0x00000006d6800000|
| 247|0x00000006d6900000, 0x00000006d6a00000, 0x00000006d6a00000|100%| E|CS|TS  0|AC  0|TAMS 0x00000006d6900000, 0x00000006d6900000|
| 248|0x00000006d6a00000, 0x00000006d6b00000, 0x00000006d6b00000|100%| E|CS|TS  0|AC  0|TAMS 0x00000006d6a00000, 0x00000006d6a00000|
| 249|0x00000006d6b00000, 0x00000006d6c00000, 0x00000006d6c00000|100%| E|CS|TS  0|AC  0|TAMS 0x00000006d6b00000, 0x00000006d6b00000|

Card table byte_map: [0x00007fea51422000,0x00007fea51be9000] byte_map_base: 0x00007fea4dde9000

Marking Bits (Prev, Next): (CMBitMap*) 0x00007fea6c07a1a8, (CMBitMap*) 0x00007fea6c07a170
 Prev Bits: [0x00007fea381c8000, 0x00007fea3c000000)
 Next Bits: [0x00007fea401c8000, 0x00007fea44000000)

Polling page: 0x00007fea7305a000

CodeHeap 'non-profiled nmethods': size=120032Kb used=923Kb max_used=923Kb free=119108Kb
 bounds [0x00007fea5a76f000, 0x00007fea5a9df000, 0x00007fea61ca7000]
CodeHeap 'profiled nmethods': size=120032Kb used=4855Kb max_used=4855Kb free=115176Kb
 bounds [0x00007fea53237000, 0x00007fea536f7000, 0x00007fea5a76f000]
CodeHeap 'non-nmethods': size=5696Kb used=1260Kb max_used=1293Kb free=4435Kb
 bounds [0x00007fea52ca7000, 0x00007fea52f17000, 0x00007fea53237000]
 total_blobs=3626 nmethods=2464 adapters=594
 compilation: enabled

Compilation events (10 events):
Event: 9843.428 Thread 0x00007fea6c210000 2462       3       sun.awt.X11.XEvent::get_xclient (22 bytes)
Event: 9843.429 Thread 0x00007fea6c210000 nmethod 2462 0x00007fea536f1810 code [0x00007fea536f1a20, 0x00007fea536f2058]
Event: 9843.429 Thread 0x00007fea6c210000 2463       3       sun.awt.X11.XClientMessageEvent::<init> (30 bytes)
Event: 9843.430 Thread 0x00007fea6c210000 nmethod 2463 0x00007fea536f2290 code [0x00007fea536f2480, 0x00007fea536f2888]
Event: 9843.430 Thread 0x00007fea6c210000 2464       3       sun.awt.X11.XDragAndDropProtocols::getDropTargetProtocols (9 bytes)
Event: 9843.431 Thread 0x00007fea6c210000 nmethod 2464 0x00007fea536f2a10 code [0x00007fea536f2c00, 0x00007fea536f30e8]
Event: 9843.431 Thread 0x00007fea6c210000 2465       3       sun.awt.X11.XDnDDropTargetProtocol::getMessageType (59 bytes)
Event: 9843.433 Thread 0x00007fea6c210000 nmethod 2465 0x00007fea536f3290 code [0x00007fea536f34c0, 0x00007fea536f3ba8]
Event: 9843.433 Thread 0x00007fea6c210000 2466       3       sun.awt.X11.MotifDnDDropTargetProtocol::getMessageType (98 bytes)
Event: 9843.435 Thread 0x00007fea6c210000 nmethod 2466 0x00007fea536f3e90 code [0x00007fea536f40e0, 0x00007fea536f4958]

GC Heap History (4 events):
Event: 0.490 GC heap before
{Heap before GC invocations=0 (full 0):
 garbage-first heap   total 256000K, used 14336K [0x00000006c7200000, 0x00000007c0000000)
  region size 1024K, 14 young (14336K), 0 survivors (0K)
 Metaspace       used 15570K, capacity 16025K, committed 16256K, reserved 1062912K
  class space    used 1675K, capacity 1911K, committed 1920K, reserved 1048576K
}
Event: 0.496 GC heap after
{Heap after GC invocations=1 (full 0):
 garbage-first heap   total 256000K, used 2676K [0x00000006c7200000, 0x00000007c0000000)
  region size 1024K, 2 young (2048K), 2 survivors (2048K)
 Metaspace       used 15570K, capacity 16025K, committed 16256K, reserved 1062912K
  class space    used 1675K, capacity 1911K, committed 1920K, reserved 1048576K
}
Event: 13.530 GC heap before
{Heap before GC invocations=1 (full 0):
 garbage-first heap   total 256000K, used 13940K [0x00000006c7200000, 0x00000007c0000000)
  region size 1024K, 14 young (14336K), 2 survivors (2048K)
 Metaspace       used 20437K, capacity 21009K, committed 21296K, reserved 1069056K
  class space    used 2106K, capacity 2374K, committed 2432K, reserved 1048576K
}
Event: 13.536 GC heap after
{Heap after GC invocations=2 (full 0):
 garbage-first heap   total 256000K, used 4206K [0x00000006c7200000, 0x00000007c0000000)
  region size 1024K, 4 young (4096K), 4 survivors (4096K)
 Metaspace       used 20437K, capacity 21009K, committed 21296K, reserved 1069056K
  class space    used 2106K, capacity 2374K, committed 2432K, reserved 1048576K
}

Deoptimization events (10 events):
Event: 0.582 Thread 0x00007fea6c011800 Uncommon trap: reason=class_check action=maybe_recompile pc=0x00007fea5a7cc750 method=java.lang.String.equals(Ljava/lang/Object;)Z @ 8 c2
Event: 0.606 Thread 0x00007fea6c4c7800 Uncommon trap: reason=unstable_if action=reinterpret pc=0x00007fea5a7d82e8 method=java.lang.String.substring(II)Ljava/lang/String; @ 31 c2
Event: 5.086 Thread 0x00007fea6c4c7800 Uncommon trap: reason=unstable_if action=reinterpret pc=0x00007fea5a7d6c44 method=java.lang.ThreadLocal.get()Ljava/lang/Object; @ 11 c2
Event: 13.481 Thread 0x00007fe9cc14e800 Uncommon trap: reason=unstable_if action=reinterpret pc=0x00007fea5a7a3088 method=jdk.internal.org.objectweb.asm.Type.getArgumentsAndReturnSizes(Ljava/lang/String;)I @ 88 c2
Event: 13.497 Thread 0x00007fe9cc14e800 Uncommon trap: reason=unstable_if action=reinterpret pc=0x00007fea5a785dd4 method=java.lang.StringLatin1.canEncode(I)Z @ 4 c2
Event: 15.388 Thread 0x00007fea6c4c7800 Uncommon trap: reason=bimorphic_or_optimized_type_check action=maybe_recompile pc=0x00007fea5a807560 method=java.util.HashMap.putVal(ILjava/lang/Object;Ljava/lang/Object;ZZ)Ljava/lang/Object; @ 253 c2
Event: 15.389 Thread 0x00007fea6c4c7800 Uncommon trap: reason=bimorphic_or_optimized_type_check action=maybe_recompile pc=0x00007fea5a807560 method=java.util.HashMap.putVal(ILjava/lang/Object;Ljava/lang/Object;ZZ)Ljava/lang/Object; @ 253 c2
Event: 15.390 Thread 0x00007fea6c4c7800 Uncommon trap: reason=bimorphic_or_optimized_type_check action=maybe_recompile pc=0x00007fea5a807560 method=java.util.HashMap.putVal(ILjava/lang/Object;Ljava/lang/Object;ZZ)Ljava/lang/Object; @ 253 c2
Event: 15.391 Thread 0x00007fea6c4c7800 Uncommon trap: reason=bimorphic_or_optimized_type_check action=maybe_recompile pc=0x00007fea5a807560 method=java.util.HashMap.putVal(ILjava/lang/Object;Ljava/lang/Object;ZZ)Ljava/lang/Object; @ 253 c2
Event: 148.080 Thread 0x00007fea6c4c7800 Uncommon trap: reason=unstable_if action=reinterpret pc=0x00007fea5a812860 method=java.util.concurrent.locks.ReentrantLock$Sync.nonfairTryAcquire(I)Z @ 19 c2

Classes redefined (0 events):
No events

Internal exceptions (10 events):
Event: 5.086 Thread 0x00007fea6c4c7800 Implicit null exception at 0x00007fea5a7d6afc to 0x00007fea5a7d6c2e
Event: 5.196 Thread 0x00007fea6c4c7800 Exception <a 'java/lang/UnsupportedOperationException'{0x00000006d62e58d0}: > (0x00000006d62e58d0) thrown at [/build/openjdk-lts-HXybSI/openjdk-lts-10.0.2+13/src/hotspot/share/prims/jni.cpp, line 632]
Event: 13.484 Thread 0x00007fe9cc14e800 Exception <a 'java/lang/NoSuchMethodError'{0x00000006d618d708}: java.lang.Object.lambda$union$2(Ljava/util/regex/Pattern$CharPredicate;I)Z> (0x00000006d618d708) thrown at [/build/openjdk-lts-HXybSI/openjdk-lts-10.0.2+13/src/hotspot/share/interpreter/linkR
Event: 13.527 Thread 0x00007fe9cc14e800 Exception <a 'java/lang/NoSuchMethodError'{0x00000006d61e9a48}: method resolution failed> (0x00000006d61e9a48) thrown at [/build/openjdk-lts-HXybSI/openjdk-lts-10.0.2+13/src/hotspot/share/prims/methodHandles.cpp, line 1226]
Event: 13.527 Thread 0x00007fe9cc14e800 Exception <a 'java/lang/NoSuchMethodError'{0x00000006d61ece78}: java.lang.invoke.DirectMethodHandle$Holder.invokeStaticInit(Ljava/lang/Object;Ljava/lang/Object;JLjava/lang/Object;)Ljava/lang/Object;> (0x00000006d61ece78) thrown at [/build/openjdk-lts-HXyb
Event: 13.527 Thread 0x00007fe9cc14e800 Exception <a 'java/lang/NoSuchMethodError'{0x00000006d61f2bb0}: java.lang.invoke.DirectMethodHandle$Holder.invokeStatic(Ljava/lang/Object;Ljava/lang/Object;J)Ljava/lang/Object;> (0x00000006d61f2bb0) thrown at [/build/openjdk-lts-HXybSI/openjdk-lts-10.0.2+
Event: 13.527 Thread 0x00007fe9cc14e800 Exception <a 'java/lang/NoSuchMethodError'{0x00000006d61f6190}: method resolution failed> (0x00000006d61f6190) thrown at [/build/openjdk-lts-HXybSI/openjdk-lts-10.0.2+13/src/hotspot/share/prims/methodHandles.cpp, line 1226]
Event: 13.528 Thread 0x00007fe9cc14e800 Exception <a 'java/lang/NoSuchMethodError'{0x00000006d61ffb70}: java.lang.invoke.DirectMethodHandle$Holder.invokeStatic(Ljava/lang/Object;Ljava/lang/Object;Ljava/lang/Object;I)Ljava/lang/Object;> (0x00000006d61ffb70) thrown at [/build/openjdk-lts-HXybSI/o
Event: 13.529 Thread 0x00007fe9cc14e800 Exception <a 'java/lang/NoSuchMethodError'{0x00000006d6003c08}: java.lang.invoke.DirectMethodHandle$Holder.invokeSpecial(Ljava/lang/Object;Ljava/lang/Object;Ljava/lang/Object;Ljava/lang/Object;I)Ljava/lang/Object;> (0x00000006d6003c08) thrown at [/build/o
Event: 152.458 Thread 0x00007fea6c4c7800 Exception <a 'java/lang/UnsupportedOperationException'{0x00000006d672c380}: > (0x00000006d672c380) thrown at [/build/openjdk-lts-HXybSI/openjdk-lts-10.0.2+13/src/hotspot/share/prims/jni.cpp, line 632]

Events (10 events):
Event: 159.959 Executing VM operation: RevokeBias
Event: 159.959 Executing VM operation: RevokeBias done
Event: 159.959 Thread 0x00007fe9d400b800 Thread exited: 0x00007fe9d400b800
Event: 159.959 Thread 0x00007fe9d400a800 Thread exited: 0x00007fe9d400a800
Event: 1695.495 loading class sun/awt/X11/XkbEvent
Event: 1695.495 loading class sun/awt/X11/XkbEvent done
Event: 1695.495 loading class sun/awt/X11/XkbAnyEvent
Event: 1695.496 loading class sun/awt/X11/XkbAnyEvent done
Event: 10526.382 loading class jdk/internal/misc/Signal$1
Event: 10526.392 loading class jdk/internal/misc/Signal$1 done


Dynamic libraries:
6c7200000-6d6c00000 rw-p 00000000 00:00 0 
6d6c00000-7c0000000 ---p 00000000 00:00 0 
7c0000000-7c0260000 rw-p 00000000 00:00 0 
7c0260000-800000000 ---p 00000000 00:00 0 
55ea33447000-55ea33448000 r-xp 00000000 08:02 3935144                    /usr/lib/jvm/java-11-openjdk-amd64/bin/java
55ea33648000-55ea33649000 r--p 00001000 08:02 3935144                    /usr/lib/jvm/java-11-openjdk-amd64/bin/java
55ea33649000-55ea3364a000 rw-p 00002000 08:02 3935144                    /usr/lib/jvm/java-11-openjdk-amd64/bin/java
55ea337d4000-55ea33862000 rw-p 00000000 00:00 0                          [heap]
7fe9c0000000-7fe9c0021000 rw-p 00000000 00:00 0 
7fe9c0021000-7fe9c4000000 ---p 00000000 00:00 0 
7fe9c8000000-7fe9c8021000 rw-p 00000000 00:00 0 
7fe9c8021000-7fe9cc000000 ---p 00000000 00:00 0 
7fe9cc000000-7fe9cc165000 rw-p 00000000 00:00 0 
7fe9cc165000-7fe9d0000000 ---p 00000000 00:00 0 
7fe9d0000000-7fe9d0021000 rw-p 00000000 00:00 0 
7fe9d0021000-7fe9d4000000 ---p 00000000 00:00 0 
7fe9d4000000-7fe9d4021000 rw-p 00000000 00:00 0 
7fe9d4021000-7fe9d8000000 ---p 00000000 00:00 0 
7fe9d8000000-7fe9d8021000 rw-p 00000000 00:00 0 
7fe9d8021000-7fe9dc000000 ---p 00000000 00:00 0 
7fe9dc000000-7fe9dc021000 rw-p 00000000 00:00 0 
7fe9dc021000-7fe9e0000000 ---p 00000000 00:00 0 
7fe9e0000000-7fe9e0021000 rw-p 00000000 00:00 0 
7fe9e0021000-7fe9e4000000 ---p 00000000 00:00 0 
7fe9e507b000-7fe9e507f000 ---p 00000000 00:00 0 
7fe9e507f000-7fe9e52a8000 rw-p 00000000 00:00 0 
7fe9e52a8000-7fe9e537c000 ---p 00000000 00:00 0 
7fe9e537c000-7fe9e5380000 ---p 00000000 00:00 0 
7fe9e5380000-7fe9e547d000 rw-p 00000000 00:00 0 
7fe9e547d000-7fe9e5481000 ---p 00000000 00:00 0 
7fe9e5481000-7fe9e577e000 rw-p 00000000 00:00 0 
7fe9e57dc000-7fe9e57e0000 ---p 00000000 00:00 0 
7fe9e57e0000-7fe9e5add000 rw-p 00000000 00:00 0 
7fe9e5add000-7fe9e5cdd000 rw-p 00000000 00:00 0 
7fe9e5cdd000-7fe9e5ce1000 ---p 00000000 00:00 0 
7fe9e5ce1000-7fe9e5dde000 rw-p 00000000 00:00 0 
7fe9e5dde000-7fe9e5de2000 ---p 00000000 00:00 0 
7fe9e5de2000-7fe9e60df000 rw-p 00000000 00:00 0 
7fe9e60df000-7fe9e60e3000 ---p 00000000 00:00 0 
7fe9e60e3000-7fe9e61e0000 rw-p 00000000 00:00 0 
7fe9e61e0000-7fe9e61e5000 r-xp 00000000 08:02 3940211                    /usr/lib/x86_64-linux-gnu/libXfixes.so.3.1.0
7fe9e61e5000-7fe9e63e4000 ---p 00005000 08:02 3940211                    /usr/lib/x86_64-linux-gnu/libXfixes.so.3.1.0
7fe9e63e4000-7fe9e63e5000 r--p 00004000 08:02 3940211                    /usr/lib/x86_64-linux-gnu/libXfixes.so.3.1.0
7fe9e63e5000-7fe9e63e6000 rw-p 00005000 08:02 3940211                    /usr/lib/x86_64-linux-gnu/libXfixes.so.3.1.0
7fe9e63e6000-7fe9e63ef000 r-xp 00000000 08:02 3940203                    /usr/lib/x86_64-linux-gnu/libXcursor.so.1.0.2
7fe9e63ef000-7fe9e65ee000 ---p 00009000 08:02 3940203                    /usr/lib/x86_64-linux-gnu/libXcursor.so.1.0.2
7fe9e65ee000-7fe9e65ef000 r--p 00008000 08:02 3940203                    /usr/lib/x86_64-linux-gnu/libXcursor.so.1.0.2
7fe9e65ef000-7fe9e65f0000 rw-p 00009000 08:02 3940203                    /usr/lib/x86_64-linux-gnu/libXcursor.so.1.0.2
7fe9e65f0000-7fe9e65f1000 ---p 00000000 00:00 0 
7fe9e65f1000-7fe9e6df1000 rw-p 00000000 00:00 0 
7fe9e6df1000-7fe9e6df2000 ---p 00000000 00:00 0 
7fe9e6df2000-7fe9e75f2000 rw-p 00000000 00:00 0 
7fe9e75f2000-7fe9e75f3000 ---p 00000000 00:00 0 
7fe9e75f3000-7fe9e7df3000 rw-p 00000000 00:00 0 
7fe9e7df3000-7fe9e7dff000 r-xp 00000000 08:02 4196967                    /usr/lib/x86_64-linux-gnu/gio/modules/libdconfsettings.so
7fe9e7dff000-7fe9e7ffe000 ---p 0000c000 08:02 4196967                    /usr/lib/x86_64-linux-gnu/gio/modules/libdconfsettings.so
7fe9e7ffe000-7fe9e7fff000 r--p 0000b000 08:02 4196967                    /usr/lib/x86_64-linux-gnu/gio/modules/libdconfsettings.so
7fe9e7fff000-7fe9e8000000 rw-p 0000c000 08:02 4196967                    /usr/lib/x86_64-linux-gnu/gio/modules/libdconfsettings.so
7fe9e8000000-7fe9e8021000 rw-p 00000000 00:00 0 
7fe9e8021000-7fe9ec000000 ---p 00000000 00:00 0 
7fe9ec01e000-7fe9ec022000 ---p 00000000 00:00 0 
7fe9ec022000-7fe9ec11f000 rw-p 00000000 00:00 0 
7fe9ec11f000-7fe9ec125000 r-xp 00000000 08:02 262150                     /lib/x86_64-linux-gnu/libuuid.so.1.3.0
7fe9ec125000-7fe9ec324000 ---p 00006000 08:02 262150                     /lib/x86_64-linux-gnu/libuuid.so.1.3.0
7fe9ec324000-7fe9ec325000 r--p 00005000 08:02 262150                     /lib/x86_64-linux-gnu/libuuid.so.1.3.0
7fe9ec325000-7fe9ec326000 rw-p 00006000 08:02 262150                     /lib/x86_64-linux-gnu/libuuid.so.1.3.0
7fe9ec326000-7fe9ec36d000 r-xp 00000000 08:02 262167                     /lib/x86_64-linux-gnu/libblkid.so.1.1.0
7fe9ec36d000-7fe9ec56d000 ---p 00047000 08:02 262167                     /lib/x86_64-linux-gnu/libblkid.so.1.1.0
7fe9ec56d000-7fe9ec571000 r--p 00047000 08:02 262167                     /lib/x86_64-linux-gnu/libblkid.so.1.1.0
7fe9ec571000-7fe9ec572000 rw-p 0004b000 08:02 262167                     /lib/x86_64-linux-gnu/libblkid.so.1.1.0
7fe9ec572000-7fe9ec573000 rw-p 00000000 00:00 0 
7fe9ec573000-7fe9ec5e3000 r-xp 00000000 08:02 267016                     /lib/x86_64-linux-gnu/libpcre.so.3.13.3
7fe9ec5e3000-7fe9ec7e3000 ---p 00070000 08:02 267016                     /lib/x86_64-linux-gnu/libpcre.so.3.13.3
7fe9ec7e3000-7fe9ec7e4000 r--p 00070000 08:02 267016                     /lib/x86_64-linux-gnu/libpcre.so.3.13.3
7fe9ec7e4000-7fe9ec7e5000 rw-p 00071000 08:02 267016                     /lib/x86_64-linux-gnu/libpcre.so.3.13.3
7fe9ec7e5000-7fe9ec7ec000 r-xp 00000000 08:02 3940538                    /usr/lib/x86_64-linux-gnu/libffi.so.6.0.4
7fe9ec7ec000-7fe9ec9eb000 ---p 00007000 08:02 3940538                    /usr/lib/x86_64-linux-gnu/libffi.so.6.0.4
7fe9ec9eb000-7fe9ec9ec000 r--p 00006000 08:02 3940538                    /usr/lib/x86_64-linux-gnu/libffi.so.6.0.4
7fe9ec9ec000-7fe9ec9ed000 rw-p 00007000 08:02 3940538                    /usr/lib/x86_64-linux-gnu/libffi.so.6.0.4
7fe9ec9ed000-7fe9eca3e000 r-xp 00000000 08:02 262229                     /lib/x86_64-linux-gnu/libmount.so.1.1.0
7fe9eca3e000-7fe9ecc3d000 ---p 00051000 08:02 262229                     /lib/x86_64-linux-gnu/libmount.so.1.1.0
7fe9ecc3d000-7fe9ecc3f000 r--p 00050000 08:02 262229                     /lib/x86_64-linux-gnu/libmount.so.1.1.0
7fe9ecc3f000-7fe9ecc40000 rw-p 00052000 08:02 262229                     /lib/x86_64-linux-gnu/libmount.so.1.1.0
7fe9ecc40000-7fe9ecc41000 rw-p 00000000 00:00 0 
7fe9ecc41000-7fe9ecc58000 r-xp 00000000 08:02 267033                     /lib/x86_64-linux-gnu/libresolv-2.27.so
7fe9ecc58000-7fe9ece58000 ---p 00017000 08:02 267033                     /lib/x86_64-linux-gnu/libresolv-2.27.so
7fe9ece58000-7fe9ece59000 r--p 00017000 08:02 267033                     /lib/x86_64-linux-gnu/libresolv-2.27.so
7fe9ece59000-7fe9ece5a000 rw-p 00018000 08:02 267033                     /lib/x86_64-linux-gnu/libresolv-2.27.so
7fe9ece5a000-7fe9ece5c000 rw-p 00000000 00:00 0 
7fe9ece5c000-7fe9ece81000 r-xp 00000000 08:02 267039                     /lib/x86_64-linux-gnu/libselinux.so.1
7fe9ece81000-7fe9ed080000 ---p 00025000 08:02 267039                     /lib/x86_64-linux-gnu/libselinux.so.1
7fe9ed080000-7fe9ed081000 r--p 00024000 08:02 267039                     /lib/x86_64-linux-gnu/libselinux.so.1
7fe9ed081000-7fe9ed082000 rw-p 00025000 08:02 267039                     /lib/x86_64-linux-gnu/libselinux.so.1
7fe9ed082000-7fe9ed084000 rw-p 00000000 00:00 0 
7fe9ed084000-7fe9ed197000 r-xp 00000000 08:02 3932503                    /usr/lib/x86_64-linux-gnu/libglib-2.0.so.0.5600.2
7fe9ed197000-7fe9ed397000 ---p 00113000 08:02 3932503                    /usr/lib/x86_64-linux-gnu/libglib-2.0.so.0.5600.2
7fe9ed397000-7fe9ed398000 r--p 00113000 08:02 3932503                    /usr/lib/x86_64-linux-gnu/libglib-2.0.so.0.5600.2
7fe9ed398000-7fe9ed399000 rw-p 00114000 08:02 3932503                    /usr/lib/x86_64-linux-gnu/libglib-2.0.so.0.5600.2
7fe9ed399000-7fe9ed39a000 rw-p 00000000 00:00 0 
7fe9ed39a000-7fe9ed39d000 r-xp 00000000 08:02 3932526                    /usr/lib/x86_64-linux-gnu/libgmodule-2.0.so.0.5600.2
7fe9ed39d000-7fe9ed59c000 ---p 00003000 08:02 3932526                    /usr/lib/x86_64-linux-gnu/libgmodule-2.0.so.0.5600.2
7fe9ed59c000-7fe9ed59d000 r--p 00002000 08:02 3932526                    /usr/lib/x86_64-linux-gnu/libgmodule-2.0.so.0.5600.2
7fe9ed59d000-7fe9ed59e000 rw-p 00003000 08:02 3932526                    /usr/lib/x86_64-linux-gnu/libgmodule-2.0.so.0.5600.2
7fe9ed59e000-7fe9ed5f0000 r-xp 00000000 08:02 3932527                    /usr/lib/x86_64-linux-gnu/libgobject-2.0.so.0.5600.2
7fe9ed5f0000-7fe9ed7f0000 ---p 00052000 08:02 3932527                    /usr/lib/x86_64-linux-gnu/libgobject-2.0.so.0.5600.2
7fe9ed7f0000-7fe9ed7f1000 r--p 00052000 08:02 3932527                    /usr/lib/x86_64-linux-gnu/libgobject-2.0.so.0.5600.2
7fe9ed7f1000-7fe9ed7f2000 rw-p 00053000 08:02 3932527                    /usr/lib/x86_64-linux-gnu/libgobject-2.0.so.0.5600.2
7fe9ed7f2000-7fe9ed987000 r-xp 00000000 08:02 3932495                    /usr/lib/x86_64-linux-gnu/libgio-2.0.so.0.5600.2
7fe9ed987000-7fe9edb87000 ---p 00195000 08:02 3932495                    /usr/lib/x86_64-linux-gnu/libgio-2.0.so.0.5600.2
7fe9edb87000-7fe9edb8e000 r--p 00195000 08:02 3932495                    /usr/lib/x86_64-linux-gnu/libgio-2.0.so.0.5600.2
7fe9edb8e000-7fe9edb8f000 rw-p 0019c000 08:02 3932495                    /usr/lib/x86_64-linux-gnu/libgio-2.0.so.0.5600.2
7fe9edb8f000-7fe9edb91000 rw-p 00000000 00:00 0 
7fe9edb91000-7fe9edb9b000 r-xp 00000000 08:02 3940227                    /usr/lib/x86_64-linux-gnu/libXrandr.so.2.2.0
7fe9edb9b000-7fe9edd9a000 ---p 0000a000 08:02 3940227                    /usr/lib/x86_64-linux-gnu/libXrandr.so.2.2.0
7fe9edd9a000-7fe9edd9b000 r--p 00009000 08:02 3940227                    /usr/lib/x86_64-linux-gnu/libXrandr.so.2.2.0
7fe9edd9b000-7fe9edd9c000 rw-p 0000a000 08:02 3940227                    /usr/lib/x86_64-linux-gnu/libXrandr.so.2.2.0
7fe9edd9c000-7fe9edf9c000 rw-p 00000000 00:00 0 
7fe9edf9c000-7fe9edfcd000 r-xp 00000000 08:02 3932950                    /usr/lib/x86_64-linux-gnu/libpng16.so.16.34.0
7fe9edfcd000-7fe9ee1cc000 ---p 00031000 08:02 3932950                    /usr/lib/x86_64-linux-gnu/libpng16.so.16.34.0
7fe9ee1cc000-7fe9ee1cd000 r--p 00030000 08:02 3932950                    /usr/lib/x86_64-linux-gnu/libpng16.so.16.34.0
7fe9ee1cd000-7fe9ee1ce000 rw-p 00031000 08:02 3932950                    /usr/lib/x86_64-linux-gnu/libpng16.so.16.34.0
7fe9ee1ce000-7fe9ee27b000 r-xp 00000000 08:02 3940570                    /usr/lib/x86_64-linux-gnu/libfreetype.so.6.15.0
7fe9ee27b000-7fe9ee47a000 ---p 000ad000 08:02 3940570                    /usr/lib/x86_64-linux-gnu/libfreetype.so.6.15.0
7fe9ee47a000-7fe9ee481000 r--p 000ac000 08:02 3940570                    /usr/lib/x86_64-linux-gnu/libfreetype.so.6.15.0
7fe9ee481000-7fe9ee482000 rw-p 000b3000 08:02 3940570                    /usr/lib/x86_64-linux-gnu/libfreetype.so.6.15.0
7fe9ee482000-7fe9ee517000 r-xp 00000000 08:02 3940127                    /usr/lib/jvm/java-11-openjdk-amd64/lib/libfontmanager.so
7fe9ee517000-7fe9ee717000 ---p 00095000 08:02 3940127                    /usr/lib/jvm/java-11-openjdk-amd64/lib/libfontmanager.so
7fe9ee717000-7fe9ee718000 r--p 00095000 08:02 3940127                    /usr/lib/jvm/java-11-openjdk-amd64/lib/libfontmanager.so
7fe9ee718000-7fe9ee719000 rw-p 00096000 08:02 3940127                    /usr/lib/jvm/java-11-openjdk-amd64/lib/libfontmanager.so
7fe9ee719000-7fe9ee71a000 rw-p 00000000 00:00 0 
7fe9ee71a000-7fe9ee72d000 r-xp 00000000 08:02 266890                     /lib/x86_64-linux-gnu/libbsd.so.0.8.7
7fe9ee72d000-7fe9ee92c000 ---p 00013000 08:02 266890                     /lib/x86_64-linux-gnu/libbsd.so.0.8.7
7fe9ee92c000-7fe9ee92d000 r--p 00012000 08:02 266890                     /lib/x86_64-linux-gnu/libbsd.so.0.8.7
7fe9ee92d000-7fe9ee92e000 rw-p 00013000 08:02 266890                     /lib/x86_64-linux-gnu/libbsd.so.0.8.7
7fe9ee92e000-7fe9ee92f000 rw-p 00000000 00:00 0 
7fe9ee92f000-7fe9ee934000 r-xp 00000000 08:02 3940207                    /usr/lib/x86_64-linux-gnu/libXdmcp.so.6.0.0
7fe9ee934000-7fe9eeb33000 ---p 00005000 08:02 3940207                    /usr/lib/x86_64-linux-gnu/libXdmcp.so.6.0.0
7fe9eeb33000-7fe9eeb34000 r--p 00004000 08:02 3940207                    /usr/lib/x86_64-linux-gnu/libXdmcp.so.6.0.0
7fe9eeb34000-7fe9eeb35000 rw-p 00005000 08:02 3940207                    /usr/lib/x86_64-linux-gnu/libXdmcp.so.6.0.0
7fe9eeb35000-7fe9eeb37000 r-xp 00000000 08:02 3940196                    /usr/lib/x86_64-linux-gnu/libXau.so.6.0.0
7fe9eeb37000-7fe9eed37000 ---p 00002000 08:02 3940196                    /usr/lib/x86_64-linux-gnu/libXau.so.6.0.0
7fe9eed37000-7fe9eed38000 r--p 00002000 08:02 3940196                    /usr/lib/x86_64-linux-gnu/libXau.so.6.0.0
7fe9eed38000-7fe9eed39000 rw-p 00003000 08:02 3940196                    /usr/lib/x86_64-linux-gnu/libXau.so.6.0.0
7fe9eed39000-7fe9eed5f000 r-xp 00000000 08:02 3941400                    /usr/lib/x86_64-linux-gnu/libxcb.so.1.1.0
7fe9eed5f000-7fe9eef5f000 ---p 00026000 08:02 3941400                    /usr/lib/x86_64-linux-gnu/libxcb.so.1.1.0
7fe9eef5f000-7fe9eef60000 r--p 00026000 08:02 3941400                    /usr/lib/x86_64-linux-gnu/libxcb.so.1.1.0
7fe9eef60000-7fe9eef61000 rw-p 00027000 08:02 3941400                    /usr/lib/x86_64-linux-gnu/libxcb.so.1.1.0
7fe9eef61000-7fe9eef70000 r-xp 00000000 08:02 3940217                    /usr/lib/x86_64-linux-gnu/libXi.so.6.1.0
7fe9eef70000-7fe9ef16f000 ---p 0000f000 08:02 3940217                    /usr/lib/x86_64-linux-gnu/libXi.so.6.1.0
7fe9ef16f000-7fe9ef170000 r--p 0000e000 08:02 3940217                    /usr/lib/x86_64-linux-gnu/libXi.so.6.1.0
7fe9ef170000-7fe9ef171000 rw-p 0000f000 08:02 3940217                    /usr/lib/x86_64-linux-gnu/libXi.so.6.1.0
7fe9ef171000-7fe9ef176000 r-xp 00000000 08:02 3940235                    /usr/lib/x86_64-linux-gnu/libXtst.so.6.1.0
7fe9ef176000-7fe9ef375000 ---p 00005000 08:02 3940235                    /usr/lib/x86_64-linux-gnu/libXtst.so.6.1.0
7fe9ef375000-7fe9ef376000 r--p 00004000 08:02 3940235                    /usr/lib/x86_64-linux-gnu/libXtst.so.6.1.0
7fe9ef376000-7fe9ef377000 rw-p 00005000 08:02 3940235                    /usr/lib/x86_64-linux-gnu/libXtst.so.6.1.0
7fe9ef377000-7fe9ef380000 r-xp 00000000 08:02 3940229                    /usr/lib/x86_64-linux-gnu/libXrender.so.1.3.0
7fe9ef380000-7fe9ef57f000 ---p 00009000 08:02 3940229                    /usr/lib/x86_64-linux-gnu/libXrender.so.1.3.0
7fe9ef57f000-7fe9ef580000 r--p 00008000 08:02 3940229                    /usr/lib/x86_64-linux-gnu/libXrender.so.1.3.0
7fe9ef580000-7fe9ef581000 rw-p 00009000 08:02 3940229                    /usr/lib/x86_64-linux-gnu/libXrender.so.1.3.0
7fe9ef581000-7fe9ef6b4000 r-xp 00000000 08:02 3946770                    /usr/lib/x86_64-linux-gnu/libX11.so.6.3.0
7fe9ef6b4000-7fe9ef8b4000 ---p 00133000 08:02 3946770                    /usr/lib/x86_64-linux-gnu/libX11.so.6.3.0
7fe9ef8b4000-7fe9ef8b5000 r--p 00133000 08:02 3946770                    /usr/lib/x86_64-linux-gnu/libX11.so.6.3.0
7fe9ef8b5000-7fe9ef8b9000 rw-p 00134000 08:02 3946770                    /usr/lib/x86_64-linux-gnu/libX11.so.6.3.0
7fe9ef8b9000-7fe9ef8ca000 r-xp 00000000 08:02 3940209                    /usr/lib/x86_64-linux-gnu/libXext.so.6.4.0
7fe9ef8ca000-7fe9efac9000 ---p 00011000 08:02 3940209                    /usr/lib/x86_64-linux-gnu/libXext.so.6.4.0
7fe9efac9000-7fe9efaca000 r--p 00010000 08:02 3940209                    /usr/lib/x86_64-linux-gnu/libXext.so.6.4.0
7fe9efaca000-7fe9efacb000 rw-p 00011000 08:02 3940209                    /usr/lib/x86_64-linux-gnu/libXext.so.6.4.0
7fe9efacb000-7fe9efb2a000 r-xp 00000000 08:02 3940120                    /usr/lib/jvm/java-11-openjdk-amd64/lib/libawt_xawt.so
7fe9efb2a000-7fe9efd29000 ---p 0005f000 08:02 3940120                    /usr/lib/jvm/java-11-openjdk-amd64/lib/libawt_xawt.so
7fe9efd29000-7fe9efd2a000 r--p 0005e000 08:02 3940120                    /usr/lib/jvm/java-11-openjdk-amd64/lib/libawt_xawt.so
7fe9efd2a000-7fe9efd2d000 rw-p 0005f000 08:02 3940120                    /usr/lib/jvm/java-11-openjdk-amd64/lib/libawt_xawt.so
7fe9efd2d000-7fe9efd2f000 rw-p 00000000 00:00 0 
7fe9efd2f000-7fe9efdcf000 r-xp 00000000 08:02 3940112                    /usr/lib/jvm/java-11-openjdk-amd64/lib/libawt.so
7fe9efdcf000-7fe9effcf000 ---p 000a0000 08:02 3940112                    /usr/lib/jvm/java-11-openjdk-amd64/lib/libawt.so
7fe9effcf000-7fe9effd0000 r--p 000a0000 08:02 3940112                    /usr/lib/jvm/java-11-openjdk-amd64/lib/libawt.so
7fe9effd0000-7fe9effdb000 rw-p 000a1000 08:02 3940112                    /usr/lib/jvm/java-11-openjdk-amd64/lib/libawt.so
7fe9effdb000-7fe9f0000000 rw-p 00000000 00:00 0 
7fe9f0000000-7fe9f0021000 rw-p 00000000 00:00 0 
7fe9f0021000-7fe9f4000000 ---p 00000000 00:00 0 
7fe9f4000000-7fe9f4021000 rw-p 00000000 00:00 0 
7fe9f4021000-7fe9f8000000 ---p 00000000 00:00 0 
7fe9f8000000-7fe9f85b8000 rw-p 00000000 00:00 0 
7fe9f85b8000-7fe9fc000000 ---p 00000000 00:00 0 
7fe9fc000000-7fe9fc021000 rw-p 00000000 00:00 0 
7fe9fc021000-7fea00000000 ---p 00000000 00:00 0 
7fea00000000-7fea006e5000 rw-p 00000000 00:00 0 
7fea006e5000-7fea04000000 ---p 00000000 00:00 0 
7fea04000000-7fea05461000 rw-p 00000000 00:00 0 
7fea05461000-7fea08000000 ---p 00000000 00:00 0 
7fea08000000-7fea08021000 rw-p 00000000 00:00 0 
7fea08021000-7fea0c000000 ---p 00000000 00:00 0 
7fea0c000000-7fea0c021000 rw-p 00000000 00:00 0 
7fea0c021000-7fea10000000 ---p 00000000 00:00 0 
7fea10000000-7fea10021000 rw-p 00000000 00:00 0 
7fea10021000-7fea14000000 ---p 00000000 00:00 0 
7fea14000000-7fea14021000 rw-p 00000000 00:00 0 
7fea14021000-7fea18000000 ---p 00000000 00:00 0 
7fea18000000-7fea18021000 rw-p 00000000 00:00 0 
7fea18021000-7fea1c000000 ---p 00000000 00:00 0 
7fea1c000000-7fea1c021000 rw-p 00000000 00:00 0 
7fea1c021000-7fea20000000 ---p 00000000 00:00 0 
7fea20000000-7fea20021000 rw-p 00000000 00:00 0 
7fea20021000-7fea24000000 ---p 00000000 00:00 0 
7fea24000000-7fea24021000 rw-p 00000000 00:00 0 
7fea24021000-7fea28000000 ---p 00000000 00:00 0 
7fea28000000-7fea28021000 rw-p 00000000 00:00 0 
7fea28021000-7fea2c000000 ---p 00000000 00:00 0 
7fea2c000000-7fea2c021000 rw-p 00000000 00:00 0 
7fea2c021000-7fea30000000 ---p 00000000 00:00 0 
7fea300fd000-7fea30114000 r-xp 00000000 08:02 3940557                    /usr/lib/jvm/java-11-openjdk-amd64/lib/libnet.so
7fea30114000-7fea30313000 ---p 00017000 08:02 3940557                    /usr/lib/jvm/java-11-openjdk-amd64/lib/libnet.so
7fea30313000-7fea30314000 r--p 00016000 08:02 3940557                    /usr/lib/jvm/java-11-openjdk-amd64/lib/libnet.so
7fea30314000-7fea30315000 rw-p 00017000 08:02 3940557                    /usr/lib/jvm/java-11-openjdk-amd64/lib/libnet.so
7fea30315000-7fea30326000 r-xp 00000000 08:02 3940559                    /usr/lib/jvm/java-11-openjdk-amd64/lib/libnio.so
7fea30326000-7fea30525000 ---p 00011000 08:02 3940559                    /usr/lib/jvm/java-11-openjdk-amd64/lib/libnio.so
7fea30525000-7fea30526000 r--p 00010000 08:02 3940559                    /usr/lib/jvm/java-11-openjdk-amd64/lib/libnio.so
7fea30526000-7fea30527000 rw-p 00011000 08:02 3940559                    /usr/lib/jvm/java-11-openjdk-amd64/lib/libnio.so
7fea30527000-7fea3052b000 ---p 00000000 00:00 0 
7fea3052b000-7fea30628000 rw-p 00000000 00:00 0 
7fea30628000-7fea30629000 ---p 00000000 00:00 0 
7fea30629000-7fea3072a000 rw-p 00000000 00:00 0 
7fea3072a000-7fea3072e000 ---p 00000000 00:00 0 
7fea3072e000-7fea3082b000 rw-p 00000000 00:00 0 
7fea3082b000-7fea3082f000 ---p 00000000 00:00 0 
7fea3082f000-7fea3092c000 rw-p 00000000 00:00 0 
7fea3092c000-7fea30930000 ---p 00000000 00:00 0 
7fea30930000-7fea30a2d000 rw-p 00000000 00:00 0 
7fea30a2d000-7fea30a31000 ---p 00000000 00:00 0 
7fea30a31000-7fea30b2e000 rw-p 00000000 00:00 0 
7fea30b2e000-7fea30b32000 ---p 00000000 00:00 0 
7fea30b32000-7fea30c2f000 rw-p 00000000 00:00 0 
7fea30c2f000-7fea30c33000 ---p 00000000 00:00 0 
7fea30c33000-7fea30d30000 rw-p 00000000 00:00 0 
7fea30d30000-7fea316ff000 r--p 00000000 08:02 3939059                    /usr/lib/locale/locale-archive
7fea316ff000-7fea31703000 ---p 00000000 00:00 0 
7fea31703000-7fea34000000 rw-p 00000000 00:00 0 
7fea34000000-7fea34021000 rw-p 00000000 00:00 0 
7fea34021000-7fea38000000 ---p 00000000 00:00 0 
7fea3809a000-7fea3809e000 ---p 00000000 00:00 0 
7fea3809e000-7fea380bc000 rw-p 00000000 00:00 0 
7fea380bc000-7fea380c7000 r--s 00000000 08:02 6815845                    /var/cache/fontconfig/945677eb7aeaf62f1d50efc3fb3ec7d8-le64.cache-7
7fea380c7000-7fea380cb000 ---p 00000000 00:00 0 
7fea380cb000-7fea385b0000 rw-p 00000000 00:00 0 
7fea385b0000-7fea3c000000 ---p 00000000 00:00 0 
7fea3c000000-7fea3c021000 rw-p 00000000 00:00 0 
7fea3c021000-7fea40000000 ---p 00000000 00:00 0 
7fea40006000-7fea4000b000 r--s 00000000 08:02 6815816                    /var/cache/fontconfig/2300eef321c393bfd76478a5c0e95b23-le64.cache-7
7fea4000b000-7fea4000c000 r--s 00000000 08:02 6815809                    /var/cache/fontconfig/0d8c3b2ac0904cb8a57a757ad11a4a08-le64.cache-7
7fea4000c000-7fea40021000 r--s 00000000 08:02 6815805                    /var/cache/fontconfig/04aabc0a78ac019cf9454389977116d2-le64.cache-7
7fea40021000-7fea40022000 r--s 00000000 08:02 6815813                    /var/cache/fontconfig/1ac9eb803944fde146138c791f5cc56a-le64.cache-7
7fea40022000-7fea40023000 r--s 00000000 08:02 6815864                    /var/cache/fontconfig/dc05db6664285cc2f12bf69c139ae4c3-le64.cache-7
7fea40023000-7fea40025000 r--s 00000000 08:02 6815810                    /var/cache/fontconfig/14a5e22175779b556eaa434240950366-le64.cache-7
7fea40025000-7fea40026000 r--s 00000000 08:02 6815837                    /var/cache/fontconfig/660208299946a285a940457d1287da33-le64.cache-7
7fea40026000-7fea40028000 r--s 00000000 08:02 6815828                    /var/cache/fontconfig/4f3e3037c9980c83b53a9351efadef62-le64.cache-7
7fea40028000-7fea4002a000 r--s 00000000 08:02 6815842                    /var/cache/fontconfig/767a8244fc0220cfb567a839d0392e0b-le64.cache-7
7fea4002a000-7fea4002b000 r--s 00000000 08:02 6815823                    /var/cache/fontconfig/4794a0821666d79190d59a36cb4f44b5-le64.cache-7
7fea4002b000-7fea4002d000 r--s 00000000 08:02 6815807                    /var/cache/fontconfig/0bd3dc0958fa2205aaaa8ebb13e2872b-le64.cache-7
7fea4002d000-7fea40068000 r--s 00000000 08:02 6817737                    /var/cache/fontconfig/365b55f210c0a22e9a19e35191240f32-le64.cache-7
7fea40068000-7fea4006d000 r--s 00000000 08:02 6815865                    /var/cache/fontconfig/def309198bfa603429122923fa2bb2d4-le64.cache-7
7fea4006d000-7fea4006e000 r--s 00000000 08:02 6815853                    /var/cache/fontconfig/b872e6e592da6075ffa4ab0a1fcc0c75-le64.cache-7
7fea4006e000-7fea4006f000 r--s 00000000 08:02 6815870                    /var/cache/fontconfig/f6d4eedfaab2589bde49f7a3ff831d22-le64.cache-7
7fea4006f000-7fea40070000 r--s 00000000 08:02 6815835                    /var/cache/fontconfig/589f83ef4c36d296ce6e1c846f468f08-le64.cache-7
7fea40070000-7fea40071000 r--s 00000000 08:02 6815855                    /var/cache/fontconfig/bab58bb527bb656aaa9f116d68a48d89-le64.cache-7
7fea40071000-7fea40072000 r--s 00000000 08:02 6815814                    /var/cache/fontconfig/2171a34dccabdb6bcbbc728186263178-le64.cache-7
7fea40072000-7fea40073000 r--s 00000000 08:02 6815856                    /var/cache/fontconfig/c5c45a61289222e0d30b1a26ef4effbe-le64.cache-7
7fea40073000-7fea40074000 r--s 00000000 08:02 6815851                    /var/cache/fontconfig/aec30016f93e1b46d1a973dce0d74068-le64.cache-7
7fea40074000-7fea40075000 r--s 00000000 08:02 6815821                    /var/cache/fontconfig/3f589640d34b7dc9042c8d453f7c8b9c-le64.cache-7
7fea40075000-7fea40076000 r--s 00000000 08:02 6815811                    /var/cache/fontconfig/16c2fda60d1b4b719f4b3d06fd951d25-le64.cache-7
7fea40076000-7fea40077000 r--s 00000000 08:02 6815850                    /var/cache/fontconfig/a48eab177a16e4f3713381162db2f3e9-le64.cache-7
7fea40077000-7fea40078000 r--s 00000000 08:02 6815831                    /var/cache/fontconfig/564b2e68ac9bc4e36a6f7f6d6125ec1c-le64.cache-7
7fea40078000-7fea4007d000 r--s 00000000 08:02 6815848                    /var/cache/fontconfig/9d2451b1fd30e5bffe8383fd27c35478-le64.cache-7
7fea4007d000-7fea40083000 r--s 00000000 08:02 6815817                    /var/cache/fontconfig/3047814df9a2f067bd2d96a2b9c36e5a-le64.cache-7
7fea40083000-7fea40084000 r--s 00000000 08:02 6815832                    /var/cache/fontconfig/56cf4f4769d0f4abc89a4895d7bd3ae1-le64.cache-7
7fea40084000-7fea40085000 r--s 00000000 08:02 6815854                    /var/cache/fontconfig/b9d506c9ac06c20b433354fa67a72993-le64.cache-7
7fea40085000-7fea4008b000 r--s 00000000 08:02 6815852                    /var/cache/fontconfig/b47c4e1ecd0709278f4910c18777a504-le64.cache-7
7fea4008b000-7fea4009e000 r--s 00000000 08:02 6815861                    /var/cache/fontconfig/d52a8644073d54c13679302ca1180695-le64.cache-7
7fea4009e000-7fea4009f000 r--s 00000000 08:02 6815819                    /var/cache/fontconfig/370e5b74bf5dafc30834de68e24a87a4-le64.cache-7
7fea4009f000-7fea400a0000 r--s 00000000 08:02 6819099                    /var/cache/fontconfig/6b2c5944714ca7831b25bed9e85cb5c8-le64.cache-7
7fea400a0000-7fea400a1000 r--s 00000000 08:02 6815860                    /var/cache/fontconfig/d5178ab6d91b49bf20a416737dcea9e8-le64.cache-7
7fea400a1000-7fea400a2000 r--s 00000000 08:02 6817463                    /var/cache/fontconfig/551ecf3b0e8b0bca0f25c0944f561853-le64.cache-7
7fea400a2000-7fea400a5000 r--s 00000000 08:02 6819098                    /var/cache/fontconfig/f259c2cffa685e28062317905db73c4a-le64.cache-7
7fea400a5000-7fea400a7000 r--s 00000000 08:02 6819097                    /var/cache/fontconfig/550f3886151c940c12a5ed35f6a00586-le64.cache-7
7fea400a7000-7fea400c6000 r--s 00000000 08:02 6826715                    /var/cache/fontconfig/9b89f8e3dae116d678bbf48e5f21f69b-le64.cache-7
7fea400c6000-7fea400c7000 ---p 00000000 00:00 0 
7fea400c7000-7fea405b0000 rw-p 00000000 00:00 0 
7fea405b0000-7fea44000000 ---p 00000000 00:00 0 
7fea44000000-7fea44021000 rw-p 00000000 00:00 0 
7fea44021000-7fea48000000 ---p 00000000 00:00 0 
7fea48000000-7fea48021000 rw-p 00000000 00:00 0 
7fea48021000-7fea4c000000 ---p 00000000 00:00 0 
7fea4c000000-7fea4c021000 rw-p 00000000 00:00 0 
7fea4c021000-7fea50000000 ---p 00000000 00:00 0 
7fea50000000-7fea50003000 r--s 00000000 08:02 6819061                    /var/cache/fontconfig/674d1711f2d1d2a09646eb0bdcadee49-le64.cache-7
7fea50003000-7fea50004000 r--s 00000000 08:02 6815822                    /var/cache/fontconfig/3f7329c5293ffd510edef78f73874cfd-le64.cache-7
7fea50004000-7fea50050000 r--p 00000000 08:02 4852435                    /usr/share/glib-2.0/schemas/gschemas.compiled (deleted)
7fea50050000-7fea50051000 ---p 00000000 00:00 0 
7fea50051000-7fea50152000 rw-p 00000000 00:00 0 
7fea50152000-7fea50153000 ---p 00000000 00:00 0 
7fea50153000-7fea50254000 rw-p 00000000 00:00 0 
7fea50254000-7fea50255000 ---p 00000000 00:00 0 
7fea50255000-7fea50356000 rw-p 00000000 00:00 0 
7fea50356000-7fea50357000 ---p 00000000 00:00 0 
7fea50357000-7fea50458000 rw-p 00000000 00:00 0 
7fea50458000-7fea50459000 ---p 00000000 00:00 0 
7fea50459000-7fea5095e000 rw-p 00000000 00:00 0 
7fea5095e000-7fea5095f000 ---p 00000000 00:00 0 
7fea5095f000-7fea50a60000 rw-p 00000000 00:00 0 
7fea50a60000-7fea50a61000 ---p 00000000 00:00 0 
7fea50a61000-7fea50cd8000 rw-p 00000000 00:00 0 
7fea50cd8000-7fea51422000 ---p 00000000 00:00 0 
7fea51422000-7fea5149f000 rw-p 00000000 00:00 0 
7fea5149f000-7fea51be9000 ---p 00000000 00:00 0 
7fea51be9000-7fea51c66000 rw-p 00000000 00:00 0 
7fea51c66000-7fea523b0000 ---p 00000000 00:00 0 
7fea523b0000-7fea527b4000 rw-p 00000000 00:00 0 
7fea527b4000-7fea527b5000 ---p 00000000 00:00 0 
7fea527b5000-7fea528b6000 rw-p 00000000 00:00 0 
7fea528b6000-7fea528b7000 ---p 00000000 00:00 0 
7fea528b7000-7fea529b8000 rw-p 00000000 00:00 0 
7fea529b8000-7fea529b9000 ---p 00000000 00:00 0 
7fea529b9000-7fea52aba000 rw-p 00000000 00:00 0 
7fea52aba000-7fea52abb000 ---p 00000000 00:00 0 
7fea52abb000-7fea52bc1000 rw-p 00000000 00:00 0 
7fea52bc1000-7fea52ca7000 ---p 00000000 00:00 0 
7fea52ca7000-7fea52f17000 rwxp 00000000 00:00 0 
7fea52f17000-7fea53237000 ---p 00000000 00:00 0 
7fea53237000-7fea536f7000 rwxp 00000000 00:00 0 
7fea536f7000-7fea5a76f000 ---p 00000000 00:00 0 
7fea5a76f000-7fea5a9df000 rwxp 00000000 00:00 0 
7fea5a9df000-7fea61ca7000 ---p 00000000 00:00 0 
7fea61ca7000-7fea6b182000 r--s 00000000 08:02 3940735                    /usr/lib/jvm/java-11-openjdk-amd64/lib/modules
7fea6b182000-7fea6b187000 r-xp 00000000 08:02 3940273                    /usr/lib/jvm/java-11-openjdk-amd64/lib/libjimage.so
7fea6b187000-7fea6b386000 ---p 00005000 08:02 3940273                    /usr/lib/jvm/java-11-openjdk-amd64/lib/libjimage.so
7fea6b386000-7fea6b387000 r--p 00004000 08:02 3940273                    /usr/lib/jvm/java-11-openjdk-amd64/lib/libjimage.so
7fea6b387000-7fea6b388000 rw-p 00005000 08:02 3940273                    /usr/lib/jvm/java-11-openjdk-amd64/lib/libjimage.so
7fea6b388000-7fea6b38f000 r-xp 00000000 08:02 3940689                    /usr/lib/jvm/java-11-openjdk-amd64/lib/libzip.so
7fea6b38f000-7fea6b58e000 ---p 00007000 08:02 3940689                    /usr/lib/jvm/java-11-openjdk-amd64/lib/libzip.so
7fea6b58e000-7fea6b58f000 r--p 00006000 08:02 3940689                    /usr/lib/jvm/java-11-openjdk-amd64/lib/libzip.so
7fea6b58f000-7fea6b590000 rw-p 00007000 08:02 3940689                    /usr/lib/jvm/java-11-openjdk-amd64/lib/libzip.so
7fea6b590000-7fea6b59b000 r-xp 00000000 08:02 266984                     /lib/x86_64-linux-gnu/libnss_files-2.27.so
7fea6b59b000-7fea6b79a000 ---p 0000b000 08:02 266984                     /lib/x86_64-linux-gnu/libnss_files-2.27.so
7fea6b79a000-7fea6b79b000 r--p 0000a000 08:02 266984                     /lib/x86_64-linux-gnu/libnss_files-2.27.so
7fea6b79b000-7fea6b79c000 rw-p 0000b000 08:02 266984                     /lib/x86_64-linux-gnu/libnss_files-2.27.so
7fea6b79c000-7fea6b7a2000 rw-p 00000000 00:00 0 
7fea6b7a2000-7fea6b7b9000 r-xp 00000000 08:02 266978                     /lib/x86_64-linux-gnu/libnsl-2.27.so
7fea6b7b9000-7fea6b9b8000 ---p 00017000 08:02 266978                     /lib/x86_64-linux-gnu/libnsl-2.27.so
7fea6b9b8000-7fea6b9b9000 r--p 00016000 08:02 266978                     /lib/x86_64-linux-gnu/libnsl-2.27.so
7fea6b9b9000-7fea6b9ba000 rw-p 00017000 08:02 266978                     /lib/x86_64-linux-gnu/libnsl-2.27.so
7fea6b9ba000-7fea6b9bc000 rw-p 00000000 00:00 0 
7fea6b9bc000-7fea6b9c7000 r-xp 00000000 08:02 266995                     /lib/x86_64-linux-gnu/libnss_nis-2.27.so
7fea6b9c7000-7fea6bbc6000 ---p 0000b000 08:02 266995                     /lib/x86_64-linux-gnu/libnss_nis-2.27.so
7fea6bbc6000-7fea6bbc7000 r--p 0000a000 08:02 266995                     /lib/x86_64-linux-gnu/libnss_nis-2.27.so
7fea6bbc7000-7fea6bbc8000 rw-p 0000b000 08:02 266995                     /lib/x86_64-linux-gnu/libnss_nis-2.27.so
7fea6bbc8000-7fea6bbd0000 r-xp 00000000 08:02 266980                     /lib/x86_64-linux-gnu/libnss_compat-2.27.so
7fea6bbd0000-7fea6bdd0000 ---p 00008000 08:02 266980                     /lib/x86_64-linux-gnu/libnss_compat-2.27.so
7fea6bdd0000-7fea6bdd1000 r--p 00008000 08:02 266980                     /lib/x86_64-linux-gnu/libnss_compat-2.27.so
7fea6bdd1000-7fea6bdd2000 rw-p 00009000 08:02 266980                     /lib/x86_64-linux-gnu/libnss_compat-2.27.so
7fea6bdd2000-7fea6bdfe000 r-xp 00000000 08:02 3940185                    /usr/lib/jvm/java-11-openjdk-amd64/lib/libjava.so
7fea6bdfe000-7fea6bffd000 ---p 0002c000 08:02 3940185                    /usr/lib/jvm/java-11-openjdk-amd64/lib/libjava.so
7fea6bffd000-7fea6bffe000 r--p 0002b000 08:02 3940185                    /usr/lib/jvm/java-11-openjdk-amd64/lib/libjava.so
7fea6bffe000-7fea6c000000 rw-p 0002c000 08:02 3940185                    /usr/lib/jvm/java-11-openjdk-amd64/lib/libjava.so
7fea6c000000-7fea6c65f000 rw-p 00000000 00:00 0 
7fea6c65f000-7fea70000000 ---p 00000000 00:00 0 
7fea70000000-7fea70004000 r--s 00000000 08:02 6815862                    /var/cache/fontconfig/d589a48862398ed80a3d6066f4f56f4c-le64.cache-7
7fea70004000-7fea70011000 r--s 00000000 08:02 6815806                    /var/cache/fontconfig/089dead882dea3570ffc31a9898cfb69-le64.cache-7
7fea70011000-7fea70012000 r--s 00000000 08:02 6815808                    /var/cache/fontconfig/0c9eb80ebd1c36541ebe2852d3bb0c49-le64.cache-7
7fea70012000-7fea70013000 r--s 00000000 08:02 6815815                    /var/cache/fontconfig/22368d551a680bfe5a62c02760edf4ea-le64.cache-7
7fea70013000-7fea70014000 r--s 00000000 08:02 6815827                    /var/cache/fontconfig/4d9c95eba1cb85bbcf2878543262124a-le64.cache-7
7fea70014000-7fea70015000 r--s 00000000 08:02 6815844                    /var/cache/fontconfig/85e0a52ce643a7ba2ae53e5d6949cead-le64.cache-7
7fea70015000-7fea70016000 r--s 00000000 08:02 6815824                    /var/cache/fontconfig/49f0de54bdd920fe4f0dfd4cbac43e6b-le64.cache-7
7fea70016000-7fea70017000 r--s 00000000 08:02 6815871                    /var/cache/fontconfig/f6e6e0a5c3d2f6ae0c0c2e0ecd42a997-le64.cache-7
7fea70017000-7fea7001a000 r--s 00000000 08:02 6815866                    /var/cache/fontconfig/e13b20fdb08344e0e664864cc2ede53d-le64.cache-7
7fea7001a000-7fea70022000 r--p 00000000 08:02 7171255                    /home/gufei/.config/dconf/user (deleted)
7fea70022000-7fea70035000 r--p 00000000 08:02 4856014                    /usr/share/locale-langpack/zh_CN/LC_MESSAGES/glib20.mo
7fea70035000-7fea7003c000 r--s 00000000 08:02 4196843                    /usr/lib/x86_64-linux-gnu/gconv/gconv-modules.cache
7fea7003c000-7fea7005d000 r--p 00000000 08:02 4856102                    /usr/share/locale-langpack/zh_CN/LC_MESSAGES/libc.mo
7fea7005d000-7fea700dd000 rw-p 00000000 00:00 0 
7fea700dd000-7fea701be000 ---p 00000000 00:00 0 
7fea701be000-7fea701cb000 r-xp 00000000 08:02 3940688                    /usr/lib/jvm/java-11-openjdk-amd64/lib/libverify.so
7fea701cb000-7fea703ca000 ---p 0000d000 08:02 3940688                    /usr/lib/jvm/java-11-openjdk-amd64/lib/libverify.so
7fea703ca000-7fea703cc000 r--p 0000c000 08:02 3940688                    /usr/lib/jvm/java-11-openjdk-amd64/lib/libverify.so
7fea703cc000-7fea703cd000 rw-p 0000e000 08:02 3940688                    /usr/lib/jvm/java-11-openjdk-amd64/lib/libverify.so
7fea703cd000-7fea703d4000 r-xp 00000000 08:02 267035                     /lib/x86_64-linux-gnu/librt-2.27.so
7fea703d4000-7fea705d3000 ---p 00007000 08:02 267035                     /lib/x86_64-linux-gnu/librt-2.27.so
7fea705d3000-7fea705d4000 r--p 00006000 08:02 267035                     /lib/x86_64-linux-gnu/librt-2.27.so
7fea705d4000-7fea705d5000 rw-p 00007000 08:02 267035                     /lib/x86_64-linux-gnu/librt-2.27.so
7fea705d5000-7fea705ec000 r-xp 00000000 08:02 274553                     /lib/x86_64-linux-gnu/libgcc_s.so.1
7fea705ec000-7fea707eb000 ---p 00017000 08:02 274553                     /lib/x86_64-linux-gnu/libgcc_s.so.1
7fea707eb000-7fea707ec000 r--p 00016000 08:02 274553                     /lib/x86_64-linux-gnu/libgcc_s.so.1
7fea707ec000-7fea707ed000 rw-p 00017000 08:02 274553                     /lib/x86_64-linux-gnu/libgcc_s.so.1
7fea707ed000-7fea7098a000 r-xp 00000000 08:02 266957                     /lib/x86_64-linux-gnu/libm-2.27.so
7fea7098a000-7fea70b89000 ---p 0019d000 08:02 266957                     /lib/x86_64-linux-gnu/libm-2.27.so
7fea70b89000-7fea70b8a000 r--p 0019c000 08:02 266957                     /lib/x86_64-linux-gnu/libm-2.27.so
7fea70b8a000-7fea70b8b000 rw-p 0019d000 08:02 266957                     /lib/x86_64-linux-gnu/libm-2.27.so
7fea70b8b000-7fea70d04000 r-xp 00000000 08:02 3934861                    /usr/lib/x86_64-linux-gnu/libstdc++.so.6.0.25
7fea70d04000-7fea70f04000 ---p 00179000 08:02 3934861                    /usr/lib/x86_64-linux-gnu/libstdc++.so.6.0.25
7fea70f04000-7fea70f0e000 r--p 00179000 08:02 3934861                    /usr/lib/x86_64-linux-gnu/libstdc++.so.6.0.25
7fea70f0e000-7fea70f10000 rw-p 00183000 08:02 3934861                    /usr/lib/x86_64-linux-gnu/libstdc++.so.6.0.25
7fea70f10000-7fea70f14000 rw-p 00000000 00:00 0 
7fea70f14000-7fea71eb1000 r-xp 00000000 08:02 4331474                    /usr/lib/jvm/java-11-openjdk-amd64/lib/server/libjvm.so
7fea71eb1000-7fea720b1000 ---p 00f9d000 08:02 4331474                    /usr/lib/jvm/java-11-openjdk-amd64/lib/server/libjvm.so
7fea720b1000-7fea72175000 r--p 00f9d000 08:02 4331474                    /usr/lib/jvm/java-11-openjdk-amd64/lib/server/libjvm.so
7fea72175000-7fea721ad000 rw-p 01061000 08:02 4331474                    /usr/lib/jvm/java-11-openjdk-amd64/lib/server/libjvm.so
7fea721ad000-7fea721f6000 rw-p 00000000 00:00 0 
7fea721f6000-7fea72210000 r-xp 00000000 08:02 267027                     /lib/x86_64-linux-gnu/libpthread-2.27.so
7fea72210000-7fea7240f000 ---p 0001a000 08:02 267027                     /lib/x86_64-linux-gnu/libpthread-2.27.so
7fea7240f000-7fea72410000 r--p 00019000 08:02 267027                     /lib/x86_64-linux-gnu/libpthread-2.27.so
7fea72410000-7fea72411000 rw-p 0001a000 08:02 267027                     /lib/x86_64-linux-gnu/libpthread-2.27.so
7fea72411000-7fea72415000 rw-p 00000000 00:00 0 
7fea72415000-7fea72418000 r-xp 00000000 08:02 266917                     /lib/x86_64-linux-gnu/libdl-2.27.so
7fea72418000-7fea72617000 ---p 00003000 08:02 266917                     /lib/x86_64-linux-gnu/libdl-2.27.so
7fea72617000-7fea72618000 r--p 00002000 08:02 266917                     /lib/x86_64-linux-gnu/libdl-2.27.so
7fea72618000-7fea72619000 rw-p 00003000 08:02 266917                     /lib/x86_64-linux-gnu/libdl-2.27.so
7fea72619000-7fea72635000 r-xp 00000000 08:02 267066                     /lib/x86_64-linux-gnu/libz.so.1.2.11
7fea72635000-7fea72834000 ---p 0001c000 08:02 267066                     /lib/x86_64-linux-gnu/libz.so.1.2.11
7fea72834000-7fea72835000 r--p 0001b000 08:02 267066                     /lib/x86_64-linux-gnu/libz.so.1.2.11
7fea72835000-7fea72836000 rw-p 0001c000 08:02 267066                     /lib/x86_64-linux-gnu/libz.so.1.2.11
7fea72836000-7fea72a1d000 r-xp 00000000 08:02 266894                     /lib/x86_64-linux-gnu/libc-2.27.so
7fea72a1d000-7fea72c1d000 ---p 001e7000 08:02 266894                     /lib/x86_64-linux-gnu/libc-2.27.so
7fea72c1d000-7fea72c21000 r--p 001e7000 08:02 266894                     /lib/x86_64-linux-gnu/libc-2.27.so
7fea72c21000-7fea72c23000 rw-p 001eb000 08:02 266894                     /lib/x86_64-linux-gnu/libc-2.27.so
7fea72c23000-7fea72c27000 rw-p 00000000 00:00 0 
7fea72c27000-7fea72c36000 r-xp 00000000 08:02 4068906                    /usr/lib/jvm/java-11-openjdk-amd64/lib/jli/libjli.so
7fea72c36000-7fea72e35000 ---p 0000f000 08:02 4068906                    /usr/lib/jvm/java-11-openjdk-amd64/lib/jli/libjli.so
7fea72e35000-7fea72e36000 r--p 0000e000 08:02 4068906                    /usr/lib/jvm/java-11-openjdk-amd64/lib/jli/libjli.so
7fea72e36000-7fea72e37000 rw-p 0000f000 08:02 4068906                    /usr/lib/jvm/java-11-openjdk-amd64/lib/jli/libjli.so
7fea72e37000-7fea72e5e000 r-xp 00000000 08:02 266866                     /lib/x86_64-linux-gnu/ld-2.27.so
7fea72e5e000-7fea72e5f000 r--s 00000000 08:02 6815825                    /var/cache/fontconfig/4b2eda6bb976bda485cb2176619421d5-le64.cache-7
7fea72e5f000-7fea72f3f000 rw-p 00000000 00:00 0 
7fea72f3f000-7fea72f43000 ---p 00000000 00:00 0 
7fea72f43000-7fea73042000 rw-p 00000000 00:00 0 
7fea73042000-7fea73044000 r--s 00000000 08:02 6815839                    /var/cache/fontconfig/6afa1bb216ce958c1589e297e8008489-le64.cache-7
7fea73044000-7fea73045000 r--s 00000000 00:33 45                         /run/user/1000/dconf/user (deleted)
7fea73045000-7fea7304b000 rw-p 00000000 00:00 0 
7fea7304b000-7fea73052000 ---p 00000000 00:00 0 
7fea73052000-7fea7305a000 rw-s 00000000 08:02 4859267                    /tmp/hsperfdata_gufei/2137
7fea7305a000-7fea7305b000 ---p 00000000 00:00 0 
7fea7305b000-7fea7305c000 r--p 00000000 00:00 0 
7fea7305c000-7fea7305e000 rw-p 00000000 00:00 0 
7fea7305e000-7fea7305f000 r--p 00027000 08:02 266866                     /lib/x86_64-linux-gnu/ld-2.27.so
7fea7305f000-7fea73060000 rw-p 00028000 08:02 266866                     /lib/x86_64-linux-gnu/ld-2.27.so
7fea73060000-7fea73061000 rw-p 00000000 00:00 0 
7ffe6ad6f000-7ffe6ad91000 rw-p 00000000 00:00 0                          [stack]
7ffe6ade1000-7ffe6ade4000 r--p 00000000 00:00 0                          [vvar]
7ffe6ade4000-7ffe6ade6000 r-xp 00000000 00:00 0                          [vdso]
ffffffffff600000-ffffffffff601000 r-xp 00000000 00:00 0                  [vsyscall]


VM Arguments:
java_command: java.jar
java_class_path (initial): java.jar
Launcher Type: SUN_STANDARD

Logging:
Log output configuration:
#0: stdout all=warning uptime,level,tags
#1: stderr all=off uptime,level,tags

Environment Variables:
JAVA_HOME=/usr/local/devtools/jdk1.8.0_171
JRE_HOME=/usr/local/devtools/jdk1.8.0_171/jre
CLASSPATH=/usr/local/devtools/jdk1.8.0_171/lib/
PATH=/home/gufei/.local/bin:/home/gufei/.local/bin:/usr/local/sbin:/usr/local/bin:/usr/sbin:/usr/bin:/sbin:/bin:/usr/games:/usr/local/games:/media/gufei/gufei/android/android-sdk-linux/platform-tools:/media/gufei/gufei/android/android-sdk-linux/tools:/home/gufei/.gradle/wrapper/dists/gradle-4.4-all/9br9xq1tocpiv8o6njlyu5op1/gradle-4.4/bin:/usr/local/devtools/go/bin:/snap/bin:/usr/local/devtools/jdk1.8.0_171/bin:/usr/local/devtools/android-sdk_r24.4.1-linux/android-sdk-linux/platform-tools:/usr/local/devtools/android-sdk_r24.4.1-linux/android-sdk-linux/tools:/home/gufei/.gradle/wrapper/dists/gradle-4.4-all/9br9xq1tocpiv8o6njlyu5op1/gradle-4.4/bin:/usr/local/devtools/go/bin:/media/gufei/gufei/android/android-sdk-linux/platform-tools:/media/gufei/gufei/android/android-sdk-linux/tools:/home/gufei/.gradle/wrapper/dists/gradle-4.4-all/9br9xq1tocpiv8o6njlyu5op1/gradle-4.4/bin:/usr/local/devtools/go/bin:/usr/local/devtools/jdk1.8.0_171/bin:/usr/local/devtools/android-sdk_r24.4.1-linux/android-sdk-linux/platform-tools:/usr/local/devtools/android-sdk_r24.4.1-linux/android-sdk-linux/tools:/home/gufei/.gradle/wrapper/dists/gradle-4.4-all/9br9xq1tocpiv8o6njlyu5op1/gradle-4.4/bin:/usr/local/devtools/go/bin
USERNAME=gufei
SHELL=/bin/bash
DISPLAY=:0

Signal Handlers:
SIGSEGV: [libjvm.so+0xd28b70], sa_mask[0]=11111111011111111101111111111110, sa_flags=SA_RESTART|SA_SIGINFO
SIGBUS: [libjvm.so+0xd28b70], sa_mask[0]=11111111011111111101111111111110, sa_flags=SA_RESTART|SA_SIGINFO
SIGFPE: [libjvm.so+0xd28b70], sa_mask[0]=11111111011111111101111111111110, sa_flags=SA_RESTART|SA_SIGINFO
SIGPIPE: SIG_IGN, sa_mask[0]=00000000000010000000000000000000, sa_flags=SA_RESTART
SIGXFSZ: [libjvm.so+0xb2a1f0], sa_mask[0]=11111111011111111101111111111110, sa_flags=SA_RESTART|SA_SIGINFO
SIGILL: [libjvm.so+0xd28b70], sa_mask[0]=11111111011111111101111111111110, sa_flags=SA_RESTART|SA_SIGINFO
SIGUSR2: [libjvm.so+0xb2a030], sa_mask[0]=00100000000000000000000000000000, sa_flags=SA_RESTART|SA_SIGINFO
SIGHUP: SIG_IGN, sa_mask[0]=00000000000000000000000000000000, sa_flags=none
SIGINT: [libjvm.so+0xb2a180], sa_mask[0]=11111111011111111101111111111110, sa_flags=SA_RESTART|SA_SIGINFO
SIGTERM: [libjvm.so+0xb2a180], sa_mask[0]=11111111011111111101111111111110, sa_flags=SA_RESTART|SA_SIGINFO
SIGQUIT: [libjvm.so+0xb2a180], sa_mask[0]=11111111011111111101111111111110, sa_flags=SA_RESTART|SA_SIGINFO


---------------  S Y S T E M  ---------------

OS:DISTRIB_ID=Ubuntu
DISTRIB_RELEASE=18.04
DISTRIB_CODENAME=bionic
DISTRIB_DESCRIPTION="Ubuntu 18.04.1 LTS"
uname:Linux 4.15.0-39-generic #42-Ubuntu SMP Tue Oct 23 15:48:01 UTC 2018 x86_64
libc:glibc 2.27 NPTL 2.27 
rlimit: STACK 8192k, CORE 0k, NPROC 62906, NOFILE 4096, AS infinity, DATA infinity, FSIZE infinity
load average:1.32 1.08 1.02

/proc/meminfo:
MemTotal:       16305284 kB
MemFree:         5052108 kB
MemAvailable:    7112692 kB
Buffers:          376224 kB
Cached:          2417536 kB
SwapCached:         1276 kB
Active:          9028420 kB
Inactive:        1688456 kB
Active(anon):    7724752 kB
Inactive(anon):   827104 kB
Active(file):    1303668 kB
Inactive(file):   861352 kB
Unevictable:          32 kB
Mlocked:              32 kB
SwapTotal:       2097148 kB
SwapFree:        2085884 kB
Dirty:              6184 kB
Writeback:           108 kB
AnonPages:       7906656 kB
Mapped:           391692 kB
Shmem:            628756 kB
Slab:             363536 kB
SReclaimable:     233692 kB
SUnreclaim:       129844 kB
KernelStack:        8764 kB
PageTables:        58536 kB
NFS_Unstable:          0 kB
Bounce:                0 kB
WritebackTmp:          0 kB
CommitLimit:    10249788 kB
Committed_AS:   16336108 kB
VmallocTotal:   34359738367 kB
VmallocUsed:           0 kB
VmallocChunk:          0 kB
HardwareCorrupted:     0 kB
AnonHugePages:         0 kB
ShmemHugePages:        0 kB
ShmemPmdMapped:        0 kB
CmaTotal:              0 kB
CmaFree:               0 kB
HugePages_Total:       0
HugePages_Free:        0
HugePages_Rsvd:        0
HugePages_Surp:        0
Hugepagesize:       2048 kB
DirectMap4k:      416092 kB
DirectMap2M:    15192064 kB
DirectMap1G:     1048576 kB

container (cgroup) information:
container_type: cgroupv1
cpu_cpuset_cpus: 0-3
cpu_memory_nodes: 0
active_processor_count: 4
cpu_quota: -1
cpu_period: 100000
cpu_shares: -1
memory_limit_in_bytes: -1
memory_and_swap_limit_in_bytes: -2
memory_soft_limit_in_bytes: -1
memory_usage_in_bytes: 10909016064
memory_max_usage_in_bytes: 15936679936


CPU:total 4 (initial active 4) (4 cores per cpu, 1 threads per core) family 6 model 158 stepping 9, cmov, cx8, fxsr, mmx, sse, sse2, sse3, ssse3, sse4.1, sse4.2, popcnt, avx, avx2, aes, clmul, erms, rtm, 3dnowpref, lzcnt, tsc, tscinvbit, bmi1, bmi2, adx, fma
CPU Model and flags from /proc/cpuinfo:
model name	: Intel(R) Core(TM) i5-7500 CPU @ 3.40GHz
flags		: fpu vme de pse tsc msr pae mce cx8 apic sep mtrr pge mca cmov pat pse36 clflush dts acpi mmx fxsr sse sse2 ss ht tm pbe syscall nx pdpe1gb rdtscp lm constant_tsc art arch_perfmon pebs bts rep_good nopl xtopology nonstop_tsc cpuid aperfmperf tsc_known_freq pni pclmulqdq dtes64 monitor ds_cpl vmx smx est tm2 ssse3 sdbg fma cx16 xtpr pdcm pcid sse4_1 sse4_2 x2apic movbe popcnt tsc_deadline_timer aes xsave avx f16c rdrand lahf_lm abm 3dnowprefetch cpuid_fault invpcid_single pti ssbd ibrs ibpb stibp tpr_shadow vnmi flexpriority ept vpid fsgsbase tsc_adjust bmi1 hle avx2 smep bmi2 erms invpcid rtm mpx rdseed adx smap clflushopt intel_pt xsaveopt xsavec xgetbv1 xsaves dtherm ida arat pln pts hwp hwp_notify hwp_act_window hwp_epp flush_l1d

Memory: 4k page, physical 16305284k(5060340k free), swap 2097148k(2085884k free)

vm_info: OpenJDK 64-Bit Server VM (10.0.2+13-Ubuntu-1ubuntu0.18.04.3) for linux-amd64 JRE (10.0.2+13-Ubuntu-1ubuntu0.18.04.3), built on Oct  7 2018 15:06:09 by "buildd" with gcc 7.3.0

END.
