#
# A fatal error has been detected by the Java Runtime Environment:
#
#  SIGSEGV (0xb) at pc=0x00007fd76c401cba, pid=8025, tid=0x00007fd761564700
#
# JRE version: Java(TM) SE Runtime Environment (8.0_171-b11) (build 1.8.0_171-b11)
# Java VM: Java HotSpot(TM) 64-Bit Server VM (25.171-b11 mixed mode linux-amd64 compressed oops)
# Problematic frame:
# v  ~BufferBlob::jni_fast_GetLongField
#
# Failed to write core dump. Core dumps have been disabled. To enable core dumping, try "ulimit -c unlimited" before starting Java again
#
# If you would like to submit a bug report, please visit:
#   http://bugreport.java.com/bugreport/crash.jsp
# The crash happened outside the Java Virtual Machine in native code.
# See problematic frame for where to report the bug.
#

---------------  T H R E A D  ---------------

Current thread (0x00007fd77c356800):  JavaThread "AWT-XAWT" daemon [_thread_in_native, id=8055, stack(0x00007fd761464000,0x00007fd761565000)]

siginfo: si_signo: 11 (SIGSEGV), si_code: 1 (SEGV_MAPERR), si_addr: 0x0000000000000000

Registers:
RAX=0x00007fd781a874c0, RBX=0x00007fd77c3569f8, RCX=0x00007fd782518320, RDX=0x0000000000000042
RSP=0x00007fd7615634d8, RBP=0x00007fd761563500, RSI=0x0000000000000000, RDI=0x00007fd77c3569f8
R8 =0x00007fd762dca9b0, R9 =0x0000000000000000, R10=0x0000000000000170, R11=0x00007fd76c78f818
R12=0x0000000000000000, R13=0x0000000000000000, R14=0x00007fd763510820, R15=0x00007fd77c356800
RIP=0x00007fd76c401cba, EFLAGS=0x0000000000010246, CSGSFS=0x002b000000000033, ERR=0x0000000000000004
  TRAPNO=0x000000000000000e

Top of Stack: (sp=0x00007fd7615634d8)
0x00007fd7615634d8:   00007fd7632ef001 00007fd76a4d9930
0x00007fd7615634e8:   0000000000000000 00007fd7615635b0
0x00007fd7615634f8:   00007fd761563580 00007fd710017b10
0x00007fd761563508:   00007fd762dd2b1d 00007fd76a4d9930
0x00007fd761563518:   00007fd761563540 0000000000000000
0x00007fd761563528:   00007fd762dca9d3 00007fd7615635b0
0x00007fd761563538:   00007fd7632e823f 00007fd761563590
0x00007fd761563548:   00007fd76c78f8b6 0000000000000000
0x00007fd761563558:   00007fd76c5d9576 00007fd7615635b0
0x00007fd761563568:   00007fd76c511d6c 0000000771009040
0x00007fd761563578:   00007fd76c883ea8 0000000771008758
0x00007fd761563588:   00007fd718001260 00007fd761563610
0x00007fd761563598:   00007fd76c39fa90 00007fd761563610
0x00007fd7615635a8:   00007fd76c39fa90 0000000000000000
0x00007fd7615635b8:   00007fd76c39fdd0 00007fd718001260
0x00007fd7615635c8:   0000000771009040 00007fd7615635d0
0x00007fd7615635d8:   00007fd76a5ca2c4 00007fd761563658
0x00007fd7615635e8:   00007fd76a5d32b0 0000000000000000
0x00007fd7615635f8:   00007fd76a5ca400 00007fd7615635b0
0x00007fd761563608:   00007fd761563650 00007fd7615636a0
0x00007fd761563618:   00007fd76c3a02bd 0000000000000000
0x00007fd761563628:   000000076e0039a8 0000000000000000
0x00007fd761563638:   0000000000000000 0000000000000000
0x00007fd761563648:   0000000771009040 0000000000000000
0x00007fd761563658:   0000000771008868 00007fd761563660
0x00007fd761563668:   00007fd76a5ca105 00007fd7615636b0
0x00007fd761563678:   00007fd76a5d32b0 0000000000000000
0x00007fd761563688:   00007fd76a5ca110 00007fd761563650
0x00007fd761563698:   00007fd7615636b0 00007fd7615636f8
0x00007fd7615636a8:   00007fd76c3a0302 0000000771008868
0x00007fd7615636b8:   00007fd7615636b8 00007fd76a04453b
0x00007fd7615636c8:   00007fd761563708 00007fd76a0cbf88 

Instructions: (pc=0x00007fd76c401cba)
0x00007fd76c401c9a:   00 00 00 00 00 00 44 8b 15 41 53 6c 15 4c 8b ce
0x00007fd76c401caa:   41 f6 c2 01 0f 85 2e 00 00 00 4d 33 ca 4d 33 ca
0x00007fd76c401cba:   4d 8b 09 4c 8b da 49 c1 eb 02 4b 8b 04 19 49 bb
0x00007fd76c401cca:   e8 6f ac 81 d7 7f 00 00 4c 33 d8 4c 33 d8 45 3b 

Register to memory mapping:

RAX=0x00007fd781a874c0: <offset 0xf914c0> in /usr/local/devtools/jdk1.8.0_171/jre/lib/amd64/server/libjvm.so at 0x00007fd780af6000
RBX=0x00007fd77c3569f8 is an unknown value
RCX=0x00007fd782518320: <offset 0x21a320> in /lib/x86_64-linux-gnu/libpthread.so.0 at 0x00007fd7822fe000
RDX=0x0000000000000042 is an unknown value
RSP=0x00007fd7615634d8 is pointing into the stack for thread: 0x00007fd77c356800
RBP=0x00007fd761563500 is pointing into the stack for thread: 0x00007fd77c356800
RSI=0x0000000000000000 is an unknown value
RDI=0x00007fd77c3569f8 is an unknown value
R8 =0x00007fd762dca9b0: <offset 0x5c9b0> in /usr/lib/x86_64-linux-gnu/libX11.so.6 at 0x00007fd762d6e000
R9 =0x0000000000000000 is an unknown value
R10=0x0000000000000170 is an unknown value
R11=0x00007fd76c78f818 is at entry_point+24 in (nmethod*)0x00007fd76c78f690
R12=0x0000000000000000 is an unknown value
R13=0x0000000000000000 is an unknown value
R14=0x00007fd763510820: <offset 0x258820> in /usr/local/devtools/jdk1.8.0_171/jre/lib/amd64/libawt_xawt.so at 0x00007fd7632b8000
R15=0x00007fd77c356800 is a thread


Stack: [0x00007fd761464000,0x00007fd761565000],  sp=0x00007fd7615634d8,  free space=1021k
Native frames: (J=compiled Java code, j=interpreted, Vv=VM code, C=native code)
v  ~BufferBlob::jni_fast_GetLongField
C  [libX11.so.6+0x64b1d]  _XimServerDestroy+0x3d

Java frames: (J=compiled Java code, j=interpreted, Vv=VM code)
J 1170  sun.awt.X11.XlibWrapper.XFilterEvent(JJ)Z (0 bytes) @ 0x00007fd76c78f844 [0x00007fd76c78f800+0x44]
j  sun.awt.X11.XToolkit.run(Z)V+300
j  sun.awt.X11.XToolkit.run()V+5
j  java.lang.Thread.run()V+11
v  ~StubRoutines::call_stub

---------------  P R O C E S S  ---------------

Java Threads: ( => current thread )
  0x00007fd7100a9800 JavaThread "pool-1-thread-1" [_thread_blocked, id=8072, stack(0x00007fd7607cf000,0x00007fd7608d0000)]
  0x00007fd71000e000 JavaThread "TimerQueue" daemon [_thread_blocked, id=8063, stack(0x00007fd7608d0000,0x00007fd7609d1000)]
  0x00007fd77c00d000 JavaThread "DestroyJavaVM" [_thread_blocked, id=8026, stack(0x00007fd782626000,0x00007fd782726000)]
=>0x00007fd77c356800 JavaThread "AWT-XAWT" daemon [_thread_in_native, id=8055, stack(0x00007fd761464000,0x00007fd761565000)]
  0x00007fd77c337800 JavaThread "Java2D Disposer" daemon [_thread_blocked, id=8054, stack(0x00007fd761975000,0x00007fd761a76000)]
  0x00007fd77c208000 JavaThread "Service Thread" daemon [_thread_blocked, id=8052, stack(0x00007fd7638e4000,0x00007fd7639e5000)]
  0x00007fd77c1fd000 JavaThread "C1 CompilerThread2" daemon [_thread_blocked, id=8051, stack(0x00007fd7639e6000,0x00007fd763ae6000)]
  0x00007fd77c1fa800 JavaThread "C2 CompilerThread1" daemon [_thread_blocked, id=8050, stack(0x00007fd763ae7000,0x00007fd763be7000)]
  0x00007fd77c1f9000 JavaThread "C2 CompilerThread0" daemon [_thread_blocked, id=8049, stack(0x00007fd763dff000,0x00007fd763eff000)]
  0x00007fd77c181000 JavaThread "Signal Dispatcher" daemon [_thread_in_vm, id=8046, stack(0x00007fd768095000,0x00007fd768196000)]
  0x00007fd77c14e000 JavaThread "Finalizer" daemon [_thread_blocked, id=8040, stack(0x00007fd768b65000,0x00007fd768c66000)]
  0x00007fd77c149800 JavaThread "Reference Handler" daemon [_thread_blocked, id=8039, stack(0x00007fd768c66000,0x00007fd768d67000)]

Other Threads:
  0x00007fd77c142000 VMThread [stack: 0x00007fd768d68000,0x00007fd768e68000] [id=8037]
  0x00007fd77c20d000 WatcherThread [stack: 0x00007fd7637e4000,0x00007fd7638e4000] [id=8053]

VM state:not at safepoint (normal execution)

VM Mutex/Monitor currently owned by a thread:  ([mutex/lock_event])
[0x00007fd77c009350] Threads_lock - owner thread: 0x00007fd77c181000

Heap:
 PSYoungGen      total 74752K, used 38237K [0x000000076d100000, 0x0000000772400000, 0x00000007c0000000)
  eden space 64512K, 55% used [0x000000076d100000,0x000000076f3a7cd0,0x0000000771000000)
  from space 10240K, 26% used [0x0000000771000000,0x00000007712af860,0x0000000771a00000)
  to   space 10240K, 0% used [0x0000000771a00000,0x0000000771a00000,0x0000000772400000)
 ParOldGen       total 171008K, used 24K [0x00000006c7200000, 0x00000006d1900000, 0x000000076d100000)
  object space 171008K, 0% used [0x00000006c7200000,0x00000006c7206000,0x00000006d1900000)
 Metaspace       used 15849K, capacity 16148K, committed 16384K, reserved 1062912K
  class space    used 1970K, capacity 2035K, committed 2048K, reserved 1048576K

Card table byte_map: [0x00007fd76b810000,0x00007fd76bfd8000] byte_map_base: 0x00007fd7681d7000

Marking Bits: (ParMarkBitMap*) 0x00007fd781ac6280
 Begin Bits: [0x00007fd74c390000, 0x00007fd7501c8000)
 End Bits:   [0x00007fd7501c8000, 0x00007fd754000000)

Polling page: 0x00007fd782743000

CodeCache: size=245760Kb used=5114Kb max_used=5133Kb free=240645Kb
 bounds [0x00007fd76c398000, 0x00007fd76c8a8000, 0x00007fd77b398000]
 total_blobs=2105 nmethods=1522 adapters=496
 compilation: enabled

Compilation events (10 events):
Event: 4480.221 Thread 0x00007fd77c1f9000 nmethod 1626 0x00007fd76c59b990 code [0x00007fd76c59bae0, 0x00007fd76c59bb98]
Event: 4480.224 Thread 0x00007fd77c1fa800 nmethod 1625 0x00007fd76c883c90 code [0x00007fd76c883e20, 0x00007fd76c8841a0]
Event: 4549.378 Thread 0x00007fd77c1f9000 1627   !   4       sun.awt.X11.XToolkit::notifyListeners (100 bytes)
Event: 4549.379 Thread 0x00007fd77c1f9000 nmethod 1627 0x00007fd76c883690 code [0x00007fd76c8837e0, 0x00007fd76c883ad8]
Event: 4825.154 Thread 0x00007fd77c1fa800 1628       4       java.util.Vector::<init> (53 bytes)
Event: 4825.156 Thread 0x00007fd77c1fa800 nmethod 1628 0x00007fd76c885810 code [0x00007fd76c885980, 0x00007fd76c885ed8]
Event: 5056.664 Thread 0x00007fd77c1fd000 1629       3       sun.awt.X11.XDnDDropTargetProtocol::getMessageType (59 bytes)
Event: 5056.665 Thread 0x00007fd77c1fd000 nmethod 1629 0x00007fd76c884890 code [0x00007fd76c884a80, 0x00007fd76c8853a8]
Event: 5056.665 Thread 0x00007fd77c1fd000 1630       3       sun.awt.X11.MotifDnDDropTargetProtocol::getMessageType (98 bytes)
Event: 5056.666 Thread 0x00007fd77c1fd000 nmethod 1630 0x00007fd76c8867d0 code [0x00007fd76c8869c0, 0x00007fd76c887198]

GC Heap History (2 events):
Event: 72.135 GC heap before
{Heap before GC invocations=1 (full 0):
 PSYoungGen      total 74752K, used 64512K [0x000000076d100000, 0x0000000772400000, 0x00000007c0000000)
  eden space 64512K, 100% used [0x000000076d100000,0x0000000771000000,0x0000000771000000)
  from space 10240K, 0% used [0x0000000771a00000,0x0000000771a00000,0x0000000772400000)
  to   space 10240K, 0% used [0x0000000771000000,0x0000000771000000,0x0000000771a00000)
 ParOldGen       total 171008K, used 0K [0x00000006c7200000, 0x00000006d1900000, 0x000000076d100000)
  object space 171008K, 0% used [0x00000006c7200000,0x00000006c7200000,0x00000006d1900000)
 Metaspace       used 15784K, capacity 16084K, committed 16384K, reserved 1062912K
  class space    used 1969K, capacity 2035K, committed 2048K, reserved 1048576K
Event: 72.138 GC heap after
Heap after GC invocations=1 (full 0):
 PSYoungGen      total 74752K, used 2750K [0x000000076d100000, 0x0000000772400000, 0x00000007c0000000)
  eden space 64512K, 0% used [0x000000076d100000,0x000000076d100000,0x0000000771000000)
  from space 10240K, 26% used [0x0000000771000000,0x00000007712af860,0x0000000771a00000)
  to   space 10240K, 0% used [0x0000000771a00000,0x0000000771a00000,0x0000000772400000)
 ParOldGen       total 171008K, used 24K [0x00000006c7200000, 0x00000006d1900000, 0x000000076d100000)
  object space 171008K, 0% used [0x00000006c7200000,0x00000006c7206000,0x00000006d1900000)
 Metaspace       used 15784K, capacity 16084K, committed 16384K, reserved 1062912K
  class space    used 1969K, capacity 2035K, committed 2048K, reserved 1048576K
}

Deoptimization events (10 events):
Event: 0.301 Thread 0x00007fd77c00d000 Uncommon trap: reason=class_check action=maybe_recompile pc=0x00007fd76c513218 method=java.lang.String.equals(Ljava/lang/Object;)Z @ 8
Event: 0.302 Thread 0x00007fd77c00d000 Uncommon trap: reason=class_check action=maybe_recompile pc=0x00007fd76c513218 method=java.lang.String.equals(Ljava/lang/Object;)Z @ 8
Event: 0.302 Thread 0x00007fd77c00d000 Uncommon trap: reason=class_check action=maybe_recompile pc=0x00007fd76c513218 method=java.lang.String.equals(Ljava/lang/Object;)Z @ 8
Event: 10.298 Thread 0x00007fd77c3b1800 Uncommon trap: reason=unstable_if action=reinterpret pc=0x00007fd76c5f29f4 method=java.util.HashMap.getNode(ILjava/lang/Object;)Ljava/util/HashMap$Node; @ 62
Event: 10.298 Thread 0x00007fd77c3b1800 Uncommon trap: reason=unstable_if action=reinterpret pc=0x00007fd76c5d4a3c method=java.util.HashMap.getNode(ILjava/lang/Object;)Ljava/util/HashMap$Node; @ 62
Event: 15.918 Thread 0x00007fd77c3b1800 Uncommon trap: reason=class_check action=maybe_recompile pc=0x00007fd76c578c3c method=java.util.Properties$LineReader.readLine()I @ 62
Event: 15.918 Thread 0x00007fd77c3b1800 Uncommon trap: reason=unstable_if action=reinterpret pc=0x00007fd76c5732a4 method=java.util.Properties.loadConvert([CII[C)Ljava/lang/String; @ 57
Event: 15.918 Thread 0x00007fd77c3b1800 Uncommon trap: reason=class_check action=maybe_recompile pc=0x00007fd76c578c58 method=java.util.Properties$LineReader.readLine()I @ 410
Event: 15.918 Thread 0x00007fd77c3b1800 Uncommon trap: reason=class_check action=maybe_recompile pc=0x00007fd76c578c3c method=java.util.Properties$LineReader.readLine()I @ 62
Event: 21.526 Thread 0x00007fd7100a9800 Uncommon trap: reason=unstable_if action=reinterpret pc=0x00007fd76c818a30 method=com.deploytools.utils.FileUtils.copy(Ljava/io/File;Ljava/io/File;)V @ 28

Classes redefined (0 events):
No events

Internal exceptions (10 events):
Event: 0.076 Thread 0x00007fd77c00d000 Exception <a 'java/security/PrivilegedActionException'> (0x000000076d410758) thrown at [/HUDSON/workspace/8-2-build-linux-amd64/jdk8u171/10807/hotspot/src/share/vm/prims/jvm.cpp, line 1435]
Event: 0.076 Thread 0x00007fd77c00d000 Exception <a 'java/security/PrivilegedActionException'> (0x000000076d410968) thrown at [/HUDSON/workspace/8-2-build-linux-amd64/jdk8u171/10807/hotspot/src/share/vm/prims/jvm.cpp, line 1435]
Event: 0.076 Thread 0x00007fd77c00d000 Exception <a 'java/security/PrivilegedActionException'> (0x000000076d413018) thrown at [/HUDSON/workspace/8-2-build-linux-amd64/jdk8u171/10807/hotspot/src/share/vm/prims/jvm.cpp, line 1435]
Event: 0.076 Thread 0x00007fd77c00d000 Exception <a 'java/security/PrivilegedActionException'> (0x000000076d413228) thrown at [/HUDSON/workspace/8-2-build-linux-amd64/jdk8u171/10807/hotspot/src/share/vm/prims/jvm.cpp, line 1435]
Event: 0.103 Thread 0x00007fd77c00d000 Exception <a 'java/lang/NoSuchFieldError': method resolution failed> (0x000000076d696038) thrown at [/HUDSON/workspace/8-2-build-linux-amd64/jdk8u171/10807/hotspot/src/share/vm/prims/methodHandles.cpp, line 1167]
Event: 0.104 Thread 0x00007fd77c00d000 Exception <a 'java/lang/NoSuchFieldError': method resolution failed> (0x000000076d6a42b0) thrown at [/HUDSON/workspace/8-2-build-linux-amd64/jdk8u171/10807/hotspot/src/share/vm/prims/methodHandles.cpp, line 1167]
Event: 0.121 Thread 0x00007fd77c00d000 Exception <a 'java/io/FileNotFoundException'> (0x000000076d749408) thrown at [/HUDSON/workspace/8-2-build-linux-amd64/jdk8u171/10807/hotspot/src/share/vm/prims/jni.cpp, line 709]
Event: 0.121 Thread 0x00007fd77c00d000 Exception <a 'java/io/FileNotFoundException'> (0x000000076d749d78) thrown at [/HUDSON/workspace/8-2-build-linux-amd64/jdk8u171/10807/hotspot/src/share/vm/prims/jni.cpp, line 709]
Event: 0.357 Thread 0x00007fd77c3b1800 Exception <a 'java/lang/UnsupportedOperationException': > (0x000000076de058c0) thrown at [/HUDSON/workspace/8-2-build-linux-amd64/jdk8u171/10807/hotspot/src/share/vm/prims/jni.cpp, line 735]
Event: 2.442 Thread 0x00007fd77c3b1800 Exception <a 'java/lang/UnsupportedOperationException': > (0x000000076e5d0dd0) thrown at [/HUDSON/workspace/8-2-build-linux-amd64/jdk8u171/10807/hotspot/src/share/vm/prims/jni.cpp, line 735]

Events (10 events):
Event: 2856.621 Thread 0x00007fd77c1fa800 flushing nmethod 0x00007fd76c742490
Event: 3969.009 Thread 0x00007fd77c1f9000 flushing nmethod 0x00007fd76c7f02d0
Event: 3969.009 Thread 0x00007fd77c1f9000 flushing nmethod 0x00007fd76c813790
Event: 3969.009 Thread 0x00007fd77c1f9000 flushing nmethod 0x00007fd76c817a10
Event: 3969.009 Thread 0x00007fd77c1f9000 flushing nmethod 0x00007fd76c817d90
Event: 3969.009 Thread 0x00007fd77c1f9000 flushing nmethod 0x00007fd76c8187d0
Event: 3969.009 Thread 0x00007fd77c1f9000 flushing nmethod 0x00007fd76c81a6d0
Event: 3969.009 Thread 0x00007fd77c1f9000 flushing nmethod 0x00007fd76c81fe50
Event: 5090.552 loading class sun/misc/Signal$1
Event: 5090.554 loading class sun/misc/Signal$1 done


Dynamic libraries:
00400000-00401000 r-xp 00000000 08:02 4071484                            /usr/local/devtools/jdk1.8.0_171/bin/java
00600000-00601000 rw-p 00000000 08:02 4071484                            /usr/local/devtools/jdk1.8.0_171/bin/java
01092000-010b3000 rw-p 00000000 00:00 0                                  [heap]
6c7200000-6d1900000 rw-p 00000000 00:00 0 
6d1900000-76d100000 ---p 00000000 00:00 0 
76d100000-772400000 rw-p 00000000 00:00 0 
772400000-7c0000000 ---p 00000000 00:00 0 
7c0000000-7c0200000 rw-p 00000000 00:00 0 
7c0200000-800000000 ---p 00000000 00:00 0 
7fd708000000-7fd708082000 rw-p 00000000 00:00 0 
7fd708082000-7fd70c000000 ---p 00000000 00:00 0 
7fd70c000000-7fd70c021000 rw-p 00000000 00:00 0 
7fd70c021000-7fd710000000 ---p 00000000 00:00 0 
7fd710000000-7fd7102a0000 rw-p 00000000 00:00 0 
7fd7102a0000-7fd714000000 ---p 00000000 00:00 0 
7fd714000000-7fd714021000 rw-p 00000000 00:00 0 
7fd714021000-7fd718000000 ---p 00000000 00:00 0 
7fd718000000-7fd718043000 rw-p 00000000 00:00 0 
7fd718043000-7fd71c000000 ---p 00000000 00:00 0 
7fd71c000000-7fd71c021000 rw-p 00000000 00:00 0 
7fd71c021000-7fd720000000 ---p 00000000 00:00 0 
7fd720000000-7fd720021000 rw-p 00000000 00:00 0 
7fd720021000-7fd724000000 ---p 00000000 00:00 0 
7fd724000000-7fd724021000 rw-p 00000000 00:00 0 
7fd724021000-7fd728000000 ---p 00000000 00:00 0 
7fd728000000-7fd728719000 rw-p 00000000 00:00 0 
7fd728719000-7fd72c000000 ---p 00000000 00:00 0 
7fd72c000000-7fd72c021000 rw-p 00000000 00:00 0 
7fd72c021000-7fd730000000 ---p 00000000 00:00 0 
7fd730000000-7fd730f2a000 rw-p 00000000 00:00 0 
7fd730f2a000-7fd734000000 ---p 00000000 00:00 0 
7fd734000000-7fd734221000 rw-p 00000000 00:00 0 
7fd734221000-7fd738000000 ---p 00000000 00:00 0 
7fd738000000-7fd738021000 rw-p 00000000 00:00 0 
7fd738021000-7fd73c000000 ---p 00000000 00:00 0 
7fd73c000000-7fd73c03c000 rw-p 00000000 00:00 0 
7fd73c03c000-7fd740000000 ---p 00000000 00:00 0 
7fd740000000-7fd740021000 rw-p 00000000 00:00 0 
7fd740021000-7fd744000000 ---p 00000000 00:00 0 
7fd744000000-7fd744021000 rw-p 00000000 00:00 0 
7fd744021000-7fd748000000 ---p 00000000 00:00 0 
7fd748000000-7fd748021000 rw-p 00000000 00:00 0 
7fd748021000-7fd74c000000 ---p 00000000 00:00 0 
7fd74c390000-7fd754000000 rw-p 00000000 00:00 0 
7fd754000000-7fd754021000 rw-p 00000000 00:00 0 
7fd754021000-7fd758000000 ---p 00000000 00:00 0 
7fd758000000-7fd758021000 rw-p 00000000 00:00 0 
7fd758021000-7fd75c000000 ---p 00000000 00:00 0 
7fd75c000000-7fd75c021000 rw-p 00000000 00:00 0 
7fd75c021000-7fd760000000 ---p 00000000 00:00 0 
7fd7603cd000-7fd7605cd000 rw-p 00000000 00:00 0 
7fd7605cd000-7fd7605d0000 ---p 00000000 00:00 0 
7fd7605d0000-7fd7606ce000 rw-p 00000000 00:00 0 
7fd7606ce000-7fd7606d1000 ---p 00000000 00:00 0 
7fd7606d1000-7fd7607cf000 rw-p 00000000 00:00 0 
7fd7607cf000-7fd7607d2000 ---p 00000000 00:00 0 
7fd7607d2000-7fd7608d0000 rw-p 00000000 00:00 0 
7fd7608d0000-7fd7608d3000 ---p 00000000 00:00 0 
7fd7608d3000-7fd760bd1000 rw-p 00000000 00:00 0 
7fd760bd1000-7fd760c3b000 r-xp 00000000 08:02 4203010                    /usr/local/devtools/jdk1.8.0_171/jre/lib/amd64/libt2k.so
7fd760c3b000-7fd760e3a000 ---p 0006a000 08:02 4203010                    /usr/local/devtools/jdk1.8.0_171/jre/lib/amd64/libt2k.so
7fd760e3a000-7fd760e41000 rw-p 00069000 08:02 4203010                    /usr/local/devtools/jdk1.8.0_171/jre/lib/amd64/libt2k.so
7fd760e41000-7fd760e51000 rw-p 00000000 00:00 0 
7fd760e51000-7fd760e62000 r-xp 00000000 08:02 4203045                    /usr/local/devtools/jdk1.8.0_171/jre/lib/amd64/libnio.so
7fd760e62000-7fd761061000 ---p 00011000 08:02 4203045                    /usr/local/devtools/jdk1.8.0_171/jre/lib/amd64/libnio.so
7fd761061000-7fd761062000 rw-p 00010000 08:02 4203045                    /usr/local/devtools/jdk1.8.0_171/jre/lib/amd64/libnio.so
7fd761062000-7fd761065000 ---p 00000000 00:00 0 
7fd761065000-7fd761163000 rw-p 00000000 00:00 0 
7fd761163000-7fd761166000 ---p 00000000 00:00 0 
7fd761166000-7fd761464000 rw-p 00000000 00:00 0 
7fd761464000-7fd761467000 ---p 00000000 00:00 0 
7fd761467000-7fd761565000 rw-p 00000000 00:00 0 
7fd761565000-7fd76156a000 r-xp 00000000 08:02 3940211                    /usr/lib/x86_64-linux-gnu/libXfixes.so.3.1.0
7fd76156a000-7fd761769000 ---p 00005000 08:02 3940211                    /usr/lib/x86_64-linux-gnu/libXfixes.so.3.1.0
7fd761769000-7fd76176a000 r--p 00004000 08:02 3940211                    /usr/lib/x86_64-linux-gnu/libXfixes.so.3.1.0
7fd76176a000-7fd76176b000 rw-p 00005000 08:02 3940211                    /usr/lib/x86_64-linux-gnu/libXfixes.so.3.1.0
7fd76176b000-7fd761774000 r-xp 00000000 08:02 3940203                    /usr/lib/x86_64-linux-gnu/libXcursor.so.1.0.2
7fd761774000-7fd761973000 ---p 00009000 08:02 3940203                    /usr/lib/x86_64-linux-gnu/libXcursor.so.1.0.2
7fd761973000-7fd761974000 r--p 00008000 08:02 3940203                    /usr/lib/x86_64-linux-gnu/libXcursor.so.1.0.2
7fd761974000-7fd761975000 rw-p 00009000 08:02 3940203                    /usr/lib/x86_64-linux-gnu/libXcursor.so.1.0.2
7fd761975000-7fd761978000 ---p 00000000 00:00 0 
7fd761978000-7fd761a76000 rw-p 00000000 00:00 0 
7fd761a76000-7fd761a8d000 r-xp 00000000 08:02 274553                     /lib/x86_64-linux-gnu/libgcc_s.so.1
7fd761a8d000-7fd761c8c000 ---p 00017000 08:02 274553                     /lib/x86_64-linux-gnu/libgcc_s.so.1
7fd761c8c000-7fd761c8d000 r--p 00016000 08:02 274553                     /lib/x86_64-linux-gnu/libgcc_s.so.1
7fd761c8d000-7fd761c8e000 rw-p 00017000 08:02 274553                     /lib/x86_64-linux-gnu/libgcc_s.so.1
7fd761c8e000-7fd761cf3000 r-xp 00000000 08:02 4203022                    /usr/local/devtools/jdk1.8.0_171/jre/lib/amd64/libfontmanager.so
7fd761cf3000-7fd761ef2000 ---p 00065000 08:02 4203022                    /usr/local/devtools/jdk1.8.0_171/jre/lib/amd64/libfontmanager.so
7fd761ef2000-7fd761ef7000 rw-p 00064000 08:02 4203022                    /usr/local/devtools/jdk1.8.0_171/jre/lib/amd64/libfontmanager.so
7fd761ef7000-7fd761f07000 rw-p 00000000 00:00 0 
7fd761f07000-7fd761f1a000 r-xp 00000000 08:02 266890                     /lib/x86_64-linux-gnu/libbsd.so.0.8.7
7fd761f1a000-7fd762119000 ---p 00013000 08:02 266890                     /lib/x86_64-linux-gnu/libbsd.so.0.8.7
7fd762119000-7fd76211a000 r--p 00012000 08:02 266890                     /lib/x86_64-linux-gnu/libbsd.so.0.8.7
7fd76211a000-7fd76211b000 rw-p 00013000 08:02 266890                     /lib/x86_64-linux-gnu/libbsd.so.0.8.7
7fd76211b000-7fd76211c000 rw-p 00000000 00:00 0 
7fd76211c000-7fd762121000 r-xp 00000000 08:02 3940207                    /usr/lib/x86_64-linux-gnu/libXdmcp.so.6.0.0
7fd762121000-7fd762320000 ---p 00005000 08:02 3940207                    /usr/lib/x86_64-linux-gnu/libXdmcp.so.6.0.0
7fd762320000-7fd762321000 r--p 00004000 08:02 3940207                    /usr/lib/x86_64-linux-gnu/libXdmcp.so.6.0.0
7fd762321000-7fd762322000 rw-p 00005000 08:02 3940207                    /usr/lib/x86_64-linux-gnu/libXdmcp.so.6.0.0
7fd762322000-7fd762324000 r-xp 00000000 08:02 3940196                    /usr/lib/x86_64-linux-gnu/libXau.so.6.0.0
7fd762324000-7fd762524000 ---p 00002000 08:02 3940196                    /usr/lib/x86_64-linux-gnu/libXau.so.6.0.0
7fd762524000-7fd762525000 r--p 00002000 08:02 3940196                    /usr/lib/x86_64-linux-gnu/libXau.so.6.0.0
7fd762525000-7fd762526000 rw-p 00003000 08:02 3940196                    /usr/lib/x86_64-linux-gnu/libXau.so.6.0.0
7fd762526000-7fd76254c000 r-xp 00000000 08:02 3941400                    /usr/lib/x86_64-linux-gnu/libxcb.so.1.1.0
7fd76254c000-7fd76274c000 ---p 00026000 08:02 3941400                    /usr/lib/x86_64-linux-gnu/libxcb.so.1.1.0
7fd76274c000-7fd76274d000 r--p 00026000 08:02 3941400                    /usr/lib/x86_64-linux-gnu/libxcb.so.1.1.0
7fd76274d000-7fd76274e000 rw-p 00027000 08:02 3941400                    /usr/lib/x86_64-linux-gnu/libxcb.so.1.1.0
7fd76274e000-7fd76275d000 r-xp 00000000 08:02 3940217                    /usr/lib/x86_64-linux-gnu/libXi.so.6.1.0
7fd76275d000-7fd76295c000 ---p 0000f000 08:02 3940217                    /usr/lib/x86_64-linux-gnu/libXi.so.6.1.0
7fd76295c000-7fd76295d000 r--p 0000e000 08:02 3940217                    /usr/lib/x86_64-linux-gnu/libXi.so.6.1.0
7fd76295d000-7fd76295e000 rw-p 0000f000 08:02 3940217                    /usr/lib/x86_64-linux-gnu/libXi.so.6.1.0
7fd76295e000-7fd762963000 r-xp 00000000 08:02 3940235                    /usr/lib/x86_64-linux-gnu/libXtst.so.6.1.0
7fd762963000-7fd762b62000 ---p 00005000 08:02 3940235                    /usr/lib/x86_64-linux-gnu/libXtst.so.6.1.0
7fd762b62000-7fd762b63000 r--p 00004000 08:02 3940235                    /usr/lib/x86_64-linux-gnu/libXtst.so.6.1.0
7fd762b63000-7fd762b64000 rw-p 00005000 08:02 3940235                    /usr/lib/x86_64-linux-gnu/libXtst.so.6.1.0
7fd762b64000-7fd762b6d000 r-xp 00000000 08:02 3940229                    /usr/lib/x86_64-linux-gnu/libXrender.so.1.3.0
7fd762b6d000-7fd762d6c000 ---p 00009000 08:02 3940229                    /usr/lib/x86_64-linux-gnu/libXrender.so.1.3.0
7fd762d6c000-7fd762d6d000 r--p 00008000 08:02 3940229                    /usr/lib/x86_64-linux-gnu/libXrender.so.1.3.0
7fd762d6d000-7fd762d6e000 rw-p 00009000 08:02 3940229                    /usr/lib/x86_64-linux-gnu/libXrender.so.1.3.0
7fd762d6e000-7fd762ea1000 r-xp 00000000 08:02 3946770                    /usr/lib/x86_64-linux-gnu/libX11.so.6.3.0
7fd762ea1000-7fd7630a1000 ---p 00133000 08:02 3946770                    /usr/lib/x86_64-linux-gnu/libX11.so.6.3.0
7fd7630a1000-7fd7630a2000 r--p 00133000 08:02 3946770                    /usr/lib/x86_64-linux-gnu/libX11.so.6.3.0
7fd7630a2000-7fd7630a6000 rw-p 00134000 08:02 3946770                    /usr/lib/x86_64-linux-gnu/libX11.so.6.3.0
7fd7630a6000-7fd7630b7000 r-xp 00000000 08:02 3940209                    /usr/lib/x86_64-linux-gnu/libXext.so.6.4.0
7fd7630b7000-7fd7632b6000 ---p 00011000 08:02 3940209                    /usr/lib/x86_64-linux-gnu/libXext.so.6.4.0
7fd7632b6000-7fd7632b7000 r--p 00010000 08:02 3940209                    /usr/lib/x86_64-linux-gnu/libXext.so.6.4.0
7fd7632b7000-7fd7632b8000 rw-p 00011000 08:02 3940209                    /usr/lib/x86_64-linux-gnu/libXext.so.6.4.0
7fd7632b8000-7fd76330c000 r-xp 00000000 08:02 4203049                    /usr/local/devtools/jdk1.8.0_171/jre/lib/amd64/libawt_xawt.so
7fd76330c000-7fd76350c000 ---p 00054000 08:02 4203049                    /usr/local/devtools/jdk1.8.0_171/jre/lib/amd64/libawt_xawt.so
7fd76350c000-7fd763510000 rw-p 00054000 08:02 4203049                    /usr/local/devtools/jdk1.8.0_171/jre/lib/amd64/libawt_xawt.so
7fd763510000-7fd763511000 rw-p 00000000 00:00 0 
7fd763511000-7fd7635b3000 r-xp 00000000 08:02 4203035                    /usr/local/devtools/jdk1.8.0_171/jre/lib/amd64/libawt.so
7fd7635b3000-7fd7637b3000 ---p 000a2000 08:02 4203035                    /usr/local/devtools/jdk1.8.0_171/jre/lib/amd64/libawt.so
7fd7637b3000-7fd7637bf000 rw-p 000a2000 08:02 4203035                    /usr/local/devtools/jdk1.8.0_171/jre/lib/amd64/libawt.so
7fd7637bf000-7fd7637e3000 rw-p 00000000 00:00 0 
7fd7637e3000-7fd7637e4000 ---p 00000000 00:00 0 
7fd7637e4000-7fd7638e4000 rw-p 00000000 00:00 0 
7fd7638e4000-7fd7638e7000 ---p 00000000 00:00 0 
7fd7638e7000-7fd7639e5000 rw-p 00000000 00:00 0 
7fd7639e5000-7fd7639e6000 ---p 00000000 00:00 0 
7fd7639e6000-7fd7639e9000 ---p 00000000 00:00 0 
7fd7639e9000-7fd763ae6000 rw-p 00000000 00:00 0 
7fd763ae6000-7fd763ae7000 ---p 00000000 00:00 0 
7fd763ae7000-7fd763aea000 ---p 00000000 00:00 0 
7fd763aea000-7fd763be7000 rw-p 00000000 00:00 0 
7fd763be7000-7fd763bfd000 r-xp 00000000 08:02 4203042                    /usr/local/devtools/jdk1.8.0_171/jre/lib/amd64/libnet.so
7fd763bfd000-7fd763dfd000 ---p 00016000 08:02 4203042                    /usr/local/devtools/jdk1.8.0_171/jre/lib/amd64/libnet.so
7fd763dfd000-7fd763dfe000 rw-p 00016000 08:02 4203042                    /usr/local/devtools/jdk1.8.0_171/jre/lib/amd64/libnet.so
7fd763dfe000-7fd763dff000 ---p 00000000 00:00 0 
7fd763dff000-7fd763e02000 ---p 00000000 00:00 0 
7fd763e02000-7fd763eff000 rw-p 00000000 00:00 0 
7fd763eff000-7fd763f02000 ---p 00000000 00:00 0 
7fd763f02000-7fd764000000 rw-p 00000000 00:00 0 
7fd764000000-7fd764021000 rw-p 00000000 00:00 0 
7fd764021000-7fd768000000 ---p 00000000 00:00 0 
7fd768002000-7fd768005000 ---p 00000000 00:00 0 
7fd768005000-7fd76803b000 rw-p 00000000 00:00 0 
7fd76803b000-7fd768045000 r--s 00116000 08:02 4333630                    /usr/local/devtools/jdk1.8.0_171/jre/lib/ext/localedata.jar
7fd768045000-7fd768061000 r--s 00393000 08:02 4333623                    /usr/local/devtools/jdk1.8.0_171/jre/lib/ext/cldrdata.jar
7fd768061000-7fd768082000 r--p 00000000 08:02 4856102                    /usr/share/locale-langpack/zh_CN/LC_MESSAGES/libc.mo
7fd768082000-7fd768095000 r--s 00345000 08:02 4202986                    /usr/local/devtools/jdk1.8.0_171/jre/lib/resources.jar
7fd768095000-7fd768098000 ---p 00000000 00:00 0 
7fd768098000-7fd768196000 rw-p 00000000 00:00 0 
7fd768196000-7fd768b65000 r--p 00000000 08:02 3939059                    /usr/lib/locale/locale-archive
7fd768b65000-7fd768b68000 ---p 00000000 00:00 0 
7fd768b68000-7fd768c66000 rw-p 00000000 00:00 0 
7fd768c66000-7fd768c69000 ---p 00000000 00:00 0 
7fd768c69000-7fd768d67000 rw-p 00000000 00:00 0 
7fd768d67000-7fd768d68000 ---p 00000000 00:00 0 
7fd768d68000-7fd769dc6000 rw-p 00000000 00:00 0 
7fd769dc6000-7fd769fa0000 r--s 03d68000 08:02 4202982                    /usr/local/devtools/jdk1.8.0_171/jre/lib/rt.jar
7fd769fa0000-7fd76afdd000 rw-p 00000000 00:00 0 
7fd76afdd000-7fd76afde000 ---p 00000000 00:00 0 
7fd76afde000-7fd76b0de000 rw-p 00000000 00:00 0 
7fd76b0de000-7fd76b0df000 ---p 00000000 00:00 0 
7fd76b0df000-7fd76b1df000 rw-p 00000000 00:00 0 
7fd76b1df000-7fd76b1e0000 ---p 00000000 00:00 0 
7fd76b1e0000-7fd76b334000 rw-p 00000000 00:00 0 
7fd76b334000-7fd76b810000 ---p 00000000 00:00 0 
7fd76b810000-7fd76b864000 rw-p 00000000 00:00 0 
7fd76b864000-7fd76bd3f000 ---p 00000000 00:00 0 
7fd76bd3f000-7fd76bd69000 rw-p 00000000 00:00 0 
7fd76bd69000-7fd76bfd7000 ---p 00000000 00:00 0 
7fd76bfd7000-7fd76bfed000 rw-p 00000000 00:00 0 
7fd76bfed000-7fd76c398000 ---p 00000000 00:00 0 
7fd76c398000-7fd76c8a8000 rwxp 00000000 00:00 0 
7fd76c8a8000-7fd77b398000 ---p 00000000 00:00 0 
7fd77b398000-7fd77b3b3000 r-xp 00000000 08:02 4203038                    /usr/local/devtools/jdk1.8.0_171/jre/lib/amd64/libzip.so
7fd77b3b3000-7fd77b5b3000 ---p 0001b000 08:02 4203038                    /usr/local/devtools/jdk1.8.0_171/jre/lib/amd64/libzip.so
7fd77b5b3000-7fd77b5b4000 rw-p 0001b000 08:02 4203038                    /usr/local/devtools/jdk1.8.0_171/jre/lib/amd64/libzip.so
7fd77b5b4000-7fd77b5bf000 r-xp 00000000 08:02 266984                     /lib/x86_64-linux-gnu/libnss_files-2.27.so
7fd77b5bf000-7fd77b7be000 ---p 0000b000 08:02 266984                     /lib/x86_64-linux-gnu/libnss_files-2.27.so
7fd77b7be000-7fd77b7bf000 r--p 0000a000 08:02 266984                     /lib/x86_64-linux-gnu/libnss_files-2.27.so
7fd77b7bf000-7fd77b7c0000 rw-p 0000b000 08:02 266984                     /lib/x86_64-linux-gnu/libnss_files-2.27.so
7fd77b7c0000-7fd77b7c6000 rw-p 00000000 00:00 0 
7fd77b7c6000-7fd77b7dd000 r-xp 00000000 08:02 266978                     /lib/x86_64-linux-gnu/libnsl-2.27.so
7fd77b7dd000-7fd77b9dc000 ---p 00017000 08:02 266978                     /lib/x86_64-linux-gnu/libnsl-2.27.so
7fd77b9dc000-7fd77b9dd000 r--p 00016000 08:02 266978                     /lib/x86_64-linux-gnu/libnsl-2.27.so
7fd77b9dd000-7fd77b9de000 rw-p 00017000 08:02 266978                     /lib/x86_64-linux-gnu/libnsl-2.27.so
7fd77b9de000-7fd77b9e0000 rw-p 00000000 00:00 0 
7fd77b9e0000-7fd77b9eb000 r-xp 00000000 08:02 266995                     /lib/x86_64-linux-gnu/libnss_nis-2.27.so
7fd77b9eb000-7fd77bbea000 ---p 0000b000 08:02 266995                     /lib/x86_64-linux-gnu/libnss_nis-2.27.so
7fd77bbea000-7fd77bbeb000 r--p 0000a000 08:02 266995                     /lib/x86_64-linux-gnu/libnss_nis-2.27.so
7fd77bbeb000-7fd77bbec000 rw-p 0000b000 08:02 266995                     /lib/x86_64-linux-gnu/libnss_nis-2.27.so
7fd77bbec000-7fd77bbf4000 r-xp 00000000 08:02 266980                     /lib/x86_64-linux-gnu/libnss_compat-2.27.so
7fd77bbf4000-7fd77bdf4000 ---p 00008000 08:02 266980                     /lib/x86_64-linux-gnu/libnss_compat-2.27.so
7fd77bdf4000-7fd77bdf5000 r--p 00008000 08:02 266980                     /lib/x86_64-linux-gnu/libnss_compat-2.27.so
7fd77bdf5000-7fd77bdf6000 rw-p 00009000 08:02 266980                     /lib/x86_64-linux-gnu/libnss_compat-2.27.so
7fd77bdf6000-7fd77be00000 r-xp 00000000 08:02 4203047                    /usr/local/devtools/jdk1.8.0_171/jre/lib/amd64/libinstrument.so
7fd77be00000-7fd77bfff000 ---p 0000a000 08:02 4203047                    /usr/local/devtools/jdk1.8.0_171/jre/lib/amd64/libinstrument.so
7fd77bfff000-7fd77c000000 rw-p 00009000 08:02 4203047                    /usr/local/devtools/jdk1.8.0_171/jre/lib/amd64/libinstrument.so
7fd77c000000-7fd77c627000 rw-p 00000000 00:00 0 
7fd77c627000-7fd780000000 ---p 00000000 00:00 0 
7fd780001000-7fd780014000 r--s 000d6000 08:02 4202930                    /usr/local/devtools/jdk1.8.0_171/jre/lib/plugin.jar
7fd780014000-7fd780015000 ---p 00000000 00:00 0 
7fd780015000-7fd780115000 rw-p 00000000 00:00 0 
7fd780115000-7fd780140000 r-xp 00000000 08:02 4203032                    /usr/local/devtools/jdk1.8.0_171/jre/lib/amd64/libjava.so
7fd780140000-7fd78033f000 ---p 0002b000 08:02 4203032                    /usr/local/devtools/jdk1.8.0_171/jre/lib/amd64/libjava.so
7fd78033f000-7fd780341000 rw-p 0002a000 08:02 4203032                    /usr/local/devtools/jdk1.8.0_171/jre/lib/amd64/libjava.so
7fd780341000-7fd78034e000 r-xp 00000000 08:02 4203037                    /usr/local/devtools/jdk1.8.0_171/jre/lib/amd64/libverify.so
7fd78034e000-7fd78054e000 ---p 0000d000 08:02 4203037                    /usr/local/devtools/jdk1.8.0_171/jre/lib/amd64/libverify.so
7fd78054e000-7fd780550000 rw-p 0000d000 08:02 4203037                    /usr/local/devtools/jdk1.8.0_171/jre/lib/amd64/libverify.so
7fd780550000-7fd780557000 r-xp 00000000 08:02 267035                     /lib/x86_64-linux-gnu/librt-2.27.so
7fd780557000-7fd780756000 ---p 00007000 08:02 267035                     /lib/x86_64-linux-gnu/librt-2.27.so
7fd780756000-7fd780757000 r--p 00006000 08:02 267035                     /lib/x86_64-linux-gnu/librt-2.27.so
7fd780757000-7fd780758000 rw-p 00007000 08:02 267035                     /lib/x86_64-linux-gnu/librt-2.27.so
7fd780758000-7fd7808f5000 r-xp 00000000 08:02 266957                     /lib/x86_64-linux-gnu/libm-2.27.so
7fd7808f5000-7fd780af4000 ---p 0019d000 08:02 266957                     /lib/x86_64-linux-gnu/libm-2.27.so
7fd780af4000-7fd780af5000 r--p 0019c000 08:02 266957                     /lib/x86_64-linux-gnu/libm-2.27.so
7fd780af5000-7fd780af6000 rw-p 0019d000 08:02 266957                     /lib/x86_64-linux-gnu/libm-2.27.so
7fd780af6000-7fd7817cf000 r-xp 00000000 08:02 4333723                    /usr/local/devtools/jdk1.8.0_171/jre/lib/amd64/server/libjvm.so
7fd7817cf000-7fd7819ce000 ---p 00cd9000 08:02 4333723                    /usr/local/devtools/jdk1.8.0_171/jre/lib/amd64/server/libjvm.so
7fd7819ce000-7fd781aa8000 rw-p 00cd8000 08:02 4333723                    /usr/local/devtools/jdk1.8.0_171/jre/lib/amd64/server/libjvm.so
7fd781aa8000-7fd781af3000 rw-p 00000000 00:00 0 
7fd781af3000-7fd781cda000 r-xp 00000000 08:02 266894                     /lib/x86_64-linux-gnu/libc-2.27.so
7fd781cda000-7fd781eda000 ---p 001e7000 08:02 266894                     /lib/x86_64-linux-gnu/libc-2.27.so
7fd781eda000-7fd781ede000 r--p 001e7000 08:02 266894                     /lib/x86_64-linux-gnu/libc-2.27.so
7fd781ede000-7fd781ee0000 rw-p 001eb000 08:02 266894                     /lib/x86_64-linux-gnu/libc-2.27.so
7fd781ee0000-7fd781ee4000 rw-p 00000000 00:00 0 
7fd781ee4000-7fd781ee7000 r-xp 00000000 08:02 266917                     /lib/x86_64-linux-gnu/libdl-2.27.so
7fd781ee7000-7fd7820e6000 ---p 00003000 08:02 266917                     /lib/x86_64-linux-gnu/libdl-2.27.so
7fd7820e6000-7fd7820e7000 r--p 00002000 08:02 266917                     /lib/x86_64-linux-gnu/libdl-2.27.so
7fd7820e7000-7fd7820e8000 rw-p 00003000 08:02 266917                     /lib/x86_64-linux-gnu/libdl-2.27.so
7fd7820e8000-7fd7820fe000 r-xp 00000000 08:02 4202819                    /usr/local/devtools/jdk1.8.0_171/lib/amd64/jli/libjli.so
7fd7820fe000-7fd7822fd000 ---p 00016000 08:02 4202819                    /usr/local/devtools/jdk1.8.0_171/lib/amd64/jli/libjli.so
7fd7822fd000-7fd7822fe000 rw-p 00015000 08:02 4202819                    /usr/local/devtools/jdk1.8.0_171/lib/amd64/jli/libjli.so
7fd7822fe000-7fd782318000 r-xp 00000000 08:02 267027                     /lib/x86_64-linux-gnu/libpthread-2.27.so
7fd782318000-7fd782517000 ---p 0001a000 08:02 267027                     /lib/x86_64-linux-gnu/libpthread-2.27.so
7fd782517000-7fd782518000 r--p 00019000 08:02 267027                     /lib/x86_64-linux-gnu/libpthread-2.27.so
7fd782518000-7fd782519000 rw-p 0001a000 08:02 267027                     /lib/x86_64-linux-gnu/libpthread-2.27.so
7fd782519000-7fd78251d000 rw-p 00000000 00:00 0 
7fd78251d000-7fd782544000 r-xp 00000000 08:02 266866                     /lib/x86_64-linux-gnu/ld-2.27.so
7fd782545000-7fd78254c000 r--s 00000000 08:02 4196843                    /usr/lib/x86_64-linux-gnu/gconv/gconv-modules.cache
7fd78254c000-7fd782551000 r--s 002f9000 08:02 4202980                    /usr/local/devtools/jdk1.8.0_171/jre/lib/charsets.jar
7fd782551000-7fd782553000 r--s 0001a000 08:02 3950520                    /usr/local/devtools/idea/lib/idea_rt.jar
7fd782553000-7fd782554000 r--s 00000000 08:02 4202912                    /usr/local/devtools/jdk1.8.0_171/jre/lib/management-agent.jar
7fd782554000-7fd782559000 r--s 0009d000 08:02 4202987                    /usr/local/devtools/jdk1.8.0_171/jre/lib/jsse.jar
7fd782559000-7fd78255e000 r--s 00084000 08:02 4202905                    /usr/local/devtools/jdk1.8.0_171/jre/lib/jfr.jar
7fd78255e000-7fd782561000 r--s 0001a000 08:02 4203058                    /usr/local/devtools/jdk1.8.0_171/jre/lib/jce.jar
7fd782561000-7fd78257c000 r--s 0020c000 08:02 4202906                    /usr/local/devtools/jdk1.8.0_171/jre/lib/deploy.jar
7fd78257c000-7fd782625000 rw-p 00000000 00:00 0 
7fd782625000-7fd782626000 ---p 00000000 00:00 0 
7fd782626000-7fd782629000 ---p 00000000 00:00 0 
7fd782629000-7fd78272a000 rw-p 00000000 00:00 0 
7fd78272a000-7fd78272c000 r--s 00007000 08:02 4203060                    /usr/local/devtools/jdk1.8.0_171/jre/lib/jfxswt.jar
7fd78272c000-7fd782735000 r--s 0006d000 08:02 4202915                    /usr/local/devtools/jdk1.8.0_171/jre/lib/javaws.jar
7fd782735000-7fd78273a000 r--s 002f9000 08:02 4202980                    /usr/local/devtools/jdk1.8.0_171/jre/lib/charsets.jar
7fd78273a000-7fd782742000 rw-s 00000000 08:02 4859243                    /tmp/hsperfdata_gufei/8025
7fd782742000-7fd782743000 rw-p 00000000 00:00 0 
7fd782743000-7fd782744000 r--p 00000000 00:00 0 
7fd782744000-7fd782745000 r--p 00027000 08:02 266866                     /lib/x86_64-linux-gnu/ld-2.27.so
7fd782745000-7fd782746000 rw-p 00028000 08:02 266866                     /lib/x86_64-linux-gnu/ld-2.27.so
7fd782746000-7fd782747000 rw-p 00000000 00:00 0 
7ffe3ed9a000-7ffe3edbc000 rw-p 00000000 00:00 0                          [stack]
7ffe3edf8000-7ffe3edfb000 r--p 00000000 00:00 0                          [vvar]
7ffe3edfb000-7ffe3edfd000 r-xp 00000000 00:00 0                          [vdso]
ffffffffff600000-ffffffffff601000 r-xp 00000000 00:00 0                  [vsyscall]

VM Arguments:
jvm_args: -javaagent:/usr/local/devtools/idea/lib/idea_rt.jar=40765:/usr/local/devtools/idea/bin -Dfile.encoding=UTF-8 
java_command: com.deploytools.gui.DeployFrame
java_class_path (initial): /usr/local/devtools/jdk1.8.0_171/jre/lib/charsets.jar:/usr/local/devtools/jdk1.8.0_171/jre/lib/deploy.jar:/usr/local/devtools/jdk1.8.0_171/jre/lib/ext/cldrdata.jar:/usr/local/devtools/jdk1.8.0_171/jre/lib/ext/dnsns.jar:/usr/local/devtools/jdk1.8.0_171/jre/lib/ext/jaccess.jar:/usr/local/devtools/jdk1.8.0_171/jre/lib/ext/jfxrt.jar:/usr/local/devtools/jdk1.8.0_171/jre/lib/ext/localedata.jar:/usr/local/devtools/jdk1.8.0_171/jre/lib/ext/nashorn.jar:/usr/local/devtools/jdk1.8.0_171/jre/lib/ext/sunec.jar:/usr/local/devtools/jdk1.8.0_171/jre/lib/ext/sunjce_provider.jar:/usr/local/devtools/jdk1.8.0_171/jre/lib/ext/sunpkcs11.jar:/usr/local/devtools/jdk1.8.0_171/jre/lib/ext/zipfs.jar:/usr/local/devtools/jdk1.8.0_171/jre/lib/javaws.jar:/usr/local/devtools/jdk1.8.0_171/jre/lib/jce.jar:/usr/local/devtools/jdk1.8.0_171/jre/lib/jfr.jar:/usr/local/devtools/jdk1.8.0_171/jre/lib/jfxswt.jar:/usr/local/devtools/jdk1.8.0_171/jre/lib/jsse.jar:/usr/local/devtools/jdk1.8.0_171/jre/lib/management-agent.jar:/usr/local/devtools/jdk1.8.0_171/jre/lib/plugin.jar:/usr/local/devtools/jdk1.8.0_171/jre/lib/resources.jar:/usr/local/devtools/jdk1.8.0_171/jre/lib/rt.jar:/media/gufei/gufei/java/MavenDeploy/java/out/production/java:/usr/local/devtools/idea/lib/idea_rt.jar
Launcher Type: SUN_STANDARD

Environment Variables:
JAVA_HOME=/usr/local/devtools/jdk1.8.0_171
JRE_HOME=/usr/local/devtools/jdk1.8.0_171/jre
CLASSPATH=/usr/local/devtools/idea/lib/bootstrap.jar:/usr/local/devtools/idea/lib/extensions.jar:/usr/local/devtools/idea/lib/util.jar:/usr/local/devtools/idea/lib/jdom.jar:/usr/local/devtools/idea/lib/log4j.jar:/usr/local/devtools/idea/lib/trove4j.jar:/usr/local/devtools/idea/lib/jna.jar:/usr/local/devtools/idea/jre64/lib/tools.jar
PATH=/home/gufei/.local/bin:/usr/local/sbin:/usr/local/bin:/usr/sbin:/usr/bin:/sbin:/bin:/usr/games:/usr/local/games:/media/gufei/gufei/android/android-sdk-linux/platform-tools:/media/gufei/gufei/android/android-sdk-linux/tools:/home/gufei/.gradle/wrapper/dists/gradle-4.4-all/9br9xq1tocpiv8o6njlyu5op1/gradle-4.4/bin:/usr/local/devtools/go/bin:/snap/bin:/usr/local/devtools/jdk1.8.0_171/bin:/usr/local/devtools/android-sdk_r24.4.1-linux/android-sdk-linux/platform-tools:/usr/local/devtools/android-sdk_r24.4.1-linux/android-sdk-linux/tools:/home/gufei/.gradle/wrapper/dists/gradle-4.4-all/9br9xq1tocpiv8o6njlyu5op1/gradle-4.4/bin:/usr/local/devtools/go/bin
USERNAME=gufei
SHELL=/bin/bash
DISPLAY=:0

Signal Handlers:
SIGSEGV: [libjvm.so+0xad0890], sa_mask[0]=11111111011111111101111111111110, sa_flags=SA_RESTART|SA_SIGINFO
SIGBUS: [libjvm.so+0xad0890], sa_mask[0]=11111111011111111101111111111110, sa_flags=SA_RESTART|SA_SIGINFO
SIGFPE: [libjvm.so+0x928640], sa_mask[0]=11111111011111111101111111111110, sa_flags=SA_RESTART|SA_SIGINFO
SIGPIPE: [libjvm.so+0x928640], sa_mask[0]=11111111011111111101111111111110, sa_flags=SA_RESTART|SA_SIGINFO
SIGXFSZ: [libjvm.so+0x928640], sa_mask[0]=11111111011111111101111111111110, sa_flags=SA_RESTART|SA_SIGINFO
SIGILL: [libjvm.so+0x928640], sa_mask[0]=11111111011111111101111111111110, sa_flags=SA_RESTART|SA_SIGINFO
SIGUSR1: SIG_DFL, sa_mask[0]=00000000000000000000000000000000, sa_flags=none
SIGUSR2: [libjvm.so+0x929ea0], sa_mask[0]=00100000000000000000000000000000, sa_flags=SA_RESTART|SA_SIGINFO
SIGHUP: [libjvm.so+0x92b2a0], sa_mask[0]=11111111011111111101111111111110, sa_flags=SA_RESTART|SA_SIGINFO
SIGINT: [libjvm.so+0x92b2a0], sa_mask[0]=11111111011111111101111111111110, sa_flags=SA_RESTART|SA_SIGINFO
SIGTERM: [libjvm.so+0x92b2a0], sa_mask[0]=11111111011111111101111111111110, sa_flags=SA_RESTART|SA_SIGINFO
SIGQUIT: [libjvm.so+0x92b2a0], sa_mask[0]=11111111011111111101111111111110, sa_flags=SA_RESTART|SA_SIGINFO


---------------  S Y S T E M  ---------------

OS:DISTRIB_ID=Ubuntu
DISTRIB_RELEASE=18.04
DISTRIB_CODENAME=bionic
DISTRIB_DESCRIPTION="Ubuntu 18.04.1 LTS"

uname:Linux 4.15.0-39-generic #42-Ubuntu SMP Tue Oct 23 15:48:01 UTC 2018 x86_64
libc:glibc 2.27 NPTL 2.27 
rlimit: STACK 8192k, CORE 0k, NPROC 62906, NOFILE 4096, AS infinity
load average:1.32 1.08 1.02

/proc/meminfo:
MemTotal:       16305284 kB
MemFree:         2659500 kB
MemAvailable:    4713808 kB
Buffers:          375744 kB
Cached:          2393844 kB
SwapCached:         1348 kB
Active:         10951548 kB
Inactive:        2109388 kB
Active(anon):    9696384 kB
Inactive(anon):  1205036 kB
Active(file):    1255164 kB
Inactive(file):   904352 kB
Unevictable:         116 kB
Mlocked:              32 kB
SwapTotal:       2097148 kB
SwapFree:        2085116 kB
Dirty:                56 kB
Writeback:          1176 kB
AnonPages:      10222308 kB
Mapped:           833760 kB
Shmem:            609824 kB
Slab:             375680 kB
SReclaimable:     232920 kB
SUnreclaim:       142760 kB
KernelStack:       14624 kB
PageTables:        84172 kB
NFS_Unstable:          0 kB
Bounce:                0 kB
WritebackTmp:          0 kB
CommitLimit:    10249788 kB
Committed_AS:   20891104 kB
VmallocTotal:   34359738367 kB
VmallocUsed:           0 kB
VmallocChunk:          0 kB
HardwareCorrupted:     0 kB
AnonHugePages:         0 kB
ShmemHugePages:        0 kB
ShmemPmdMapped:        0 kB
CmaTotal:              0 kB
CmaFree:               0 kB
HugePages_Total:       0
HugePages_Free:        0
HugePages_Rsvd:        0
HugePages_Surp:        0
Hugepagesize:       2048 kB
DirectMap4k:      416092 kB
DirectMap2M:    15192064 kB
DirectMap1G:     1048576 kB


CPU:total 4 (initial active 4) (4 cores per cpu, 1 threads per core) family 6 model 158 stepping 9, cmov, cx8, fxsr, mmx, sse, sse2, sse3, ssse3, sse4.1, sse4.2, popcnt, avx, avx2, aes, clmul, erms, rtm, 3dnowpref, lzcnt, tsc, tscinvbit, bmi1, bmi2, adx

/proc/cpuinfo:
processor	: 0
vendor_id	: GenuineIntel
cpu family	: 6
model		: 158
model name	: Intel(R) Core(TM) i5-7500 CPU @ 3.40GHz
stepping	: 9
microcode	: 0x8e
cpu MHz		: 1095.804
cache size	: 6144 KB
physical id	: 0
siblings	: 4
core id		: 0
cpu cores	: 4
apicid		: 0
initial apicid	: 0
fpu		: yes
fpu_exception	: yes
cpuid level	: 22
wp		: yes
flags		: fpu vme de pse tsc msr pae mce cx8 apic sep mtrr pge mca cmov pat pse36 clflush dts acpi mmx fxsr sse sse2 ss ht tm pbe syscall nx pdpe1gb rdtscp lm constant_tsc art arch_perfmon pebs bts rep_good nopl xtopology nonstop_tsc cpuid aperfmperf tsc_known_freq pni pclmulqdq dtes64 monitor ds_cpl vmx smx est tm2 ssse3 sdbg fma cx16 xtpr pdcm pcid sse4_1 sse4_2 x2apic movbe popcnt tsc_deadline_timer aes xsave avx f16c rdrand lahf_lm abm 3dnowprefetch cpuid_fault invpcid_single pti ssbd ibrs ibpb stibp tpr_shadow vnmi flexpriority ept vpid fsgsbase tsc_adjust bmi1 hle avx2 smep bmi2 erms invpcid rtm mpx rdseed adx smap clflushopt intel_pt xsaveopt xsavec xgetbv1 xsaves dtherm ida arat pln pts hwp hwp_notify hwp_act_window hwp_epp flush_l1d
bugs		: cpu_meltdown spectre_v1 spectre_v2 spec_store_bypass l1tf
bogomips	: 6816.00
clflush size	: 64
cache_alignment	: 64
address sizes	: 39 bits physical, 48 bits virtual
power management:

processor	: 1
vendor_id	: GenuineIntel
cpu family	: 6
model		: 158
model name	: Intel(R) Core(TM) i5-7500 CPU @ 3.40GHz
stepping	: 9
microcode	: 0x8e
cpu MHz		: 1070.771
cache size	: 6144 KB
physical id	: 0
siblings	: 4
core id		: 1
cpu cores	: 4
apicid		: 2
initial apicid	: 2
fpu		: yes
fpu_exception	: yes
cpuid level	: 22
wp		: yes
flags		: fpu vme de pse tsc msr pae mce cx8 apic sep mtrr pge mca cmov pat pse36 clflush dts acpi mmx fxsr sse sse2 ss ht tm pbe syscall nx pdpe1gb rdtscp lm constant_tsc art arch_perfmon pebs bts rep_good nopl xtopology nonstop_tsc cpuid aperfmperf tsc_known_freq pni pclmulqdq dtes64 monitor ds_cpl vmx smx est tm2 ssse3 sdbg fma cx16 xtpr pdcm pcid sse4_1 sse4_2 x2apic movbe popcnt tsc_deadline_timer aes xsave avx f16c rdrand lahf_lm abm 3dnowprefetch cpuid_fault invpcid_single pti ssbd ibrs ibpb stibp tpr_shadow vnmi flexpriority ept vpid fsgsbase tsc_adjust bmi1 hle avx2 smep bmi2 erms invpcid rtm mpx rdseed adx smap clflushopt intel_pt xsaveopt xsavec xgetbv1 xsaves dtherm ida arat pln pts hwp hwp_notify hwp_act_window hwp_epp flush_l1d
bugs		: cpu_meltdown spectre_v1 spectre_v2 spec_store_bypass l1tf
bogomips	: 6816.00
clflush size	: 64
cache_alignment	: 64
address sizes	: 39 bits physical, 48 bits virtual
power management:

processor	: 2
vendor_id	: GenuineIntel
cpu family	: 6
model		: 158
model name	: Intel(R) Core(TM) i5-7500 CPU @ 3.40GHz
stepping	: 9
microcode	: 0x8e
cpu MHz		: 1088.903
cache size	: 6144 KB
physical id	: 0
siblings	: 4
core id		: 2
cpu cores	: 4
apicid		: 4
initial apicid	: 4
fpu		: yes
fpu_exception	: yes
cpuid level	: 22
wp		: yes
flags		: fpu vme de pse tsc msr pae mce cx8 apic sep mtrr pge mca cmov pat pse36 clflush dts acpi mmx fxsr sse sse2 ss ht tm pbe syscall nx pdpe1gb rdtscp lm constant_tsc art arch_perfmon pebs bts rep_good nopl xtopology nonstop_tsc cpuid aperfmperf tsc_known_freq pni pclmulqdq dtes64 monitor ds_cpl vmx smx est tm2 ssse3 sdbg fma cx16 xtpr pdcm pcid sse4_1 sse4_2 x2apic movbe popcnt tsc_deadline_timer aes xsave avx f16c rdrand lahf_lm abm 3dnowprefetch cpuid_fault invpcid_single pti ssbd ibrs ibpb stibp tpr_shadow vnmi flexpriority ept vpid fsgsbase tsc_adjust bmi1 hle avx2 smep bmi2 erms invpcid rtm mpx rdseed adx smap clflushopt intel_pt xsaveopt xsavec xgetbv1 xsaves dtherm ida arat pln pts hwp hwp_notify hwp_act_window hwp_epp flush_l1d
bugs		: cpu_meltdown spectre_v1 spectre_v2 spec_store_bypass l1tf
bogomips	: 6816.00
clflush size	: 64
cache_alignment	: 64
address sizes	: 39 bits physical, 48 bits virtual
power management:

processor	: 3
vendor_id	: GenuineIntel
cpu family	: 6
model		: 158
model name	: Intel(R) Core(TM) i5-7500 CPU @ 3.40GHz
stepping	: 9
microcode	: 0x8e
cpu MHz		: 1094.161
cache size	: 6144 KB
physical id	: 0
siblings	: 4
core id		: 3
cpu cores	: 4
apicid		: 6
initial apicid	: 6
fpu		: yes
fpu_exception	: yes
cpuid level	: 22
wp		: yes
flags		: fpu vme de pse tsc msr pae mce cx8 apic sep mtrr pge mca cmov pat pse36 clflush dts acpi mmx fxsr sse sse2 ss ht tm pbe syscall nx pdpe1gb rdtscp lm constant_tsc art arch_perfmon pebs bts rep_good nopl xtopology nonstop_tsc cpuid aperfmperf tsc_known_freq pni pclmulqdq dtes64 monitor ds_cpl vmx smx est tm2 ssse3 sdbg fma cx16 xtpr pdcm pcid sse4_1 sse4_2 x2apic movbe popcnt tsc_deadline_timer aes xsave avx f16c rdrand lahf_lm abm 3dnowprefetch cpuid_fault invpcid_single pti ssbd ibrs ibpb stibp tpr_shadow vnmi flexpriority ept vpid fsgsbase tsc_adjust bmi1 hle avx2 smep bmi2 erms invpcid rtm mpx rdseed adx smap clflushopt intel_pt xsaveopt xsavec xgetbv1 xsaves dtherm ida arat pln pts hwp hwp_notify hwp_act_window hwp_epp flush_l1d
bugs		: cpu_meltdown spectre_v1 spectre_v2 spec_store_bypass l1tf
bogomips	: 6816.00
clflush size	: 64
cache_alignment	: 64
address sizes	: 39 bits physical, 48 bits virtual
power management:



Memory: 4k page, physical 16305284k(2711172k free), swap 2097148k(2085116k free)

vm_info: Java HotSpot(TM) 64-Bit Server VM (25.171-b11) for linux-amd64 JRE (1.8.0_171-b11), built on Mar 28 2018 17:07:08 by "java_re" with gcc 4.3.0 20080428 (Red Hat 4.3.0-8)

time: Mon Nov 26 18:33:18 2018
elapsed time: 5090 seconds (0d 1h 24m 50s)

